错误日期：2017年7月21日
错误号：2
错误描述：
错误的多功能数据关键字：最大需量10ib
错误日期：2017年7月21日
错误号：2
错误描述：
错误的误差数据关键字：Q-:A10_Imax:WcPjz
错误日期：2017年7月21日
错误号：2
错误描述：
错误的误差数据关键字：P-:H05L_05Ib:WcHzz
错误日期：2017年7月21日
错误号：2
错误描述：
错误的多功能数据关键字：最大需量imax
错误日期：2017年7月21日
错误号：2
错误描述：
错误的误差数据关键字：Q+:A10_10Ib:WcPjz
错误日期：2017年7月21日
错误号：2
错误描述：
错误的误差数据关键字：Q+:A10_Imax:WcPjz
错误日期：2017年7月21日
错误号：2
错误描述：
错误的误差数据关键字：Q-:A10_10Ib:WcPjz
错误日期：2017年7月21日
错误号：2
错误描述：
错误的误差数据关键字：P-:H05L_01Ib:WcHzz
错误日期：2017年7月21日
错误号：2
错误描述：
错误的误差数据关键字：P+:H05L_005Ib:WcHzz
错误日期：2017年7月21日
错误号：2
错误描述：
错误的误差数据关键字：P-:H05L_005Ib:WcHzz
错误日期：2017年7月21日
错误号：2
错误描述：
错误的误差数据关键字：P+:H05L_002Ib:WcHzz
错误日期：2017年7月21日
错误号：2
错误描述：
错误的误差数据关键字：Q+:H10_Imax:Wc1
错误日期：2017年7月21日
错误号：2
错误描述：
错误的误差数据关键字：Q-:H10_Imax:Wc1
错误日期：2017年7月21日
错误号：2
错误描述：
错误的误差数据关键字：Q+:A05L_Imax:WcPjz
错误日期：2017年7月21日
错误号：2
错误描述：
错误的误差数据关键字：Q-:A05L_Imax:WcPjz
错误日期：2017年7月21日
错误号：2
错误描述：
错误的误差数据关键字：P-:H05L_002Ib:WcHzz
错误日期：2017年7月21日
错误号：2
错误描述：
错误的误差数据关键字：P+:H05L_001Ib:WcHzz
错误日期：2017年7月21日
错误号：2
错误描述：
错误的误差数据关键字：Q+:A05L_10Ib:WcPjz
错误日期：2017年7月21日
错误号：2
错误描述：
错误的误差数据关键字：Q-:A05L_10Ib:WcPjz
错误日期：2017年7月21日
错误号：2
错误描述：
错误的误差数据关键字：P-:H05L_001Ib:WcHzz
错误日期：2017年7月21日
错误号：2
错误描述：
错误的误差数据关键字：P-:H08C_Imax:Wc0
错误日期：2017年7月21日
错误号：2
错误描述：
错误的误差数据关键字：Q+:A05C_Imax:WcPjz
错误日期：2017年7月21日
错误号：2
错误描述：
错误的误差数据关键字：Q-:A05C_Imax:WcPjz
错误日期：2017年7月21日
错误号：2
错误描述：
错误的误差数据关键字：P-:H08C_05Imax:Wc0
错误日期：2017年7月21日
错误号：2
错误描述：
错误的误差数据关键字：Q+:A05C_10Ib:WcPjz
错误日期：2017年7月21日
错误号：2
错误描述：
错误的误差数据关键字：Q-:A05C_10Ib:WcPjz
错误日期：2017年7月21日
错误号：2
错误描述：
错误的误差数据关键字：P-:H08C_10Ib:Wc0
错误日期：2017年7月21日
错误号：2
错误描述：
错误的误差数据关键字：P+:H08C_05Ib:WcHzz
错误日期：2017年7月21日
错误号：2
错误描述：
错误的误差数据关键字：P-:H08C_05Ib:Wc0
错误日期：2017年7月21日
错误号：2
错误描述：
错误的误差数据关键字：Q+:A10_Imax:WcHzz
错误日期：2017年7月21日
错误号：2
错误描述：
错误的误差数据关键字：Q-:A10_Imax:WcHzz
错误日期：2017年7月21日
错误号：2
错误描述：
错误的误差数据关键字：P-:H08C_01Ib:Wc0
错误日期：2017年7月21日
错误号：2
错误描述：
错误的误差数据关键字：Q+:A10_10Ib:WcHzz
错误日期：2017年7月21日
错误号：2
错误描述：
错误的误差数据关键字：Q-:A10_10Ib:WcHzz
错误日期：2017年7月21日
错误号：2
错误描述：
错误的误差数据关键字：P-:H08C_005Ib:Wc0
错误日期：2017年7月21日
错误号：2
错误描述：
错误的误差数据关键字：P-:H08C_002Ib:Wc0
错误日期：2017年7月21日
错误号：2
错误描述：
错误的误差数据关键字：P+:H08C_002Ib:WcHzz
错误日期：2017年7月21日
错误号：2
错误描述：
错误的误差数据关键字：Q+:A05L_Imax:WcHzz
错误日期：2017年7月21日
错误号：2
错误描述：
错误的误差数据关键字：Q-:A05L_Imax:WcHzz
错误日期：2017年7月21日
错误号：2
错误描述：
错误的误差数据关键字：P-:H08C_001Ib:Wc0
错误日期：2017年7月21日
错误号：2
错误描述：
错误的误差数据关键字：P+:H08C_001Ib:WcHzz
错误日期：2017年7月21日
错误号：2
错误描述：
错误的误差数据关键字：Q+:H10_05Imax:Wc1
错误日期：2017年7月21日
错误号：2
错误描述：
错误的误差数据关键字：Q-:H10_05Imax:Wc1
错误日期：2017年7月21日
错误号：2
错误描述：
错误的误差数据关键字：P-:H08C_Imax:Wc1
错误日期：2017年7月21日
错误号：2
错误描述：
错误的误差数据关键字：Q+:A05L_10Ib:WcHzz
错误日期：2017年7月21日
错误号：2
错误描述：
错误的误差数据关键字：Q-:A05L_10Ib:WcHzz
错误日期：2017年7月21日
错误号：2
错误描述：
错误的误差数据关键字：P-:H08C_05Imax:Wc1
错误日期：2017年7月21日
错误号：2
错误描述：
错误的误差数据关键字：P-:H08C_10Ib:Wc1
错误日期：2017年7月21日
错误号：2
错误描述：
错误的误差数据关键字：Q+:A05C_Imax:WcHzz
错误日期：2017年7月21日
错误号：2
错误描述：
错误的误差数据关键字：Q-:A05C_Imax:WcHzz
错误日期：2017年7月21日
错误号：2
错误描述：
错误的误差数据关键字：P-:H08C_05Ib:Wc1
错误日期：2017年7月21日
错误号：2
错误描述：
错误的误差数据关键字：Q+:A05C_10Ib:WcHzz
错误日期：2017年7月21日
错误号：2
错误描述：
错误的误差数据关键字：Q-:A05C_10Ib:WcHzz
错误日期：2017年7月21日
错误号：2
错误描述：
错误的误差数据关键字：P+:H08C_05Ib:WcPjz
错误日期：2017年7月21日
错误号：2
错误描述：
错误的误差数据关键字：P-:H08C_01Ib:Wc1
错误日期：2017年7月21日
错误号：2
错误描述：
错误的误差数据关键字：P-:H08C_005Ib:Wc1
错误日期：2017年7月21日
错误号：2
错误描述：
错误的误差数据关键字：Q+:B10_Imax:Wc0
错误日期：2017年7月21日
错误号：2
错误描述：
错误的误差数据关键字：Q-:B10_Imax:Wc0
错误日期：2017年7月21日
错误号：2
错误描述：
错误的误差数据关键字：P-:H08C_002Ib:Wc1
错误日期：2017年7月21日
错误号：2
错误描述：
错误的误差数据关键字：Q+:B10_10Ib:Wc0
错误日期：2017年7月21日
错误号：2
错误描述：
错误的误差数据关键字：Q-:B10_10Ib:Wc0
错误日期：2017年7月21日
错误号：2
错误描述：
错误的误差数据关键字：P-:H08C_001Ib:Wc1
错误日期：2017年7月21日
错误号：2
错误描述：
错误的误差数据关键字：P-:H08C_Imax:WcPjz
错误日期：2017年7月21日
错误号：2
错误描述：
错误的误差数据关键字：Q+:B05L_Imax:Wc0
错误日期：2017年7月21日
错误号：2
错误描述：
错误的误差数据关键字：Q-:B05L_Imax:Wc0
错误日期：2017年7月21日
错误号：2
错误描述：
错误的误差数据关键字：P-:H08C_05Imax:WcPjz
错误日期：2017年7月21日
错误号：2
错误描述：
错误的误差数据关键字：Q+:B05L_10Ib:Wc0
错误日期：2017年7月21日
错误号：2
错误描述：
错误的误差数据关键字：Q-:B05L_10Ib:Wc0
错误日期：2017年7月21日
错误号：2
错误描述：
错误的误差数据关键字：P+:H08C_002Ib:WcPjz
错误日期：2017年7月21日
错误号：2
错误描述：
错误的多功能数据关键字：时段1标准
错误日期：2017年7月21日
错误号：2
错误描述：
错误的误差数据关键字：Q-:H10_10Ib:Wc1
错误日期：2017年7月21日
错误号：2
错误描述：
错误的误差数据关键字：P-:H08C_10Ib:WcPjz
错误日期：2017年7月21日
错误号：2
错误描述：
错误的误差数据关键字：P+:H08C_001Ib:WcPjz
错误日期：2017年7月21日
错误号：2
错误描述：
错误的误差数据关键字：P-:H08C_05Ib:WcPjz
错误日期：2017年7月21日
错误号：2
错误描述：
错误的误差数据关键字：Q+:B05C_Imax:Wc0
错误日期：2017年7月21日
错误号：2
错误描述：
错误的误差数据关键字：Q-:B05C_Imax:Wc0
错误日期：2017年7月21日
错误号：2
错误描述：
错误的误差数据关键字：P-:H08C_01Ib:WcPjz
错误日期：2017年7月21日
错误号：2
错误描述：
错误的误差数据关键字：Q+:B05C_10Ib:Wc0
错误日期：2017年7月21日
错误号：2
错误描述：
错误的误差数据关键字：Q-:B05C_10Ib:Wc0
错误日期：2017年7月21日
错误号：2
错误描述：
错误的误差数据关键字：P-:H08C_005Ib:WcPjz
错误日期：2017年7月21日
错误号：2
错误描述：
错误的误差数据关键字：P-:H08C_002Ib:WcPjz
错误日期：2017年7月21日
错误号：2
错误描述：
错误的误差数据关键字：Q+:B10_Imax:Wc1
错误日期：2017年7月21日
错误号：2
错误描述：
错误的误差数据关键字：Q-:B10_Imax:Wc1
错误日期：2017年7月21日
错误号：2
错误描述：
错误的误差数据关键字：P+:H08C_05Ib:Wc1
错误日期：2017年7月21日
错误号：2
错误描述：
错误的误差数据关键字：P-:H08C_001Ib:WcPjz
错误日期：2017年7月21日
错误号：2
错误描述：
错误的误差数据关键字：Q+:B10_10Ib:Wc1
错误日期：2017年7月21日
错误号：2
错误描述：
错误的误差数据关键字：Q-:B10_10Ib:Wc1
错误日期：2017年7月21日
错误号：2
错误描述：
错误的误差数据关键字：P-:H08C_Imax:WcHzz
错误日期：2017年7月21日
错误号：2
错误描述：
错误的误差数据关键字：P-:H08C_05Imax:WcHzz
错误日期：2017年7月21日
错误号：2
错误描述：
错误的误差数据关键字：Q+:B05L_Imax:Wc1
错误日期：2017年7月21日
错误号：2
错误描述：
错误的误差数据关键字：Q-:B05L_Imax:Wc1
错误日期：2017年7月21日
错误号：2
错误描述：
错误的误差数据关键字：P-:H08C_10Ib:WcHzz
错误日期：2017年7月21日
错误号：2
错误描述：
错误的误差数据关键字：Q+:B05L_10Ib:Wc1
错误日期：2017年7月21日
错误号：2
错误描述：
错误的误差数据关键字：Q-:B05L_10Ib:Wc1
错误日期：2017年7月21日
错误号：2
错误描述：
错误的误差数据关键字：P+:H08C_002Ib:Wc1
错误日期：2017年7月21日
错误号：2
错误描述：
错误的误差数据关键字：P-:H08C_05Ib:WcHzz
错误日期：2017年7月21日
错误号：2
错误描述：
错误的误差数据关键字：P+:H08C_001Ib:Wc1
错误日期：2017年7月21日
错误号：2
错误描述：
错误的误差数据关键字：Q+:H10_02Ib:Wc1
错误日期：2017年7月21日
错误号：2
错误描述：
错误的多功能数据关键字：时段1实际
错误日期：2017年7月21日
错误号：2
错误描述：
错误的误差数据关键字：Q-:H10_02Ib:Wc1
错误日期：2017年7月21日
错误号：2
错误描述：
错误的误差数据关键字：P-:H08C_01Ib:WcHzz
错误日期：2017年7月21日
错误号：2
错误描述：
错误的误差数据关键字：Q+:B05C_Imax:Wc1
错误日期：2017年7月21日
错误号：2
错误描述：
错误的误差数据关键字：Q-:B05C_Imax:Wc1
错误日期：2017年7月21日
错误号：2
错误描述：
错误的误差数据关键字：P-:H08C_005Ib:WcHzz
错误日期：2017年7月21日
错误号：2
错误描述：
错误的误差数据关键字：Q+:B05C_10Ib:Wc1
错误日期：2017年7月21日
错误号：2
错误描述：
错误的误差数据关键字：Q-:B05C_10Ib:Wc1
错误日期：2017年7月21日
错误号：2
错误描述：
错误的误差数据关键字：P-:H08C_002Ib:WcHzz
错误日期：2017年7月21日
错误号：2
错误描述：
错误的误差数据关键字：P-:H08C_001Ib:WcHzz
错误日期：2017年7月21日
错误号：2
错误描述：
错误的误差数据关键字：Q+:B10_Imax:WcPjz
错误日期：2017年7月21日
错误号：2
错误描述：
错误的误差数据关键字：Q-:B10_Imax:WcPjz
错误日期：2017年7月21日
错误号：2
错误描述：
错误的误差数据关键字：P+:H08C_05Ib:Wc0
错误日期：2017年7月21日
错误号：2
错误描述：
错误的误差数据关键字：P-:A10_Imax:Wc0
错误日期：2017年7月21日
错误号：2
错误描述：
错误的误差数据关键字：Q-:B10_10Ib:WcPjz
错误日期：2017年7月21日
错误号：2
错误描述：
错误的误差数据关键字：P-:A10_10Ib:Wc0
错误日期：2017年7月21日
错误号：2
错误描述：
错误的误差数据关键字：Q+:B10_10Ib:WcPjz
错误日期：2017年7月21日
错误号：2
错误描述：
错误的误差数据关键字：Q+:B05L_Imax:WcPjz
错误日期：2017年7月21日
错误号：2
错误描述：
错误的误差数据关键字：Q-:B05L_Imax:WcPjz
错误日期：2017年7月21日
错误号：2
错误描述：
错误的误差数据关键字：P-:A05L_Imax:Wc0
错误日期：2017年7月21日
错误号：2
错误描述：
错误的误差数据关键字：Q+:B05L_10Ib:WcPjz
错误日期：2017年7月21日
错误号：2
错误描述：
错误的误差数据关键字：Q-:B05L_10Ib:WcPjz
错误日期：2017年7月21日
错误号：2
错误描述：
错误的误差数据关键字：P+:H08C_002Ib:Wc0
错误日期：2017年7月21日
错误号：2
错误描述：
错误的误差数据关键字：P-:A05L_10Ib:Wc0
错误日期：2017年7月21日
错误号：2
错误描述：
错误的误差数据关键字：P+:H08C_001Ib:Wc0
错误日期：2017年7月21日
错误号：2
错误描述：
错误的误差数据关键字：P-:A05L_02Ib:Wc0
错误日期：2017年7月21日
错误号：2
错误描述：
错误的误差数据关键字：Q+:B05C_Imax:WcPjz
错误日期：2017年7月21日
错误号：2
错误描述：
错误的误差数据关键字：Q-:B05C_Imax:WcPjz
错误日期：2017年7月21日
错误号：2
错误描述：
错误的误差数据关键字：Q+:H10_01Ib:Wc1
错误日期：2017年7月21日
错误号：2
错误描述：
错误的多功能数据关键字：时段1误差
错误日期：2017年7月21日
错误号：2
错误描述：
错误的误差数据关键字：Q-:H10_01Ib:Wc1
错误日期：2017年7月21日
错误号：2
错误描述：
错误的误差数据关键字：Q+:B05C_10Ib:WcPjz
错误日期：2017年7月21日
错误号：2
错误描述：
错误的误差数据关键字：Q-:B05C_10Ib:WcPjz
错误日期：2017年7月21日
错误号：2
错误描述：
错误的误差数据关键字：P-:A10_10Ib:Wc12
错误日期：2017年7月21日
错误号：2
错误描述：
错误的误差数据关键字：P-:A10_Imax:Wc1
错误日期：2017年7月21日
错误号：2
错误描述：
错误的误差数据关键字：Q+:B10_Imax:WcHzz
错误日期：2017年7月21日
错误号：2
错误描述：
错误的误差数据关键字：Q-:B10_Imax:WcHzz
错误日期：2017年7月21日
错误号：2
错误描述：
错误的误差数据关键字：P-:A10_10Ib:Wc1
错误日期：2017年7月21日
错误号：2
错误描述：
错误的误差数据关键字：Q+:B10_10Ib:WcHzz
错误日期：2017年7月21日
错误号：2
错误描述：
错误的误差数据关键字：Q-:B10_10Ib:WcHzz
错误日期：2017年7月21日
错误号：2
错误描述：
错误的误差数据关键字：Q+:B05L_Imax:WcHzz
错误日期：2017年7月21日
错误号：2
错误描述：
错误的误差数据关键字：P-:A05L_Imax:Wc1
错误日期：2017年7月21日
错误号：2
错误描述：
错误的误差数据关键字：Q-:B05L_Imax:WcHzz
错误日期：2017年7月21日
错误号：2
错误描述：
错误的误差数据关键字：Q+:B05L_10Ib:WcHzz
错误日期：2017年7月21日
错误号：2
错误描述：
错误的误差数据关键字：P-:A05L_10Ib:Wc1
错误日期：2017年7月21日
错误号：2
错误描述：
错误的误差数据关键字：Q-:B05L_10Ib:WcHzz
错误日期：2017年7月21日
错误号：2
错误描述：
错误的误差数据关键字：P-:A05L_02Ib:Wc1
错误日期：2017年7月21日
错误号：2
错误描述：
错误的误差数据关键字：Q+:B05C_Imax:WcHzz
错误日期：2017年7月21日
错误号：2
错误描述：
错误的误差数据关键字：Q-:B05C_Imax:WcHzz
错误日期：2017年7月21日
错误号：2
错误描述：
错误的误差数据关键字：Q+:B05C_10Ib:WcHzz
错误日期：2017年7月21日
错误号：2
错误描述：
错误的误差数据关键字：P-:A10_Imax:WcPjz
错误日期：2017年7月21日
错误号：2
错误描述：
错误的误差数据关键字：Q-:B05C_10Ib:WcHzz
错误日期：2017年7月21日
错误号：2
错误描述：
错误的误差数据关键字：Q+:H10_005Ib:Wc1
错误日期：2017年7月21日
错误号：2
错误描述：
错误的多功能数据关键字：时段2标准
错误日期：2017年7月21日
错误号：2
错误描述：
错误的误差数据关键字：Q-:H10_005Ib:Wc1
错误日期：2017年7月21日
错误号：2
错误描述：
错误的误差数据关键字：P-:A10_10Ib:WcPjz
错误日期：2017年7月21日
错误号：2
错误描述：
错误的误差数据关键字：Q+:C10_Imax:Wc0
错误日期：2017年7月21日
错误号：2
错误描述：
错误的误差数据关键字：Q-:C10_Imax:Wc0
错误日期：2017年7月21日
错误号：2
错误描述：
错误的误差数据关键字：Q+:C10_10Ib:Wc0
错误日期：2017年7月21日
错误号：2
错误描述：
错误的误差数据关键字：P-:A05L_Imax:WcPjz
错误日期：2017年7月21日
错误号：2
错误描述：
错误的误差数据关键字：Q-:C10_10Ib:Wc0
错误日期：2017年7月21日
错误号：2
错误描述：
错误的误差数据关键字：P-:A05L_10Ib:WcPjz
错误日期：2017年7月21日
错误号：2
错误描述：
错误的误差数据关键字：Q+:A10_005Ib:Wc0
错误日期：2017年7月21日
错误号：2
错误描述：
错误的误差数据关键字：Q+:C05L_Imax:Wc0
错误日期：2017年7月21日
错误号：2
错误描述：
错误的误差数据关键字：P-:A05L_02Ib:WcPjz
错误日期：2017年7月21日
错误号：2
错误描述：
错误的误差数据关键字：Q-:C05L_Imax:Wc0
错误日期：2017年7月21日
错误号：2
错误描述：
错误的误差数据关键字：Q+:A10_005Ib:Wc1
错误日期：2017年7月21日
错误号：2
错误描述：
错误的误差数据关键字：Q+:C05L_10Ib:Wc0
错误日期：2017年7月21日
错误号：2
错误描述：
错误的误差数据关键字：Q-:C05L_10Ib:Wc0
错误日期：2017年7月21日
错误号：2
错误描述：
错误的误差数据关键字：Q+:A10_005Ib:WcPjz
错误日期：2017年7月21日
错误号：2
错误描述：
错误的误差数据关键字：P-:A10_Imax:WcHzz
错误日期：2017年7月21日
错误号：2
错误描述：
错误的误差数据关键字：Q+:A10_005Ib:WcHzz
错误日期：2017年7月21日
错误号：2
错误描述：
错误的误差数据关键字：Q+:C05C_Imax:Wc0
错误日期：2017年7月21日
错误号：2
错误描述：
错误的误差数据关键字：P-:A10_10Ib:WcHzz
错误日期：2017年7月21日
错误号：2
错误描述：
错误的误差数据关键字：Q-:C05C_Imax:Wc0
错误日期：2017年7月21日
错误号：2
错误描述：
错误的误差数据关键字：Q-:A10_005Ib:Wc0
错误日期：2017年7月21日
错误号：2
错误描述：
错误的误差数据关键字：Q+:B10_005Ib:Wc0
错误日期：2017年7月21日
错误号：2
错误描述：
错误的误差数据关键字：Q+:C05C_10Ib:Wc0
错误日期：2017年7月21日
错误号：2
错误描述：
错误的误差数据关键字：Q-:C05C_10Ib:Wc0
错误日期：2017年7月21日
错误号：2
错误描述：
错误的误差数据关键字：Q-:A10_005Ib:Wc1
错误日期：2017年7月21日
错误号：2
错误描述：
错误的误差数据关键字：Q+:B10_005Ib:Wc1
错误日期：2017年7月21日
错误号：2
错误描述：
错误的误差数据关键字：P-:A05L_Imax:WcHzz
错误日期：2017年7月21日
错误号：2
错误描述：
错误的误差数据关键字：Q+:H025L_10Ib:Wc1
错误日期：2017年7月21日
错误号：2
错误描述：
错误的多功能数据关键字：时段2实际
错误日期：2017年7月21日
错误号：2
错误描述：
错误的误差数据关键字：Q-:H05L_Imax:Wc0
错误日期：2017年7月21日
错误号：2
错误描述：
错误的误差数据关键字：Q-:A10_005Ib:WcPjz
错误日期：2017年7月21日
错误号：2
错误描述：
错误的误差数据关键字：Q+:C10_Imax:Wc1
错误日期：2017年7月21日
错误号：2
错误描述：
错误的误差数据关键字：P-:A05L_10Ib:WcHzz
错误日期：2017年7月21日
错误号：2
错误描述：
错误的误差数据关键字：Q-:C10_Imax:Wc1
错误日期：2017年7月21日
错误号：2
错误描述：
错误的误差数据关键字：Q-:A10_005Ib:WcHzz
错误日期：2017年7月21日
错误号：2
错误描述：
错误的误差数据关键字：Q+:B10_005Ib:WcHzz
错误日期：2017年7月21日
错误号：2
错误描述：
错误的误差数据关键字：Q+:C10_10Ib:Wc1
错误日期：2017年7月21日
错误号：2
错误描述：
错误的误差数据关键字：P-:A05L_02Ib:WcHzz
错误日期：2017年7月21日
错误号：2
错误描述：
错误的误差数据关键字：Q-:C10_10Ib:Wc1
错误日期：2017年7月21日
错误号：2
错误描述：
错误的误差数据关键字：Q-:B10_005Ib:Wc0
错误日期：2017年7月21日
错误号：2
错误描述：
错误的误差数据关键字：Q+:C10_005Ib:Wc0
错误日期：2017年7月21日
错误号：2
错误描述：
错误的误差数据关键字：Q-:B10_005Ib:Wc1
错误日期：2017年7月21日
错误号：2
错误描述：
错误的误差数据关键字：Q+:C10_005Ib:Wc1
错误日期：2017年7月21日
错误号：2
错误描述：
错误的误差数据关键字：Q+:C05L_Imax:Wc1
错误日期：2017年7月21日
错误号：2
错误描述：
错误的误差数据关键字：P-:B10_Imax:Wc0
错误日期：2017年7月21日
错误号：2
错误描述：
错误的误差数据关键字：Q-:B10_005Ib:WcPjz
错误日期：2017年7月21日
错误号：2
错误描述：
错误的误差数据关键字：Q+:C10_005Ib:WcPjz
错误日期：2017年7月21日
错误号：2
错误描述：
错误的误差数据关键字：Q+:C05L_10Ib:Wc1
错误日期：2017年7月21日
错误号：2
错误描述：
错误的误差数据关键字：P-:B10_10Ib:Wc0
错误日期：2017年7月21日
错误号：2
错误描述：
错误的误差数据关键字：Q-:C05L_10Ib:Wc1
错误日期：2017年7月21日
错误号：2
错误描述：
错误的误差数据关键字：Q-:B10_005Ib:WcHzz
错误日期：2017年7月21日
错误号：2
错误描述：
错误的误差数据关键字：Q+:C10_005Ib:WcHzz
错误日期：2017年7月21日
错误号：2
错误描述：
错误的误差数据关键字：Q-:C10_005Ib:Wc0
错误日期：2017年7月21日
错误号：2
错误描述：
错误的误差数据关键字：Q+:A05L_01Ib:Wc0
错误日期：2017年7月21日
错误号：2
错误描述：
错误的误差数据关键字：Q+:C05C_Imax:Wc1
错误日期：2017年7月21日
错误号：2
错误描述：
错误的误差数据关键字：P-:B05L_Imax:Wc0
错误日期：2017年7月21日
错误号：2
错误描述：
错误的误差数据关键字：Q-:C05C_Imax:Wc1
错误日期：2017年7月21日
错误号：2
错误描述：
错误的误差数据关键字：Q+:H05C_Imax:Wc0
错误日期：2017年7月21日
错误号：2
错误描述：
错误的误差数据关键字：Q-:C10_005Ib:Wc0
错误日期：2017年7月21日
错误号：2
错误描述：
错误的误差数据关键字：Q+:A05L_01Ib:Wc1
错误日期：2017年7月21日
错误号：2
错误描述：
错误的误差数据关键字：Q+:C05C_10Ib:Wc1
错误日期：2017年7月21日
错误号：2
错误描述：
错误的误差数据关键字：P-:B05L_10Ib:Wc0
错误日期：2017年7月21日
错误号：2
错误描述：
错误的误差数据关键字：Q-:C05C_10Ib:Wc1
错误日期：2017年7月21日
错误号：2
错误描述：
错误的误差数据关键字：Q+:H05C_05Imax:Wc0
错误日期：2017年7月21日
错误号：2
错误描述：
错误的误差数据关键字：Q-:C10_005Ib:WcPjz
错误日期：2017年7月21日
错误号：2
错误描述：
错误的误差数据关键字：Q+:A05L_01Ib:WcPjz
错误日期：2017年7月21日
错误号：2
错误描述：
错误的误差数据关键字：P-:B05L_02Ib:Wc0
错误日期：2017年7月21日
错误号：2
错误描述：
错误的误差数据关键字：Q+:H05C_10Ib:Wc0
错误日期：2017年7月21日
错误号：2
错误描述：
错误的误差数据关键字：Q-:C10_005Ib:WcHzz
错误日期：2017年7月21日
错误号：2
错误描述：
错误的误差数据关键字：Q+:A05L_01Ib:WcHzz
错误日期：2017年7月21日
错误号：2
错误描述：
错误的误差数据关键字：Q+:C10_Imax:WcPjz
错误日期：2017年7月21日
错误号：2
错误描述：
错误的误差数据关键字：Q-:C10_Imax:WcPjz
错误日期：2017年7月21日
错误号：2
错误描述：
错误的误差数据关键字：Q+:H05C_02Ib:Wc0
错误日期：2017年7月21日
错误号：2
错误描述：
错误的误差数据关键字：Q+:H025C_10Ib:Wc1
错误日期：2017年7月21日
错误号：2
错误描述：
错误的多功能数据关键字：时段2误差
错误日期：2017年7月21日
错误号：2
错误描述：
错误的误差数据关键字：Q-:H05L_05Imax:Wc0
错误日期：2017年7月21日
错误号：2
错误描述：
错误的误差数据关键字：Q+:B05L_01Ib:Wc0
错误日期：2017年7月21日
错误号：2
错误描述：
错误的误差数据关键字：Q+:C10_10Ib:WcPjz
错误日期：2017年7月21日
错误号：2
错误描述：
错误的误差数据关键字：P-:B10_Imax:Wc1
错误日期：2017年7月21日
错误号：2
错误描述：
错误的误差数据关键字：Q-:C10_10Ib:WcPjz
错误日期：2017年7月21日
错误号：2
错误描述：
错误的误差数据关键字：Q+:H05C_01Ib:Wc0
错误日期：2017年7月21日
错误号：2
错误描述：
错误的误差数据关键字：Q+:B05L_01Ib:Wc1
错误日期：2017年7月21日
错误号：2
错误描述：
错误的误差数据关键字：P-:B10_10Ib:Wc1
错误日期：2017年7月21日
错误号：2
错误描述：
错误的误差数据关键字：Q+:H05C_005Ib:Wc0
错误日期：2017年7月21日
错误号：2
错误描述：
错误的误差数据关键字：Q+:B05L_01Ib:WcPjz
错误日期：2017年7月21日
错误号：2
错误描述：
错误的误差数据关键字：Q+:C05L_Imax:WcPjz
错误日期：2017年7月21日
错误号：2
错误描述：
错误的误差数据关键字：Q-:C05L_Imax:WcPjz
错误日期：2017年7月21日
错误号：2
错误描述：
错误的误差数据关键字：Q+:H05C_Imax:Wc1
错误日期：2017年7月21日
错误号：2
错误描述：
错误的误差数据关键字：Q+:B05L_01Ib:WcHzz
错误日期：2017年7月21日
错误号：2
错误描述：
错误的误差数据关键字：P-:B05L_Imax:Wc1
错误日期：2017年7月21日
错误号：2
错误描述：
错误的误差数据关键字：Q+:C05L_10Ib:WcPjz
错误日期：2017年7月21日
错误号：2
错误描述：
错误的误差数据关键字：Q-:C05L_10Ib:WcPjz
错误日期：2017年7月21日
错误号：2
错误描述：
错误的误差数据关键字：Q+:H05C_05Imax:Wc1
错误日期：2017年7月21日
错误号：2
错误描述：
错误的误差数据关键字：P+:A10_005Ib:Wc0
错误日期：2017年7月21日
错误号：2
错误描述：
错误的误差数据关键字：Q+:C05L_01Ib:Wc0
错误日期：2017年7月21日
错误号：2
错误描述：
错误的误差数据关键字：P-:B05L_10Ib:Wc1
错误日期：2017年7月21日
错误号：2
错误描述：
错误的误差数据关键字：Q+:H05C_10Ib:Wc1
错误日期：2017年7月21日
错误号：2
错误描述：
错误的误差数据关键字：P+:A10_005Ib:Wc1
错误日期：2017年7月21日
错误号：2
错误描述：
错误的误差数据关键字：Q+:C05L_01Ib:Wc1
错误日期：2017年7月21日
错误号：2
错误描述：
错误的误差数据关键字：P-:B05L_02Ib:Wc1
错误日期：2017年7月21日
错误号：2
错误描述：
错误的误差数据关键字：Q+:C05C_Imax:WcPjz
错误日期：2017年7月21日
错误号：2
错误描述：
错误的误差数据关键字：Q-:C05C_Imax:WcPjz
错误日期：2017年7月21日
错误号：2
错误描述：
错误的误差数据关键字：Q+:H05C_02Ib:Wc1
错误日期：2017年7月21日
错误号：2
错误描述：
错误的误差数据关键字：P+:A10_005Ib:WcPjz
错误日期：2017年7月21日
错误号：2
错误描述：
错误的误差数据关键字：Q+:C05L_01Ib:WcPjz
错误日期：2017年7月21日
错误号：2
错误描述：
错误的误差数据关键字：Q+:C05C_10Ib:WcPjz
错误日期：2017年7月21日
错误号：2
错误描述：
错误的误差数据关键字：Q-:C05C_10Ib:WcPjz
错误日期：2017年7月21日
错误号：2
错误描述：
错误的误差数据关键字：Q+:H05C_01Ib:Wc1
错误日期：2017年7月21日
错误号：2
错误描述：
错误的误差数据关键字：P+:A10_005Ib:WcHzz
错误日期：2017年7月21日
错误号：2
错误描述：
错误的误差数据关键字：Q+:C05L_01Ib:WcHzz
错误日期：2017年7月21日
错误号：2
错误描述：
错误的误差数据关键字：P-:B10_Imax:WcPjz
错误日期：2017年7月21日
错误号：2
错误描述：
错误的误差数据关键字：Q+:H05C_005Ib:Wc1
错误日期：2017年7月21日
错误号：2
错误描述：
错误的误差数据关键字：P+:B10_005Ib:Wc0
错误日期：2017年7月21日
错误号：2
错误描述：
错误的误差数据关键字：Q+:A05C_01Ib:Wc0
错误日期：2017年7月21日
错误号：2
错误描述：
错误的误差数据关键字：P-:B10_10Ib:WcPjz
错误日期：2017年7月21日
错误号：2
错误描述：
错误的误差数据关键字：Q+:C10_Imax:WcHzz
错误日期：2017年7月21日
错误号：2
错误描述：
错误的误差数据关键字：Q-:C10_Imax:WcHzz
错误日期：2017年7月21日
错误号：2
错误描述：
错误的误差数据关键字：Q+:H05C_Imax:WcPjz
错误日期：2017年7月21日
错误号：2
错误描述：
错误的误差数据关键字：P+:B10_005Ib:Wc1
错误日期：2017年7月21日
错误号：2
错误描述：
错误的误差数据关键字：Q+:A05C_01Ib:Wc1
错误日期：2017年7月21日
错误号：2
错误描述：
错误的误差数据关键字：Q+:C10_10Ib:WcHzz
错误日期：2017年7月21日
错误号：2
错误描述：
错误的误差数据关键字：Q-:C10_10Ib:WcHzz
错误日期：2017年7月21日
错误号：2
错误描述：
错误的误差数据关键字：Q+:H05C_05Imax:WcPjz
错误日期：2017年7月21日
错误号：2
错误描述：
错误的误差数据关键字：Q+:H10_Imax:WcPjz
错误日期：2017年7月21日
错误号：2
错误描述：
错误的多功能数据关键字：时段3标准
错误日期：2017年7月21日
错误号：2
错误描述：
错误的误差数据关键字：Q-:H05L_10Ib:Wc0
错误日期：2017年7月21日
错误号：2
错误描述：
错误的误差数据关键字：P+:B10_005Ib:WcPjz
错误日期：2017年7月21日
错误号：2
错误描述：
错误的误差数据关键字：Q+:A05C_01Ib:WcPjz
错误日期：2017年7月21日
错误号：2
错误描述：
错误的误差数据关键字：P-:B05L_Imax:WcPjz
错误日期：2017年7月21日
错误号：2
错误描述：
错误的误差数据关键字：Q+:H05C_10Ib:WcPjz
错误日期：2017年7月21日
错误号：2
错误描述：
错误的误差数据关键字：P+:B10_005Ib:WcHzz
错误日期：2017年7月21日
错误号：2
错误描述：
错误的误差数据关键字：P+:H08C_005Ib:Wc0
错误日期：2017年7月21日
错误号：2
错误描述：
错误的误差数据关键字：Q+:A05C_01Ib:WcHzz
错误日期：2017年7月21日
错误号：2
错误描述：
错误的误差数据关键字：P-:B05L_10Ib:WcPjz
错误日期：2017年7月21日
错误号：2
错误描述：
错误的误差数据关键字：Q+:C05L_Imax:WcHzz
错误日期：2017年7月21日
错误号：2
错误描述：
错误的误差数据关键字：Q-:C05L_Imax:WcHzz
错误日期：2017年7月21日
错误号：2
错误描述：
错误的误差数据关键字：Q+:H05C_02Ib:WcPjz
错误日期：2017年7月21日
错误号：2
错误描述：
错误的误差数据关键字：P+:C10_005Ib:Wc0
错误日期：2017年7月21日
错误号：2
错误描述：
错误的误差数据关键字：P+:H08C_005Ib:Wc1
错误日期：2017年7月21日
错误号：2
错误描述：
错误的误差数据关键字：Q+:B05C_01Ib:Wc0
错误日期：2017年7月21日
错误号：2
错误描述：
错误的误差数据关键字：Q-:A05C_01Ib:Wc0
错误日期：2017年7月21日
错误号：2
错误描述：
错误的误差数据关键字：Q-:A05L_01Ib:Wc0
错误日期：2017年7月21日
错误号：2
错误描述：
错误的误差数据关键字：P-:B05L_02Ib:WcPjz
错误日期：2017年7月21日
错误号：2
错误描述：
错误的误差数据关键字：Q+:C05L_10Ib:WcHzz
错误日期：2017年7月21日
错误号：2
错误描述：
错误的误差数据关键字：Q-:C05L_10Ib:WcHzz
错误日期：2017年7月21日
错误号：2
错误描述：
错误的误差数据关键字：Q+:H05C_01Ib:WcPjz
错误日期：2017年7月21日
错误号：2
错误描述：
错误的误差数据关键字：P+:C10_005Ib:Wc1
错误日期：2017年7月21日
错误号：2
错误描述：
错误的误差数据关键字：P+:H08C_005Ib:WcPjz
错误日期：2017年7月21日
错误号：2
错误描述：
错误的误差数据关键字：Q+:B05C_01Ib:Wc1
错误日期：2017年7月21日
错误号：2
错误描述：
错误的误差数据关键字：Q-:A05C_01Ib:Wc1
错误日期：2017年7月21日
错误号：2
错误描述：
错误的误差数据关键字：Q-:A05L_01Ib:Wc1
错误日期：2017年7月21日
错误号：2
错误描述：
错误的误差数据关键字：Q+:H05C_005Ib:WcPjz
错误日期：2017年7月21日
错误号：2
错误描述：
错误的误差数据关键字：P+:C10_005Ib:WcPjz
错误日期：2017年7月21日
错误号：2
错误描述：
错误的基本信息关键字：meterchecktype
错误日期：2017年7月21日
错误号：2
错误描述：
错误的误差数据关键字：P+:H08C_005Ib:WcHzz
错误日期：2017年7月21日
错误号：2
错误描述：
错误的误差数据关键字：Q+:B05C_01Ib:WcPjz
错误日期：2017年7月21日
错误号：2
错误描述：
错误的误差数据关键字：Q-:A05C_01Ib:WcPjz
错误日期：2017年7月21日
错误号：2
错误描述：
错误的误差数据关键字：Q-:A05L_01Ib:WcPjz
错误日期：2017年7月21日
错误号：2
错误描述：
错误的误差数据关键字：P-:B10_Imax:WcHzz
错误日期：2017年7月21日
错误号：2
错误描述：
错误的误差数据关键字：Q+:C05C_Imax:WcHzz
错误日期：2017年7月21日
错误号：2
错误描述：
错误的误差数据关键字：Q-:C05C_Imax:WcHzz
错误日期：2017年7月21日
错误号：2
错误描述：
错误的误差数据关键字：Q+:H05C_Imax:WcHzz
错误日期：2017年7月21日
错误号：2
错误描述：
错误的误差数据关键字：P+:C10_005Ib:WcHzz
错误日期：2017年7月21日
错误号：2
错误描述：
错误的误差数据关键字：Q+:B05C_01Ib:WcHzz
错误日期：2017年7月21日
错误号：2
错误描述：
错误的误差数据关键字：Q-:A05C_01Ib:WcHzz
错误日期：2017年7月21日
错误号：2
错误描述：
错误的误差数据关键字：Q-:A05L_01Ib:WcHzz
错误日期：2017年7月21日
错误号：2
错误描述：
错误的基本信息关键字：meterlevelp
错误日期：2017年7月21日
错误号：2
错误描述：
错误的误差数据关键字：P-:B10_10Ib:WcHzz
错误日期：2017年7月21日
错误号：2
错误描述：
错误的误差数据关键字：Q+:C05C_10Ib:WcHzz
错误日期：2017年7月21日
错误号：2
错误描述：
错误的误差数据关键字：Q-:C05C_10Ib:WcHzz
错误日期：2017年7月21日
错误号：2
错误描述：
错误的误差数据关键字：Q+:H05C_05Imax:WcHzz
错误日期：2017年7月21日
错误号：2
错误描述：
错误的误差数据关键字：Q+:C05C_01Ib:Wc0
错误日期：2017年7月21日
错误号：2
错误描述：
错误的误差数据关键字：Q-:B05C_01Ib:Wc0
错误日期：2017年7月21日
错误号：2
错误描述：
错误的误差数据关键字：Q-:B05L_01Ib:Wc0
错误日期：2017年7月21日
错误号：2
错误描述：
错误的基本信息关键字：meterlevelq
错误日期：2017年7月21日
错误号：2
错误描述：
错误的误差数据关键字：Q+:H05C_10Ib:WcHzz
错误日期：2017年7月21日
错误号：2
错误描述：
错误的误差数据关键字：Q+:C05C_01Ib:Wc1
错误日期：2017年7月21日
错误号：2
错误描述：
错误的误差数据关键字：Q-:B05C_01Ib:Wc1
错误日期：2017年7月21日
错误号：2
错误描述：
错误的误差数据关键字：Q-:B05L_01Ib:Wc1
错误日期：2017年7月21日
错误号：2
错误描述：
错误的误差数据关键字：P-:B05L_Imax:WcHzz
错误日期：2017年7月21日
错误号：2
错误描述：
错误的误差数据关键字：Q-:C10_10Ib:Wc12
错误日期：2017年7月21日
错误号：2
错误描述：
错误的误差数据关键字：Q+:H05C_02Ib:WcHzz
错误日期：2017年7月21日
错误号：2
错误描述：
错误的误差数据关键字：Q+:C05C_01Ib:WcPjz
错误日期：2017年7月21日
错误号：2
错误描述：
错误的误差数据关键字：Q-:B05C_01Ib:WcPjz
错误日期：2017年7月21日
错误号：2
错误描述：
错误的误差数据关键字：Q-:B05L_01Ib:WcPjz
错误日期：2017年7月21日
错误号：2
错误描述：
错误的误差数据关键字：P-:B05L_10Ib:WcHzz
错误日期：2017年7月21日
错误号：2
错误描述：
错误的误差数据关键字：Q+:C10_10Ib:Wc12
错误日期：2017年7月21日
错误号：2
错误描述：
错误的误差数据关键字：Q-:B10_10Ib:Wc12
错误日期：2017年7月21日
错误号：2
错误描述：
错误的误差数据关键字：Q+:H05C_01Ib:WcHzz
错误日期：2017年7月21日
错误号：2
错误描述：
错误的误差数据关键字：Q+:C05C_01Ib:WcHzz
错误日期：2017年7月21日
错误号：2
错误描述：
错误的误差数据关键字：Q-:B05C_01Ib:WcHzz
错误日期：2017年7月21日
错误号：2
错误描述：
错误的误差数据关键字：Q-:B05L_01Ib:WcHzz
错误日期：2017年7月21日
错误号：2
错误描述：
错误的误差数据关键字：P-:B05L_02Ib:WcHzz
错误日期：2017年7月21日
错误号：2
错误描述：
错误的误差数据关键字：Q+:B10_10Ib:Wc12
错误日期：2017年7月21日
错误号：2
错误描述：
错误的误差数据关键字：Q+:A10_10Ib:Wc12
错误日期：2017年7月21日
错误号：2
错误描述：
错误的误差数据关键字：Q-:A10_10Ib:Wc12
错误日期：2017年7月21日
错误号：2
错误描述：
错误的误差数据关键字：Q+:H05C_005Ib:WcHzz
错误日期：2017年7月21日
错误号：2
错误描述：
错误的误差数据关键字：Q+:H10_05Imax:WcPjz
错误日期：2017年7月21日
错误号：2
错误描述：
错误的多功能数据关键字：时段3实际
错误日期：2017年7月21日
错误号：2
错误描述：
错误的误差数据关键字：Q-:H05L_02Ib:Wc0
错误日期：2017年7月21日
错误号：2
错误描述：
错误的误差数据关键字：Q-:C05C_01Ib:Wc0
错误日期：2017年7月21日
错误号：2
错误描述：
错误的误差数据关键字：Q-:C05L_01Ib:Wc0
错误日期：2017年7月21日
错误号：2
错误描述：
错误的误差数据关键字：Q+:A10_01Ib:Wc0
错误日期：2017年7月21日
错误号：2
错误描述：
错误的误差数据关键字：Q-:H05C_05Imax:Wc0
错误日期：2017年7月21日
错误号：2
错误描述：
错误的误差数据关键字：Q-:C05C_01Ib:Wc1
错误日期：2017年7月21日
错误号：2
错误描述：
错误的误差数据关键字：Q-:C05L_01Ib:Wc1
错误日期：2017年7月21日
错误号：2
错误描述：
错误的误差数据关键字：Q+:A10_01Ib:Wc1
错误日期：2017年7月21日
错误号：2
错误描述：
错误的误差数据关键字：P-:C10_Imax:Wc0
错误日期：2017年7月21日
错误号：2
错误描述：
错误的误差数据关键字：Q-:H05C_02Ib:Wc0
错误日期：2017年7月21日
错误号：2
错误描述：
错误的误差数据关键字：Q-:C05C_01Ib:WcPjz
错误日期：2017年7月21日
错误号：2
错误描述：
错误的误差数据关键字：Q-:C05L_01Ib:WcPjz
错误日期：2017年7月21日
错误号：2
错误描述：
错误的误差数据关键字：Q+:A10_01Ib:WcPjz
错误日期：2017年7月21日
错误号：2
错误描述：
错误的误差数据关键字：P-:C10_10Ib:Wc0
错误日期：2017年7月21日
错误号：2
错误描述：
错误的误差数据关键字：Q-:H05C_10Ib:Wc0
错误日期：2017年7月21日
错误号：2
错误描述：
错误的误差数据关键字：Q-:H05C_01Ib:Wc0
错误日期：2017年7月21日
错误号：2
错误描述：
错误的误差数据关键字：Q-:C05C_01Ib:WcHzz
错误日期：2017年7月21日
错误号：2
错误描述：
错误的误差数据关键字：Q-:C05L_01Ib:WcHzz
错误日期：2017年7月21日
错误号：2
错误描述：
错误的误差数据关键字：Q+:A10_01Ib:WcHzz
错误日期：2017年7月21日
错误号：2
错误描述：
错误的误差数据关键字：Q-:H05C_10Ib:Wc1
错误日期：2017年7月21日
错误号：2
错误描述：
错误的误差数据关键字：Q-:H05C_10Ib:WcHzz
错误日期：2017年7月21日
错误号：2
错误描述：
错误的误差数据关键字：Q-:C05L_Imax:Wc1
错误日期：2017年7月21日
错误号：2
错误描述：
错误的误差数据关键字：Q-:H05C_005Ib:Wc0
错误日期：2017年7月21日
错误号：2
错误描述：
错误的误差数据关键字：Q+:B10_01Ib:Wc0
错误日期：2017年7月21日
错误号：2
错误描述：
错误的误差数据关键字：Q-:A10_01Ib:Wc0
错误日期：2017年7月21日
错误号：2
错误描述：
错误的误差数据关键字：P-:C05L_Imax:Wc0
错误日期：2017年7月21日
错误号：2
错误描述：
错误的误差数据关键字：Q+:B10_01Ib:Wc1
错误日期：2017年7月21日
错误号：2
错误描述：
错误的误差数据关键字：Q-:A10_01Ib:Wc1
错误日期：2017年7月21日
错误号：2
错误描述：
错误的误差数据关键字：P-:C05L_10Ib:Wc0
错误日期：2017年7月21日
错误号：2
错误描述：
错误的误差数据关键字：Q+:B10_01Ib:WcPjz
错误日期：2017年7月21日
错误号：2
错误描述：
错误的误差数据关键字：Q-:A10_01Ib:WcPjz
错误日期：2017年7月21日
错误号：2
错误描述：
错误的误差数据关键字：P-:C05L_02Ib:Wc0
错误日期：2017年7月21日
错误号：2
错误描述：
错误的误差数据关键字：Q+:B10_01Ib:WcHzz
错误日期：2017年7月21日
错误号：2
错误描述：
错误的误差数据关键字：Q-:A10_01Ib:WcHzz
错误日期：2017年7月21日
错误号：2
错误描述：
错误的误差数据关键字：Q+:C10_01Ib:Wc0
错误日期：2017年7月21日
错误号：2
错误描述：
错误的误差数据关键字：Q-:B10_01Ib:Wc0
错误日期：2017年7月21日
错误号：2
错误描述：
错误的误差数据关键字：P-:C10_Imax:Wc1
错误日期：2017年7月21日
错误号：2
错误描述：
错误的误差数据关键字：P-:H10_02Ib:Wc0
错误日期：2017年7月21日
错误号：2
错误描述：
错误的误差数据关键字：Q+:C10_01Ib:Wc1
错误日期：2017年7月21日
错误号：2
错误描述：
错误的误差数据关键字：Q-:B10_01Ib:Wc1
错误日期：2017年7月21日
错误号：2
错误描述：
错误的误差数据关键字：P-:C10_10Ib:Wc1
错误日期：2017年7月21日
错误号：2
错误描述：
错误的误差数据关键字：P-:H10_02Ib:Wc1
错误日期：2017年7月21日
错误号：2
错误描述：
错误的多功能数据关键字：时段4误差
错误日期：2017年7月21日
错误号：2
错误描述：
错误的误差数据关键字：Q-:H05L_01Ib:Wc0
错误日期：2017年7月21日
错误号：2
错误描述：
错误的误差数据关键字：Q+:C10_01Ib:WcPjz
错误日期：2017年7月21日
错误号：2
错误描述：
错误的误差数据关键字：Q-:B10_01Ib:WcPjz
错误日期：2017年7月21日
错误号：2
错误描述：
错误的误差数据关键字：P-:H10_02Ib:WcPjz
错误日期：2017年7月21日
错误号：2
错误描述：
错误的误差数据关键字：Q+:C10_01Ib:WcHzz
错误日期：2017年7月21日
错误号：2
错误描述：
错误的误差数据关键字：Q-:B10_01Ib:WcHzz
错误日期：2017年7月21日
错误号：2
错误描述：
错误的误差数据关键字：P-:C05L_Imax:Wc1
错误日期：2017年7月21日
错误号：2
错误描述：
错误的误差数据关键字：P-:H10_02Ib:WcHzz
错误日期：2017年7月21日
错误号：2
错误描述：
错误的误差数据关键字：Q-:C10_01Ib:Wc0
错误日期：2017年7月21日
错误号：2
错误描述：
错误的误差数据关键字：P-:C05L_10Ib:Wc1
错误日期：2017年7月21日
错误号：2
错误描述：
错误的误差数据关键字：P-:H05L_02Ib:Wc0
错误日期：2017年7月21日
错误号：2
错误描述：
错误的误差数据关键字：Q+:A05C_02Ib:Wc1
错误日期：2017年7月21日
错误号：2
错误描述：
错误的误差数据关键字：Q-:C10_01Ib:Wc0
错误日期：2017年7月21日
错误号：2
错误描述：
错误的误差数据关键字：P-:C05L_02Ib:Wc1
错误日期：2017年7月21日
错误号：2
错误描述：
错误的误差数据关键字：P-:H05L_02Ib:Wc1
错误日期：2017年7月21日
错误号：2
错误描述：
错误的误差数据关键字：Q-:C10_01Ib:WcPjz
错误日期：2017年7月21日
错误号：2
错误描述：
错误的误差数据关键字：Q+:A05C_02Ib:WcPjz
错误日期：2017年7月21日
错误号：2
错误描述：
错误的误差数据关键字：P-:H05L_02Ib:WcPjz
错误日期：2017年7月21日
错误号：2
错误描述：
错误的误差数据关键字：Q-:C10_01Ib:WcHzz
错误日期：2017年7月21日
错误号：2
错误描述：
错误的误差数据关键字：Q+:A05C_02Ib:WcHzz
错误日期：2017年7月21日
错误号：2
错误描述：
错误的误差数据关键字：P-:C10_Imax:WcPjz
错误日期：2017年7月21日
错误号：2
错误描述：
错误的误差数据关键字：P-:H05L_02Ib:WcHzz
错误日期：2017年7月21日
错误号：2
错误描述：
错误的误差数据关键字：Q-:A05L_02Ib:Wc0
错误日期：2017年7月21日
错误号：2
错误描述：
错误的误差数据关键字：Q+:B05C_02Ib:Wc0
错误日期：2017年7月21日
错误号：2
错误描述：
错误的误差数据关键字：P-:C10_10Ib:WcPjz
错误日期：2017年7月21日
错误号：2
错误描述：
错误的误差数据关键字：P-:H08C_02Ib:Wc0
错误日期：2017年7月21日
错误号：2
错误描述：
错误的误差数据关键字：Q-:A05L_02Ib:Wc1
错误日期：2017年7月21日
错误号：2
错误描述：
错误的误差数据关键字：Q+:B05C_02Ib:Wc1
错误日期：2017年7月21日
错误号：2
错误描述：
错误的误差数据关键字：P-:H08C_02Ib:Wc1
错误日期：2017年7月21日
错误号：2
错误描述：
错误的误差数据关键字：Q-:A05L_02Ib:WcPjz
错误日期：2017年7月21日
错误号：2
错误描述：
错误的误差数据关键字：Q+:B05C_02Ib:WcPjz
错误日期：2017年7月21日
错误号：2
错误描述：
错误的误差数据关键字：P-:C05L_Imax:WcPjz
错误日期：2017年7月21日
错误号：2
错误描述：
错误的误差数据关键字：P-:H08C_02Ib:WcPjz
错误日期：2017年7月21日
错误号：2
错误描述：
错误的误差数据关键字：Q-:A05L_02Ib:WcHzz
错误日期：2017年7月21日
错误号：2
错误描述：
错误的误差数据关键字：Q+:B05C_02Ib:WcHzz
错误日期：2017年7月21日
错误号：2
错误描述：
错误的误差数据关键字：P-:C05L_10Ib:WcPjz
错误日期：2017年7月21日
错误号：2
错误描述：
错误的误差数据关键字：P-:H08C_02Ib:WcHzz
错误日期：2017年7月21日
错误号：2
错误描述：
错误的误差数据关键字：Q+:H10_02Ib:WcPjz
错误日期：2017年7月21日
错误号：2
错误描述：
错误的多功能数据关键字：时段4标准
错误日期：2017年7月21日
错误号：2
错误描述：
错误的误差数据关键字：Q-:H05L_005Ib:Wc0
错误日期：2017年7月21日
错误号：2
错误描述：
错误的误差数据关键字：Q-:B05L_02Ib:Wc0
错误日期：2017年7月21日
错误号：2
错误描述：
错误的误差数据关键字：Q+:C05C_02Ib:Wc0
错误日期：2017年7月21日
错误号：2
错误描述：
错误的误差数据关键字：P-:C05L_02Ib:WcPjz
错误日期：2017年7月21日
错误号：2
错误描述：
错误的误差数据关键字：P-:A10_01Ib:Wc0
错误日期：2017年7月21日
错误号：2
错误描述：
错误的误差数据关键字：Q-:B05L_02Ib:Wc1
错误日期：2017年7月21日
错误号：2
错误描述：
错误的误差数据关键字：Q+:C05C_02Ib:Wc1
错误日期：2017年7月21日
错误号：2
错误描述：
错误的误差数据关键字：P-:A10_01Ib:Wc1
错误日期：2017年7月21日
错误号：2
错误描述：
错误的误差数据关键字：Q-:B05L_02Ib:WcPjz
错误日期：2017年7月21日
错误号：2
错误描述：
错误的误差数据关键字：Q+:C05C_02Ib:WcPjz
错误日期：2017年7月21日
错误号：2
错误描述：
错误的误差数据关键字：P-:C10_Imax:WcHzz
错误日期：2017年7月21日
错误号：2
错误描述：
错误的误差数据关键字：P-:A10_01Ib:WcPjz
错误日期：2017年7月21日
错误号：2
错误描述：
错误的误差数据关键字：Q-:B05L_02Ib:WcHzz
错误日期：2017年7月21日
错误号：2
错误描述：
错误的误差数据关键字：Q+:C05C_02Ib:WcHzz
错误日期：2017年7月21日
错误号：2
错误描述：
错误的误差数据关键字：P-:C10_10Ib:WcHzz
错误日期：2017年7月21日
错误号：2
错误描述：
错误的误差数据关键字：P-:A10_01Ib:WcHzz
错误日期：2017年7月21日
错误号：2
错误描述：
错误的误差数据关键字：Q-:C05L_02Ib:Wc0
错误日期：2017年7月21日
错误号：2
错误描述：
错误的误差数据关键字：Q+:A05C_02Ib:Wc0
错误日期：2017年7月21日
错误号：2
错误描述：
错误的误差数据关键字：Q+:A05L_02Ib:Wc0
错误日期：2017年7月21日
错误号：2
错误描述：
错误的误差数据关键字：P-:B10_01Ib:Wc0
错误日期：2017年7月21日
错误号：2
错误描述：
错误的误差数据关键字：Q-:C05L_02Ib:Wc1
错误日期：2017年7月21日
错误号：2
错误描述：
错误的误差数据关键字：Q+:A05L_02Ib:Wc1
错误日期：2017年7月21日
错误号：2
错误描述：
错误的误差数据关键字：P-:C05L_Imax:WcHzz
错误日期：2017年7月21日
错误号：2
错误描述：
错误的误差数据关键字：P-:B10_01Ib:Wc1
错误日期：2017年7月21日
错误号：2
错误描述：
错误的误差数据关键字：Q-:C05L_02Ib:WcPjz
错误日期：2017年7月21日
错误号：2
错误描述：
错误的误差数据关键字：Q+:A05L_02Ib:WcPjz
错误日期：2017年7月21日
错误号：2
错误描述：
错误的误差数据关键字：P-:C05L_10Ib:WcHzz
错误日期：2017年7月21日
错误号：2
错误描述：
错误的误差数据关键字：P-:B10_01Ib:WcPjz
错误日期：2017年7月21日
错误号：2
错误描述：
错误的误差数据关键字：Q-:C05L_02Ib:WcHzz
错误日期：2017年7月21日
错误号：2
错误描述：
错误的误差数据关键字：Q+:A05L_02Ib:WcHzz
错误日期：2017年7月21日
错误号：2
错误描述：
错误的误差数据关键字：P-:C05L_02Ib:WcHzz
错误日期：2017年7月21日
错误号：2
错误描述：
错误的误差数据关键字：P-:B10_01Ib:WcHzz
错误日期：2017年7月21日
错误号：2
错误描述：
错误的误差数据关键字：Q-:A05C_02Ib:Wc0
错误日期：2017年7月21日
错误号：2
错误描述：
错误的误差数据关键字：Q+:B05L_02Ib:Wc0
错误日期：2017年7月21日
错误号：2
错误描述：
错误的误差数据关键字：P-:C10_01Ib:Wc0
错误日期：2017年7月21日
错误号：2
错误描述：
错误的误差数据关键字：Q-:A05C_02Ib:Wc1
错误日期：2017年7月21日
错误号：2
错误描述：
错误的误差数据关键字：Q+:B05L_02Ib:Wc1
错误日期：2017年7月21日
错误号：2
错误描述：
错误的误差数据关键字：P-:B10_10Ib:Wc12
错误日期：2017年7月21日
错误号：2
错误描述：
错误的误差数据关键字：P-:C10_01Ib:Wc1
错误日期：2017年7月21日
错误号：2
错误描述：
错误的误差数据关键字：Q+:H10_01Ib:WcPjz
错误日期：2017年7月21日
错误号：2
错误描述：
错误的多功能数据关键字：时段4实际
错误日期：2017年7月21日
错误号：2
错误描述：
错误的误差数据关键字：Q-:H05C_Imax:Wc0
错误日期：2017年7月21日
错误号：2
错误描述：
错误的误差数据关键字：Q-:A05C_02Ib:WcPjz
错误日期：2017年7月21日
错误号：2
错误描述：
错误的误差数据关键字：Q+:B05L_02Ib:WcPjz
错误日期：2017年7月21日
错误号：2
错误描述：
错误的误差数据关键字：P-:C10_10Ib:Wc12
错误日期：2017年7月21日
错误号：2
错误描述：
错误的误差数据关键字：P-:C10_01Ib:WcPjz
错误日期：2017年7月21日
错误号：2
错误描述：
错误的误差数据关键字：P+:A05L_01Ib:Wc0
错误日期：2017年7月21日
错误号：2
错误描述：
错误的误差数据关键字：Q-:A05C_02Ib:WcHzz
错误日期：2017年7月21日
错误号：2
错误描述：
错误的误差数据关键字：Q+:B05L_02Ib:WcHzz
错误日期：2017年7月21日
错误号：2
错误描述：
错误的误差数据关键字：P-:C10_01Ib:WcHzz
错误日期：2017年7月21日
错误号：2
错误描述：
错误的误差数据关键字：P+:A05L_01Ib:Wc1
错误日期：2017年7月21日
错误号：2
错误描述：
错误的误差数据关键字：Q-:B05C_02Ib:Wc0
错误日期：2017年7月21日
错误号：2
错误描述：
错误的误差数据关键字：Q+:C05L_02Ib:Wc0
错误日期：2017年7月21日
错误号：2
错误描述：
错误的误差数据关键字：P+:A05L_01Ib:WcPjz
错误日期：2017年7月21日
错误号：2
错误描述：
错误的误差数据关键字：Q-:B05C_02Ib:Wc1
错误日期：2017年7月21日
错误号：2
错误描述：
错误的误差数据关键字：Q+:C05L_02Ib:Wc1
错误日期：2017年7月21日
错误号：2
错误描述：
错误的误差数据关键字：P+:A05L_01Ib:WcHzz
错误日期：2017年7月21日
错误号：2
错误描述：
错误的误差数据关键字：Q-:B05C_02Ib:WcPjz
错误日期：2017年7月21日
错误号：2
错误描述：
错误的误差数据关键字：Q+:C05L_02Ib:WcPjz
错误日期：2017年7月21日
错误号：2
错误描述：
错误的误差数据关键字：P+:B05L_01Ib:Wc0
错误日期：2017年7月21日
错误号：2
错误描述：
错误的误差数据关键字：Q-:B05C_02Ib:WcHzz
错误日期：2017年7月21日
错误号：2
错误描述：
错误的误差数据关键字：Q+:B10_005Ib:WcPjz
错误日期：2017年7月21日
错误号：2
错误描述：
错误的误差数据关键字：Q+:C05L_02Ib:WcHzz
错误日期：2017年7月21日
错误号：2
错误描述：
错误的误差数据关键字：Q+:H10_Imax:Wc0
错误日期：2017年7月21日
错误号：2
错误描述：
错误的误差数据关键字：P+:B05L_01Ib:Wc1
错误日期：2017年7月21日
错误号：2
错误描述：
错误的误差数据关键字：Q-:C05C_02Ib:Wc0
错误日期：2017年7月21日
错误号：2
错误描述：
错误的误差数据关键字：Q-:H10_Imax:Wc0
错误日期：2017年7月21日
错误号：2
错误描述：
错误的误差数据关键字：P+:B05L_01Ib:WcPjz
错误日期：2017年7月21日
错误号：2
错误描述：
错误的误差数据关键字：Q-:C05C_02Ib:Wc1
错误日期：2017年7月21日
错误号：2
错误描述：
错误的误差数据关键字：Q+:H10_002Ib:Wc1
错误日期：2017年7月21日
错误号：2
错误描述：
错误的误差数据关键字：Q+:H10_002Ib:Wc0
错误日期：2017年7月21日
错误号：2
错误描述：
错误的误差数据关键字：P+:B05L_01Ib:WcHzz
错误日期：2017年7月21日
错误号：2
错误描述：
错误的误差数据关键字：Q-:C05C_02Ib:WcPjz
错误日期：2017年7月21日
错误号：2
错误描述：
错误的误差数据关键字：Q+:H10_002Ib:WcPjz
错误日期：2017年7月21日
错误号：2
错误描述：
错误的误差数据关键字：P+:C05L_01Ib:Wc0
错误日期：2017年7月21日
错误号：2
错误描述：
错误的误差数据关键字：Q-:C05C_02Ib:WcHzz
错误日期：2017年7月21日
错误号：2
错误描述：
错误的误差数据关键字：Q+:H10_002Ib:WcHzz
错误日期：2017年7月21日
错误号：2
错误描述：
错误的误差数据关键字：Q+:H10_005Ib:WcPjz
错误日期：2017年7月21日
错误号：2
错误描述：
错误的多功能数据关键字：时段4误差
错误日期：2017年7月21日
错误号：2
错误描述：
错误的误差数据关键字：P+:C05L_01Ib:Wc1
错误日期：2017年7月21日
错误号：2
错误描述：
错误的误差数据关键字：Q+:H05L_002Ib:Wc0
错误日期：2017年7月21日
错误号：2
错误描述：
错误的误差数据关键字：Q-:H10_002Ib:Wc0
错误日期：2017年7月21日
错误号：2
错误描述：
错误的误差数据关键字：P+:C05L_01Ib:WcPjz
错误日期：2017年7月21日
错误号：2
错误描述：
错误的误差数据关键字：Q-:H10_002Ib:Wc1
错误日期：2017年7月21日
错误号：2
错误描述：
错误的误差数据关键字：P+:C05L_01Ib:WcHzz
错误日期：2017年7月21日
错误号：2
错误描述：
错误的误差数据关键字：Q+:H05L_002Ib:WcPjz
错误日期：2017年7月21日
错误号：2
错误描述：
错误的误差数据关键字：Q-:H10_002Ib:WcPjz
错误日期：2017年7月21日
错误号：2
错误描述：
错误的误差数据关键字：P-:A10_005Ib:Wc0
错误日期：2017年7月21日
错误号：2
错误描述：
错误的误差数据关键字：Q-:H10_002Ib:WcHzz
错误日期：2017年7月21日
错误号：2
错误描述：
错误的误差数据关键字：P-:A10_005Ib:Wc1
错误日期：2017年7月21日
错误号：2
错误描述：
错误的误差数据关键字：Q+:H05C_002Ib:Wc0
错误日期：2017年7月21日
错误号：2
错误描述：
错误的误差数据关键字：Q-:H05L_002Ib:Wc0
错误日期：2017年7月21日
错误号：2
错误描述：
错误的误差数据关键字：P-:A10_005Ib:WcPjz
错误日期：2017年7月21日
错误号：2
错误描述：
错误的误差数据关键字：Q+:H05C_002Ib:Wc1
错误日期：2017年7月21日
错误号：2
错误描述：
错误的误差数据关键字：Q-:H05L_002Ib:Wc1
错误日期：2017年7月21日
错误号：2
错误描述：
错误的误差数据关键字：P-:A10_005Ib:WcHzz
错误日期：2017年7月21日
错误号：2
错误描述：
错误的误差数据关键字：Q+:H05C_002Ib:WcPjz
错误日期：2017年7月21日
错误号：2
错误描述：
错误的误差数据关键字：Q-:H05L_002Ib:WcPjz
错误日期：2017年7月21日
错误号：2
错误描述：
错误的误差数据关键字：Q+:H05L_002Ib:Wc1
错误日期：2017年7月21日
错误号：2
错误描述：
错误的误差数据关键字：P-:B10_005Ib:Wc0
错误日期：2017年7月21日
错误号：2
错误描述：
错误的误差数据关键字：Q+:H05C_002Ib:WcHzz
错误日期：2017年7月21日
错误号：2
错误描述：
错误的误差数据关键字：Q-:H05L_002Ib:WcPjz
错误日期：2017年7月21日
错误号：2
错误描述：
错误的误差数据关键字：Q+:H05L_002Ib:WcHzz
错误日期：2017年7月21日
错误号：2
错误描述：
错误的误差数据关键字：P-:B10_005Ib:Wc1
错误日期：2017年7月21日
错误号：2
错误描述：
错误的误差数据关键字：Q-:H05C_002Ib:Wc0
错误日期：2017年7月21日
错误号：2
错误描述：
错误的误差数据关键字：P-:B10_005Ib:WcPjz
错误日期：2017年7月21日
错误号：2
错误描述：
错误的误差数据关键字：Q-:H05C_002Ib:Wc1
错误日期：2017年7月21日
错误号：2
错误描述：
错误的误差数据关键字：Q+:H10_Imax:WcHzz
错误日期：2017年7月21日
错误号：2
错误描述：
错误的多功能数据关键字：时段5标准
错误日期：2017年7月21日
错误号：2
错误描述：
错误的误差数据关键字：P-:B10_005Ib:WcHzz
错误日期：2017年7月21日
错误号：2
错误描述：
错误的误差数据关键字：Q-:H05C_002Ib:WcPjz
错误日期：2017年7月21日
错误号：2
错误描述：
错误的误差数据关键字：P-:C10_005Ib:Wc0
错误日期：2017年7月21日
错误号：2
错误描述：
错误的误差数据关键字：Q-:H05C_002Ib:WcPjz
错误日期：2017年7月21日
错误号：2
错误描述：
错误的误差数据关键字：P-:C10_005Ib:Wc1
错误日期：2017年7月21日
错误号：2
错误描述：
错误的误差数据关键字：P-:C10_005Ib:WcHzz
错误日期：2017年7月21日
错误号：2
错误描述：
错误的误差数据关键字：P-:A05L_01Ib:Wc0
错误日期：2017年7月21日
错误号：2
错误描述：
错误的误差数据关键字：P-:A05L_01Ib:Wc1
错误日期：2017年7月21日
错误号：2
错误描述：
错误的误差数据关键字：P-:A05L_01Ib:WcPjz
错误日期：2017年7月21日
错误号：2
错误描述：
错误的误差数据关键字：P-:B05L_01Ib:Wc0
错误日期：2017年7月21日
错误号：2
错误描述：
错误的误差数据关键字：Q+:H10_05Imax:WcHzz
错误日期：2017年7月21日
错误号：2
错误描述：
错误的多功能数据关键字：时段5实际
错误日期：2017年7月21日
错误号：2
错误描述：
错误的误差数据关键字：P-:B05L_01Ib:Wc1
错误日期：2017年7月21日
错误号：2
错误描述：
错误的误差数据关键字：P-:B05L_01Ib:WcPjz
错误日期：2017年7月21日
错误号：2
错误描述：
错误的误差数据关键字：P-:B05L_01Ib:WcHzz
错误日期：2017年7月21日
错误号：2
错误描述：
错误的误差数据关键字：P-:C05L_01Ib:Wc0
错误日期：2017年7月21日
错误号：2
错误描述：
错误的误差数据关键字：P-:C05L_01Ib:Wc1
错误日期：2017年7月21日
错误号：2
错误描述：
错误的误差数据关键字：P-:C05L_01Ib:WcPjz
错误日期：2017年7月21日
错误号：2
错误描述：
错误的误差数据关键字：P-:C05L_01Ib:WcHzz
错误日期：2017年7月21日
错误号：2
错误描述：
错误的误差数据关键字：P-:C10_005Ib:WcPjz
错误日期：2017年7月21日
错误号：2
错误描述：
错误的误差数据关键字：P+:A05C_Imax:Wc0
错误日期：2017年7月21日
错误号：2
错误描述：
错误的误差数据关键字：P+:A05C_Imax:Wc1
错误日期：2017年7月21日
错误号：2
错误描述：
错误的误差数据关键字：P+:A05C_Imax:WcPjz
错误日期：2017年7月21日
错误号：2
错误描述：
错误的多功能数据关键字：时段5误差
错误日期：2017年7月21日
错误号：2
错误描述：
错误的误差数据关键字：P+:A05C_Imax:WcHzz
错误日期：2017年7月21日
错误号：2
错误描述：
错误的误差数据关键字：P+:A05C_10Ib:Wc0
错误日期：2017年7月21日
错误号：2
错误描述：
错误的误差数据关键字：P+:A05C_02Ib:Wc0
错误日期：2017年7月21日
错误号：2
错误描述：
错误的误差数据关键字：P+:A05C_01Ib:Wc0
错误日期：2017年7月21日
错误号：2
错误描述：
错误的误差数据关键字：P+:A05C_10Ib:Wc1
错误日期：2017年7月21日
错误号：2
错误描述：
错误的误差数据关键字：P+:A05C_02Ib:Wc1
错误日期：2017年7月21日
错误号：2
错误描述：
错误的误差数据关键字：P+:A05C_01Ib:Wc1
错误日期：2017年7月21日
错误号：2
错误描述：
错误的误差数据关键字：P+:A05C_10Ib:WcPjz
错误日期：2017年7月21日
错误号：2
错误描述：
错误的误差数据关键字：P+:A05C_02Ib:WcPjz
错误日期：2017年7月21日
错误号：2
错误描述：
错误的误差数据关键字：P+:A05C_01Ib:WcPjz
错误日期：2017年7月21日
错误号：2
错误描述：
错误的误差数据关键字：Q+:H10_02Ib:WcHzz
错误日期：2017年7月21日
错误号：2
错误描述：
错误的多功能数据关键字：时段6标准
错误日期：2017年7月21日
错误号：2
错误描述：
错误的误差数据关键字：P+:A05C_10Ib:WcHzz
错误日期：2017年7月21日
错误号：2
错误描述：
错误的误差数据关键字：P+:A05C_02Ib:WcHzz
错误日期：2017年7月21日
错误号：2
错误描述：
错误的误差数据关键字：P+:A05C_01Ib:WcHzz
错误日期：2017年7月21日
错误号：2
错误描述：
错误的误差数据关键字：P+:B05C_Imax:Wc0
错误日期：2017年7月21日
错误号：2
错误描述：
错误的误差数据关键字：P+:B05C_10Ib:Wc0
错误日期：2017年7月21日
错误号：2
错误描述：
错误的误差数据关键字：P+:B05C_02Ib:Wc0
错误日期：2017年7月21日
错误号：2
错误描述：
错误的误差数据关键字：P+:B05C_01Ib:Wc0
错误日期：2017年7月21日
错误号：2
错误描述：
错误的误差数据关键字：P+:B05C_Imax:Wc1
错误日期：2017年7月21日
错误号：2
错误描述：
错误的误差数据关键字：P+:B05C_10Ib:Wc1
错误日期：2017年7月21日
错误号：2
错误描述：
错误的误差数据关键字：P+:B05C_02Ib:Wc1
错误日期：2017年7月21日
错误号：2
错误描述：
错误的误差数据关键字：Q+:H10_01Ib:WcHzz
错误日期：2017年7月21日
错误号：2
错误描述：
错误的多功能数据关键字：时段6实际
错误日期：2017年7月21日
错误号：2
错误描述：
错误的误差数据关键字：Q-:H05L_Imax:Wc1
错误日期：2017年7月21日
错误号：2
错误描述：
错误的误差数据关键字：P+:B05C_01Ib:Wc1
错误日期：2017年7月21日
错误号：2
错误描述：
错误的误差数据关键字：P+:B05C_Imax:WcPjz
错误日期：2017年7月21日
错误号：2
错误描述：
错误的误差数据关键字：P+:B05C_10Ib:WcPjz
错误日期：2017年7月21日
错误号：2
错误描述：
错误的误差数据关键字：P+:B05C_02Ib:WcPjz
错误日期：2017年7月21日
错误号：2
错误描述：
错误的误差数据关键字：P+:B05C_01Ib:WcPjz
错误日期：2017年7月21日
错误号：2
错误描述：
错误的误差数据关键字：P+:B05C_Imax:WcHzz
错误日期：2017年7月21日
错误号：2
错误描述：
错误的误差数据关键字：P+:B05C_10Ib:WcHzz
错误日期：2017年7月21日
错误号：2
错误描述：
错误的误差数据关键字：P+:B05C_02Ib:WcHzz
错误日期：2017年7月21日
错误号：2
错误描述：
错误的误差数据关键字：P+:B05C_01Ib:WcHzz
错误日期：2017年7月21日
错误号：2
错误描述：
错误的误差数据关键字：P+:C05C_Imax:Wc0
错误日期：2017年7月21日
错误号：2
错误描述：
错误的误差数据关键字：Q+:H10_005Ib:WcHzz
错误日期：2017年7月21日
错误号：2
错误描述：
错误的多功能数据关键字：时段6误差
错误日期：2017年7月21日
错误号：2
错误描述：
错误的误差数据关键字：Q-:H05L_05Imax:Wc1
错误日期：2017年7月21日
错误号：2
错误描述：
错误的误差数据关键字：P+:C05C_10Ib:Wc0
错误日期：2017年7月21日
错误号：2
错误描述：
错误的误差数据关键字：P+:C05C_02Ib:Wc0
错误日期：2017年7月21日
错误号：2
错误描述：
错误的误差数据关键字：P+:C05C_01Ib:Wc0
错误日期：2017年7月21日
错误号：2
错误描述：
错误的误差数据关键字：P+:C05C_Imax:Wc1
错误日期：2017年7月21日
错误号：2
错误描述：
错误的误差数据关键字：P+:C05C_10Ib:Wc1
错误日期：2017年7月21日
错误号：2
错误描述：
错误的误差数据关键字：P+:C05C_02Ib:Wc1
错误日期：2017年7月21日
错误号：2
错误描述：
错误的误差数据关键字：P+:C05C_01Ib:Wc1
错误日期：2017年7月21日
错误号：2
错误描述：
错误的误差数据关键字：P+:C05C_Imax:WcPjz
错误日期：2017年7月21日
错误号：2
错误描述：
错误的误差数据关键字：P+:C05C_10Ib:WcPjz
错误日期：2017年7月21日
错误号：2
错误描述：
错误的误差数据关键字：P+:C05C_02Ib:WcPjz
错误日期：2017年7月21日
错误号：2
错误描述：
错误的误差数据关键字：Q+:H025L_10Ib:WcHzz
错误日期：2017年7月21日
错误号：2
错误描述：
错误的多功能数据关键字：时段7标准
错误日期：2017年7月21日
错误号：2
错误描述：
错误的误差数据关键字：Q-:H05L_10Ib:Wc1
错误日期：2017年7月21日
错误号：2
错误描述：
错误的误差数据关键字：P+:C05C_01Ib:WcPjz
错误日期：2017年7月21日
错误号：2
错误描述：
错误的误差数据关键字：P+:C05C_Imax:WcHzz
错误日期：2017年7月21日
错误号：2
错误描述：
错误的误差数据关键字：P+:C05C_10Ib:WcHzz
错误日期：2017年7月21日
错误号：2
错误描述：
错误的误差数据关键字：P+:C05C_02Ib:WcHzz
错误日期：2017年7月21日
错误号：2
错误描述：
错误的误差数据关键字：P+:C05C_01Ib:WcHzz
错误日期：2017年7月21日
错误号：2
错误描述：
错误的误差数据关键字：P-:A05C_Imax:Wc0
错误日期：2017年7月21日
错误号：2
错误描述：
错误的误差数据关键字：P-:A05C_10Ib:Wc0
错误日期：2017年7月21日
错误号：2
错误描述：
错误的误差数据关键字：P-:A05C_02Ib:Wc0
错误日期：2017年7月21日
错误号：2
错误描述：
错误的误差数据关键字：P-:A05C_01Ib:Wc0
错误日期：2017年7月21日
错误号：2
错误描述：
错误的误差数据关键字：P-:A05C_Imax:Wc1
错误日期：2017年7月21日
错误号：2
错误描述：
错误的误差数据关键字：Q+:H025C_10Ib:WcHzz
错误日期：2017年7月21日
错误号：2
错误描述：
错误的多功能数据关键字：时段7实际
错误日期：2017年7月21日
错误号：2
错误描述：
错误的误差数据关键字：Q-:H05L_02Ib:Wc1
错误日期：2017年7月21日
错误号：2
错误描述：
错误的误差数据关键字：P-:A05C_10Ib:Wc1
错误日期：2017年7月21日
错误号：2
错误描述：
错误的误差数据关键字：P-:A05C_02Ib:Wc1
错误日期：2017年7月21日
错误号：2
错误描述：
错误的误差数据关键字：P-:A05C_01Ib:Wc1
错误日期：2017年7月21日
错误号：2
错误描述：
错误的误差数据关键字：P-:A05C_Imax:WcPjz
错误日期：2017年7月21日
错误号：2
错误描述：
错误的误差数据关键字：P-:A05C_10Ib:WcPjz
错误日期：2017年7月21日
错误号：2
错误描述：
错误的误差数据关键字：P-:A05C_02Ib:WcPjz
错误日期：2017年7月21日
错误号：2
错误描述：
错误的误差数据关键字：P-:A05C_01Ib:WcPjz
错误日期：2017年7月21日
错误号：2
错误描述：
错误的误差数据关键字：P-:A05C_Imax:WcHzz
错误日期：2017年7月21日
错误号：2
错误描述：
错误的误差数据关键字：P-:A05C_10Ib:WcHzz
错误日期：2017年7月21日
错误号：2
错误描述：
错误的误差数据关键字：P-:A05C_02Ib:WcHzz
错误日期：2017年7月21日
错误号：2
错误描述：
错误的误差数据关键字：Q+:H025L_10Ib:WcPjz
错误日期：2017年7月21日
错误号：2
错误描述：
错误的多功能数据关键字：时段7误差
错误日期：2017年7月21日
错误号：2
错误描述：
错误的误差数据关键字：Q-:H05L_01Ib:Wc1
错误日期：2017年7月21日
错误号：2
错误描述：
错误的误差数据关键字：P-:A05C_01Ib:WcHzz
错误日期：2017年7月21日
错误号：2
错误描述：
错误的误差数据关键字：P-:B05C_Imax:Wc0
错误日期：2017年7月21日
错误号：2
错误描述：
错误的误差数据关键字：P-:B05C_10Ib:Wc0
错误日期：2017年7月21日
错误号：2
错误描述：
错误的误差数据关键字：P-:B05C_02Ib:Wc0
错误日期：2017年7月21日
错误号：2
错误描述：
错误的误差数据关键字：P-:B05C_01Ib:Wc0
错误日期：2017年7月21日
错误号：2
错误描述：
错误的误差数据关键字：P-:B05C_Imax:Wc1
错误日期：2017年7月21日
错误号：2
错误描述：
错误的误差数据关键字：Q+:H10_05Imax:Wc0
错误日期：2017年7月21日
错误号：2
错误描述：
错误的误差数据关键字：P-:B05C_10Ib:Wc1
错误日期：2017年7月21日
错误号：2
错误描述：
错误的误差数据关键字：Q-:H10_05Imax:Wc0
错误日期：2017年7月21日
错误号：2
错误描述：
错误的误差数据关键字：P-:B05C_02Ib:Wc1
错误日期：2017年7月21日
错误号：2
错误描述：
错误的误差数据关键字：P-:B05C_01Ib:Wc1
错误日期：2017年7月21日
错误号：2
错误描述：
错误的误差数据关键字：P-:B05C_Imax:WcPjz
错误日期：2017年7月21日
错误号：2
错误描述：
错误的误差数据关键字：Q+:H025C_10Ib:WcPjz
错误日期：2017年7月21日
错误号：2
错误描述：
错误的多功能数据关键字：时段8标准
错误日期：2017年7月21日
错误号：2
错误描述：
错误的误差数据关键字：Q-:H05L_005Ib:Wc1
错误日期：2017年7月21日
错误号：2
错误描述：
错误的误差数据关键字：P-:B05C_10Ib:WcPjz
错误日期：2017年7月21日
错误号：2
错误描述：
错误的误差数据关键字：P-:B05C_02Ib:WcPjz
错误日期：2017年7月21日
错误号：2
错误描述：
错误的误差数据关键字：P-:B05C_01Ib:WcPjz
错误日期：2017年7月21日
错误号：2
错误描述：
错误的误差数据关键字：P-:B05C_Imax:WcHzz
错误日期：2017年7月21日
错误号：2
错误描述：
错误的误差数据关键字：P-:B05C_10Ib:WcHzz
错误日期：2017年7月21日
错误号：2
错误描述：
错误的误差数据关键字：P-:B05C_02Ib:WcHzz
错误日期：2017年7月21日
错误号：2
错误描述：
错误的误差数据关键字：P-:B05C_01Ib:WcHzz
错误日期：2017年7月21日
错误号：2
错误描述：
错误的误差数据关键字：P-:C05C_Imax:Wc0
错误日期：2017年7月21日
错误号：2
错误描述：
错误的误差数据关键字：P-:C05C_10Ib:Wc0
错误日期：2017年7月21日
错误号：2
错误描述：
错误的误差数据关键字：P-:C05C_02Ib:Wc0
错误日期：2017年7月21日
错误号：2
错误描述：
错误的误差数据关键字：Q+:H05L_Imax:Wc0
错误日期：2017年7月21日
错误号：2
错误描述：
错误的多功能数据关键字：时段8实际
错误日期：2017年7月21日
错误号：2
错误描述：
错误的误差数据关键字：Q-:H05C_Imax:Wc1
错误日期：2017年7月21日
错误号：2
错误描述：
错误的误差数据关键字：P-:C05C_01Ib:Wc0
错误日期：2017年7月21日
错误号：2
错误描述：
错误的误差数据关键字：P-:C05C_Imax:Wc1
错误日期：2017年7月21日
错误号：2
错误描述：
错误的误差数据关键字：P-:C05C_10Ib:Wc1
错误日期：2017年7月21日
错误号：2
错误描述：
错误的误差数据关键字：P-:C05C_02Ib:Wc1
错误日期：2017年7月21日
错误号：2
错误描述：
错误的误差数据关键字：P-:C05C_01Ib:Wc1
错误日期：2017年7月21日
错误号：2
错误描述：
错误的误差数据关键字：P-:C05C_Imax:WcPjz
错误日期：2017年7月21日
错误号：2
错误描述：
错误的误差数据关键字：P-:C05C_10Ib:WcPjz
错误日期：2017年7月21日
错误号：2
错误描述：
错误的误差数据关键字：P-:C05C_02Ib:WcPjz
错误日期：2017年7月21日
错误号：2
错误描述：
错误的误差数据关键字：P-:C05C_01Ib:WcPjz
错误日期：2017年7月21日
错误号：2
错误描述：
错误的误差数据关键字：P-:C05C_Imax:WcHzz
错误日期：2017年7月21日
错误号：2
错误描述：
错误的误差数据关键字：Q+:H05L_05Imax:Wc0
错误日期：2017年7月21日
错误号：2
错误描述：
错误的多功能数据关键字：时段8误差
错误日期：2017年7月21日
错误号：2
错误描述：
错误的误差数据关键字：Q-:H05C_05Imax:Wc1
错误日期：2017年7月21日
错误号：2
错误描述：
错误的误差数据关键字：P+:H10_05Ib:Wc0
错误日期：2017年7月21日
错误号：2
错误描述：
错误的误差数据关键字：P-:C05C_10Ib:WcHzz
错误日期：2017年7月21日
错误号：2
错误描述：
错误的误差数据关键字：P-:C05C_02Ib:WcHzz
错误日期：2017年7月21日
错误号：2
错误描述：
错误的误差数据关键字：P-:C05C_01Ib:WcHzz
错误日期：2017年7月21日
错误号：2
错误描述：
错误的误差数据关键字：P-:A05L_01Ib:WcHzz
错误日期：2017年7月21日
错误号：2
错误描述：
错误的误差数据关键字：P+:H10_02Ib:Wc0
错误日期：2017年7月21日
错误号：2
错误描述：
错误的误差数据关键字：Q+:H05L_02Ib:Wc0
错误日期：2017年7月21日
错误号：2
错误描述：
错误的误差数据关键字：Q-:H05C_02Ib:Wc1
错误日期：2017年7月21日
错误号：3
错误描述：
错误的误差次数关键字：12
错误日期：2017年7月21日
错误号：2
错误描述：
错误的多功能数据关键字：底度p-后总
错误日期：2017年7月21日
错误号：2
错误描述：
错误的误差数据关键字：Q+:H05L_01Ib:Wc0
错误日期：2017年7月21日
错误号：2
错误描述：
错误的误差数据关键字：Q-:H05C_01Ib:Wc1
错误日期：2017年7月21日
错误号：3
错误描述：
错误的误差次数关键字：12
错误日期：2017年7月21日
错误号：2
错误描述：
错误的误差数据关键字：Q+:H05L_005Ib:Wc0
错误日期：2017年7月21日
错误号：2
错误描述：
错误的误差数据关键字：Q-:H05C_005Ib:Wc1
错误日期：2017年7月21日
错误号：2
错误描述：
错误的误差数据关键字：P+:H10_002Ib:Wc0
错误日期：2017年7月21日
错误号：3
错误描述：
错误的误差次数关键字：12
错误日期：2017年7月21日
错误号：2
错误描述：
错误的多功能数据关键字：底度q-后总
错误日期：2017年7月21日
错误号：2
错误描述：
错误的误差数据关键字：Q+:H05L_Imax:Wc1
错误日期：2017年7月21日
错误号：2
错误描述：
错误的误差数据关键字：Q-:H10_Imax:WcPjz
错误日期：2017年7月21日
错误号：2
错误描述：
错误的误差数据关键字：P+:H10_001Ib:Wc0
错误日期：2017年7月21日
错误号：2
错误描述：
错误的误差数据关键字：P-:H10_Imax:Wc0
错误日期：2017年7月21日
错误号：2
错误描述：
错误的误差数据关键字：Q+:H05L_05Imax:Wc1
错误日期：2017年7月21日
错误号：2
错误描述：
错误的误差数据关键字：Q-:H10_05Imax:WcPjz
错误日期：2017年7月21日
错误号：2
错误描述：
错误的误差数据关键字：P-:H10_05Imax:Wc0
错误日期：2017年7月21日
错误号：2
错误描述：
错误的误差数据关键字：Q-:H10_10Ib:WcPjz
错误日期：2017年7月21日
错误号：2
错误描述：
错误的误差数据关键字：P-:H10_10Ib:Wc0
错误日期：2017年7月21日
错误号：2
错误描述：
错误的误差数据关键字：Q-:H10_10Ib:Wc0
错误日期：2017年7月21日
错误号：2
错误描述：
错误的误差数据关键字：Q+:H05L_02Ib:Wc1
错误日期：2017年7月21日
错误号：2
错误描述：
错误的误差数据关键字：Q-:H10_02Ib:WcPjz
错误日期：2017年7月21日
错误号：2
错误描述：
错误的误差数据关键字：P-:H10_05Ib:Wc0
错误日期：2017年7月21日
错误号：2
错误描述：
错误的误差数据关键字：Q+:H05L_01Ib:Wc1
错误日期：2017年7月21日
错误号：2
错误描述：
错误的误差数据关键字：Q-:H10_01Ib:WcPjz
错误日期：2017年7月21日
错误号：2
错误描述：
错误的误差数据关键字：P+:H10_05Ib:Wc1
错误日期：2017年7月21日
错误号：2
错误描述：
错误的误差数据关键字：P-:H10_01Ib:Wc0
错误日期：2017年7月21日
错误号：2
错误描述：
错误的多功能数据关键字：底度p-后峰
错误日期：2017年7月21日
错误号：2
错误描述：
错误的误差数据关键字：Q+:H05L_005Ib:Wc1
错误日期：2017年7月21日
错误号：2
错误描述：
错误的误差数据关键字：Q-:H10_005Ib:WcPjz
错误日期：2017年7月21日
错误号：2
错误描述：
错误的误差数据关键字：P+:H10_02Ib:Wc1
错误日期：2017年7月21日
错误号：2
错误描述：
错误的误差数据关键字：P-:H10_005Ib:Wc0
错误日期：2017年7月21日
错误号：2
错误描述：
错误的多功能数据关键字：底度p-后平
错误日期：2017年7月21日
错误号：2
错误描述：
错误的误差数据关键字：Q+:H05L_Imax:WcPjz
错误日期：2017年7月21日
错误号：2
错误描述：
错误的误差数据关键字：Q-:H05L_Imax:WcPjz
错误日期：2017年7月21日
错误号：2
错误描述：
错误的误差数据关键字：P-:H10_002Ib:Wc0
错误日期：2017年7月21日
错误号：2
错误描述：
错误的多功能数据关键字：底度p-后谷
错误日期：2017年7月21日
错误号：2
错误描述：
错误的误差数据关键字：Q+:H05L_05Imax:WcPjz
错误日期：2017年7月21日
错误号：2
错误描述：
错误的误差数据关键字：Q-:H05L_05Imax:WcPjz
错误日期：2017年7月21日
错误号：2
错误描述：
错误的误差数据关键字：P-:H10_001Ib:Wc0
错误日期：2017年7月21日
错误号：2
错误描述：
错误的多功能数据关键字：底度p-后尖
错误日期：2017年7月21日
错误号：2
错误描述：
错误的误差数据关键字：Q-:H05L_10Ib:WcPjz
错误日期：2017年7月21日
错误号：2
错误描述：
错误的误差数据关键字：P+:H10_002Ib:Wc1
错误日期：2017年7月21日
错误号：2
错误描述：
错误的误差数据关键字：P-:H10_Imax:Wc1
错误日期：2017年7月21日
错误号：2
错误描述：
错误的误差数据关键字：Q+:H05L_02Ib:WcPjz
错误日期：2017年7月21日
错误号：2
错误描述：
错误的误差数据关键字：Q-:H05L_02Ib:WcPjz
错误日期：2017年7月21日
错误号：2
错误描述：
错误的误差数据关键字：P+:H10_001Ib:Wc1
错误日期：2017年7月21日
错误号：2
错误描述：
错误的误差数据关键字：P-:H10_05Imax:Wc1
错误日期：2017年7月21日
错误号：2
错误描述：
错误的误差数据关键字：Q+:H05L_01Ib:WcPjz
错误日期：2017年7月21日
错误号：2
错误描述：
错误的误差数据关键字：Q-:H05L_01Ib:WcPjz
错误日期：2017年7月21日
错误号：2
错误描述：
错误的误差数据关键字：P-:H10_10Ib:Wc1
错误日期：2017年7月21日
错误号：2
错误描述：
错误的误差数据关键字：Q+:H05L_005Ib:WcPjz
错误日期：2017年7月21日
错误号：2
错误描述：
错误的误差数据关键字：Q-:H05L_005Ib:WcPjz
错误日期：2017年7月21日
错误号：2
错误描述：
错误的误差数据关键字：P-:H10_05Ib:Wc1
错误日期：2017年7月21日
错误号：2
错误描述：
错误的误差数据关键字：Q+:H05L_Imax:WcHzz
错误日期：2017年7月21日
错误号：2
错误描述：
错误的误差数据关键字：Q-:H05C_Imax:WcPjz
错误日期：2017年7月21日
错误号：2
错误描述：
错误的误差数据关键字：P-:H10_01Ib:Wc1
错误日期：2017年7月21日
错误号：2
错误描述：
错误的多功能数据关键字：底度q-后峰
错误日期：2017年7月21日
错误号：2
错误描述：
错误的误差数据关键字：Q+:H10_02Ib:Wc0
错误日期：2017年7月21日
错误号：2
错误描述：
错误的误差数据关键字：Q-:H10_02Ib:Wc0
错误日期：2017年7月21日
错误号：2
错误描述：
错误的误差数据关键字：Q+:H05L_05Imax:WcHzz
错误日期：2017年7月21日
错误号：2
错误描述：
错误的误差数据关键字：Q-:H05C_05Imax:WcPjz
错误日期：2017年7月21日
错误号：2
错误描述：
错误的误差数据关键字：P+:H10_05Ib:WcPjz
错误日期：2017年7月21日
错误号：2
错误描述：
错误的误差数据关键字：P-:H10_005Ib:Wc1
错误日期：2017年7月21日
错误号：2
错误描述：
错误的多功能数据关键字：底度q-后平
错误日期：2017年7月21日
错误号：2
错误描述：
错误的误差数据关键字：Q-:H05C_10Ib:WcPjz
错误日期：2017年7月21日
错误号：2
错误描述：
错误的误差数据关键字：P+:H10_02Ib:WcPjz
错误日期：2017年7月21日
错误号：2
错误描述：
错误的误差数据关键字：P-:H10_002Ib:Wc1
错误日期：2017年7月21日
错误号：2
错误描述：
错误的多功能数据关键字：底度q-后谷
错误日期：2017年7月21日
错误号：2
错误描述：
错误的误差数据关键字：Q+:H05L_02Ib:WcHzz
错误日期：2017年7月21日
错误号：2
错误描述：
错误的误差数据关键字：Q-:H05C_02Ib:WcPjz
错误日期：2017年7月21日
错误号：2
错误描述：
错误的误差数据关键字：P-:H10_001Ib:Wc1
错误日期：2017年7月21日
错误号：2
错误描述：
错误的多功能数据关键字：底度q-后尖
错误日期：2017年7月21日
错误号：2
错误描述：
错误的误差数据关键字：Q+:H05L_01Ib:WcHzz
错误日期：2017年7月21日
错误号：2
错误描述：
错误的误差数据关键字：Q-:H05C_01Ib:WcPjz
错误日期：2017年7月21日
错误号：2
错误描述：
错误的误差数据关键字：P-:H10_Imax:WcPjz
错误日期：2017年7月21日
错误号：2
错误描述：
错误的多功能数据关键字：底度q1后总
错误日期：2017年7月21日
错误号：2
错误描述：
错误的误差数据关键字：Q+:H05L_005Ib:WcHzz
错误日期：2017年7月21日
错误号：2
错误描述：
错误的误差数据关键字：Q-:H05C_005Ib:WcPjz
错误日期：2017年7月21日
错误号：2
错误描述：
错误的误差数据关键字：P+:H10_002Ib:WcPjz
错误日期：2017年7月21日
错误号：2
错误描述：
错误的误差数据关键字：P-:H10_05Imax:WcPjz
错误日期：2017年7月21日
错误号：2
错误描述：
错误的多功能数据关键字：底度q2后总
错误日期：2017年7月21日
错误号：2
错误描述：
错误的误差数据关键字：Q-:H10_Imax:WcHzz
错误日期：2017年7月21日
错误号：2
错误描述：
错误的误差数据关键字：P+:H10_001Ib:WcPjz
错误日期：2017年7月21日
错误号：2
错误描述：
错误的误差数据关键字：P-:H10_10Ib:WcPjz
错误日期：2017年7月21日
错误号：2
错误描述：
错误的多功能数据关键字：底度q3后总
错误日期：2017年7月21日
错误号：2
错误描述：
错误的误差数据关键字：Q-:H10_05Imax:WcHzz
错误日期：2017年7月21日
错误号：2
错误描述：
错误的误差数据关键字：P-:H10_05Ib:WcPjz
错误日期：2017年7月21日
错误号：2
错误描述：
错误的多功能数据关键字：底度q4后总
错误日期：2017年7月21日
错误号：2
错误描述：
错误的误差数据关键字：Q-:H10_10Ib:WcHzz
错误日期：2017年7月21日
错误号：2
错误描述：
错误的误差数据关键字：P-:H10_01Ib:WcPjz
错误日期：2017年7月21日
错误号：2
错误描述：
错误的多功能数据关键字：底度q1后峰
错误日期：2017年7月21日
错误号：2
错误描述：
错误的误差数据关键字：Q-:H10_02Ib:WcHzz
错误日期：2017年7月21日
错误号：2
错误描述：
错误的误差数据关键字：P-:H10_005Ib:WcPjz
错误日期：2017年7月21日
错误号：2
错误描述：
错误的多功能数据关键字：底度q2后峰
错误日期：2017年7月21日
错误号：2
错误描述：
错误的误差数据关键字：Q-:H10_01Ib:WcHzz
错误日期：2017年7月21日
错误号：2
错误描述：
错误的误差数据关键字：P+:H10_05Ib:WcHzz
错误日期：2017年7月21日
错误号：2
错误描述：
错误的误差数据关键字：P-:H10_002Ib:WcPjz
错误日期：2017年7月21日
错误号：2
错误描述：
错误的多功能数据关键字：底度q3后峰
错误日期：2017年7月21日
错误号：2
错误描述：
错误的误差数据关键字：Q+:H10_01Ib:Wc0
错误日期：2017年7月21日
错误号：2
错误描述：
错误的误差数据关键字：Q-:H10_01Ib:Wc0
错误日期：2017年7月21日
错误号：2
错误描述：
错误的误差数据关键字：Q-:H10_005Ib:WcHzz
错误日期：2017年7月21日
错误号：2
错误描述：
错误的误差数据关键字：P+:H10_02Ib:WcHzz
错误日期：2017年7月21日
错误号：2
错误描述：
错误的误差数据关键字：P-:H10_001Ib:WcPjz
错误日期：2017年7月21日
错误号：2
错误描述：
错误的多功能数据关键字：底度q4后峰
错误日期：2017年7月21日
错误号：2
错误描述：
错误的误差数据关键字：Q-:H05L_Imax:WcHzz
错误日期：2017年7月21日
错误号：2
错误描述：
错误的误差数据关键字：P-:H10_Imax:WcHzz
错误日期：2017年7月21日
错误号：2
错误描述：
错误的多功能数据关键字：底度q1后平
错误日期：2017年7月21日
错误号：2
错误描述：
错误的误差数据关键字：Q-:H05L_05Imax:WcHzz
错误日期：2017年7月21日
错误号：2
错误描述：
错误的误差数据关键字：P-:H10_05Imax:WcHzz
错误日期：2017年7月21日
错误号：2
错误描述：
错误的多功能数据关键字：底度q2后平
错误日期：2017年7月21日
错误号：2
错误描述：
错误的误差数据关键字：Q-:H05L_10Ib:WcHzz
错误日期：2017年7月21日
错误号：2
错误描述：
错误的误差数据关键字：P+:H10_002Ib:WcHzz
错误日期：2017年7月21日
错误号：2
错误描述：
错误的误差数据关键字：P-:H10_10Ib:WcHzz
错误日期：2017年7月21日
错误号：2
错误描述：
错误的多功能数据关键字：底度q3后平
错误日期：2017年7月21日
错误号：2
错误描述：
错误的误差数据关键字：Q-:H05L_02Ib:WcHzz
错误日期：2017年7月21日
错误号：2
错误描述：
错误的误差数据关键字：P+:H10_001Ib:WcHzz
错误日期：2017年7月21日
错误号：2
错误描述：
错误的误差数据关键字：P-:H10_05Ib:WcHzz
错误日期：2017年7月21日
错误号：2
错误描述：
错误的多功能数据关键字：底度q4后平
错误日期：2017年7月21日
错误号：2
错误描述：
错误的误差数据关键字：Q-:H05L_01Ib:WcHzz
错误日期：2017年7月21日
错误号：2
错误描述：
错误的误差数据关键字：P-:H10_01Ib:WcHzz
错误日期：2017年7月21日
错误号：2
错误描述：
错误的多功能数据关键字：底度q4后谷
错误日期：2017年7月21日
错误号：2
错误描述：
错误的误差数据关键字：Q-:H05L_005Ib:WcHzz
错误日期：2017年7月21日
错误号：2
错误描述：
错误的误差数据关键字：P-:H10_005Ib:WcHzz
错误日期：2017年7月21日
错误号：2
错误描述：
错误的多功能数据关键字：底度q1后谷
错误日期：2017年7月21日
错误号：2
错误描述：
错误的误差数据关键字：Q-:H05C_Imax:WcHzz
错误日期：2017年7月21日
错误号：2
错误描述：
错误的误差数据关键字：P-:H10_002Ib:WcHzz
错误日期：2017年7月21日
错误号：2
错误描述：
错误的多功能数据关键字：底度q2后谷
错误日期：2017年7月21日
错误号：2
错误描述：
错误的误差数据关键字：Q-:H05C_05Imax:WcHzz
错误日期：2017年7月21日
错误号：2
错误描述：
错误的误差数据关键字：P+:H05L_05Ib:Wc0
错误日期：2017年7月21日
错误号：2
错误描述：
错误的误差数据关键字：P-:H10_001Ib:WcHzz
错误日期：2017年7月21日
错误号：2
错误描述：
错误的多功能数据关键字：底度q3后谷
错误日期：2017年7月21日
错误号：2
错误描述：
错误的多功能数据关键字：底度q1后尖
错误日期：2017年7月21日
错误号：2
错误描述：
错误的误差数据关键字：Q+:H10_005Ib:Wc0
错误日期：2017年7月21日
错误号：2
错误描述：
错误的误差数据关键字：Q-:H10_005Ib:Wc0
错误日期：2017年7月21日
错误号：2
错误描述：
错误的误差数据关键字：Q-:H05C_02Ib:WcHzz
错误日期：2017年7月21日
错误号：2
错误描述：
错误的误差数据关键字：P-:H05L_Imax:Wc0
错误日期：2017年7月21日
错误号：2
错误描述：
错误的多功能数据关键字：底度q2后尖
错误日期：2017年7月21日
错误号：2
错误描述：
错误的误差数据关键字：Q-:H05C_01Ib:WcHzz
错误日期：2017年7月21日
错误号：2
错误描述：
错误的误差数据关键字：P+:H05L_005Ib:Wc0
错误日期：2017年7月21日
错误号：2
错误描述：
错误的误差数据关键字：P-:H05L_05Imax:Wc0
错误日期：2017年7月21日
错误号：2
错误描述：
错误的多功能数据关键字：底度q3后尖
错误日期：2017年7月21日
错误号：2
错误描述：
错误的误差数据关键字：Q-:H05C_005Ib:WcHzz
错误日期：2017年7月21日
错误号：2
错误描述：
错误的误差数据关键字：P+:H05L_002Ib:Wc0
错误日期：2017年7月21日
错误号：2
错误描述：
错误的误差数据关键字：P-:H05L_10Ib:Wc0
错误日期：2017年7月21日
错误号：2
错误描述：
错误的多功能数据关键字：底度q4后尖
错误日期：2017年7月21日
错误号：2
错误描述：
错误的误差数据关键字：Q-:H025L_10Ib:Wc1
错误日期：2017年7月21日
错误号：2
错误描述：
错误的误差数据关键字：P+:H05L_001Ib:Wc0
错误日期：2017年7月21日
错误号：2
错误描述：
错误的误差数据关键字：P-:H05L_05Ib:Wc0
错误日期：2017年7月21日
错误号：2
错误描述：
错误的多功能数据关键字：最大需量01ib
错误日期：2017年7月21日
错误号：2
错误描述：
错误的误差数据关键字：Q-:H025C_10Ib:Wc1
错误日期：2017年7月21日
错误号：2
错误描述：
错误的误差数据关键字：P-:H05L_01Ib:Wc0
错误日期：2017年7月21日
错误号：2
错误描述：
错误的多功能数据关键字：01ib最大需量
错误日期：2017年7月21日
错误号：2
错误描述：
错误的误差数据关键字：Q-:H025L_10Ib:WcPjz
错误日期：2017年7月21日
错误号：2
错误描述：
错误的误差数据关键字：P-:H05L_005Ib:Wc0
错误日期：2017年7月21日
错误号：2
错误描述：
错误的多功能数据关键字：01ib实际需量
错误日期：2017年7月21日
错误号：2
错误描述：
错误的误差数据关键字：Q-:H025C_10Ib:WcPjz
错误日期：2017年7月21日
错误号：2
错误描述：
错误的误差数据关键字：P-:H05L_002Ib:Wc0
错误日期：2017年7月21日
错误号：2
错误描述：
错误的误差数据关键字：Q-:H025L_10Ib:WcHzz
错误日期：2017年7月21日
错误号：2
错误描述：
错误的误差数据关键字：P+:H05L_05Ib:Wc1
错误日期：2017年7月21日
错误号：2
错误描述：
错误的误差数据关键字：P-:H05L_001Ib:Wc0
错误日期：2017年7月21日
错误号：2
错误描述：
错误的误差数据关键字：Q-:H025C_10Ib:WcHzz
错误日期：2017年7月21日
错误号：2
错误描述：
错误的误差数据关键字：P-:H05L_Imax:Wc1
错误日期：2017年7月21日
错误号：2
错误描述：
错误的误差数据关键字：Q+:A10_Imax:Wc0
错误日期：2017年7月21日
错误号：2
错误描述：
错误的误差数据关键字：Q-:A10_Imax:Wc0
错误日期：2017年7月21日
错误号：2
错误描述：
错误的误差数据关键字：P-:H05L_05Imax:Wc1
错误日期：2017年7月21日
错误号：2
错误描述：
错误的误差数据关键字：Q+:H025L_10Ib:Wc0
错误日期：2017年7月21日
错误号：2
错误描述：
错误的误差数据关键字：Q-:H025L_10Ib:Wc0
错误日期：2017年7月21日
错误号：2
错误描述：
错误的多功能数据关键字：底度q1后总
错误日期：2017年7月21日
错误号：2
错误描述：
错误的误差数据关键字：Q+:A10_10Ib:Wc0
错误日期：2017年7月21日
错误号：2
错误描述：
错误的误差数据关键字：Q-:A10_10Ib:Wc0
错误日期：2017年7月21日
错误号：2
错误描述：
错误的误差数据关键字：P+:H05L_005Ib:Wc1
错误日期：2017年7月21日
错误号：2
错误描述：
错误的误差数据关键字：P-:H05L_10Ib:Wc1
错误日期：2017年7月21日
错误号：2
错误描述：
错误的多功能数据关键字：电量寄存器
错误日期：2017年7月21日
错误号：2
错误描述：
错误的多功能数据关键字：底度q2后总
错误日期：2017年7月21日
错误号：2
错误描述：
错误的误差数据关键字：P+:H05L_002Ib:Wc1
错误日期：2017年7月21日
错误号：2
错误描述：
错误的误差数据关键字：P-:H05L_05Ib:Wc1
错误日期：2017年7月21日
错误号：2
错误描述：
错误的多功能数据关键字：底度q3后总
错误日期：2017年7月21日
错误号：2
错误描述：
错误的误差数据关键字：Q+:A05L_Imax:Wc0
错误日期：2017年7月21日
错误号：2
错误描述：
错误的误差数据关键字：Q-:A05L_Imax:Wc0
错误日期：2017年7月21日
错误号：2
错误描述：
错误的误差数据关键字：P+:H05L_001Ib:Wc1
错误日期：2017年7月21日
错误号：2
错误描述：
错误的误差数据关键字：P-:H05L_01Ib:Wc1
错误日期：2017年7月21日
错误号：2
错误描述：
错误的多功能数据关键字：01ib误差
错误日期：2017年7月21日
错误号：2
错误描述：
错误的多功能数据关键字：底度q4后总
错误日期：2017年7月21日
错误号：2
错误描述：
错误的误差数据关键字：Q+:A05L_10Ib:Wc0
错误日期：2017年7月21日
错误号：2
错误描述：
错误的误差数据关键字：Q-:A05L_10Ib:Wc0
错误日期：2017年7月21日
错误号：2
错误描述：
错误的误差数据关键字：P-:H05L_005Ib:Wc1
错误日期：2017年7月21日
错误号：2
错误描述：
错误的误差数据关键字：P-:H05L_002Ib:Wc1
错误日期：2017年7月21日
错误号：2
错误描述：
错误的误差数据关键字：Q+:A05C_Imax:Wc0
错误日期：2017年7月21日
错误号：2
错误描述：
错误的误差数据关键字：Q-:A05C_Imax:Wc0
错误日期：2017年7月21日
错误号：2
错误描述：
错误的误差数据关键字：P-:H05L_001Ib:Wc1
错误日期：2017年7月21日
错误号：2
错误描述：
错误的多功能数据关键字：电压跌落试验
错误日期：2017年7月21日
错误号：2
错误描述：
错误的多功能数据关键字：0.1ib周期误差
错误日期：2017年7月21日
错误号：2
错误描述：
错误的误差数据关键字：Q+:A05C_10Ib:Wc0
错误日期：2017年7月21日
错误号：2
错误描述：
错误的误差数据关键字：Q-:A05C_10Ib:Wc0
错误日期：2017年7月21日
错误号：2
错误描述：
错误的误差数据关键字：P+:H05L_05Ib:WcPjz
错误日期：2017年7月21日
错误号：2
错误描述：
错误的误差数据关键字：P-:H05L_Imax:WcPjz
错误日期：2017年7月21日
错误号：2
错误描述：
错误的误差数据关键字：P-:H05L_05Imax:WcPjz
错误日期：2017年7月21日
错误号：2
错误描述：
错误的误差数据关键字：Q+:A10_Imax:Wc1
错误日期：2017年7月21日
错误号：2
错误描述：
错误的误差数据关键字：Q-:A10_Imax:Wc1
错误日期：2017年7月21日
错误号：2
错误描述：
错误的误差数据关键字：P-:H05L_10Ib:WcPjz
错误日期：2017年7月21日
错误号：2
错误描述：
错误的多功能数据关键字：10ib最大需量
错误日期：2017年7月21日
错误号：2
错误描述：
错误的误差数据关键字：Q+:A10_10Ib:Wc1
错误日期：2017年7月21日
错误号：2
错误描述：
错误的误差数据关键字：Q-:A10_10Ib:Wc1
错误日期：2017年7月21日
错误号：2
错误描述：
错误的误差数据关键字：P+:H05L_005Ib:WcPjz
错误日期：2017年7月21日
错误号：2
错误描述：
错误的误差数据关键字：P-:H05L_05Ib:WcPjz
错误日期：2017年7月21日
错误号：2
错误描述：
错误的误差数据关键字：Q+:H025C_10Ib:Wc0
错误日期：2017年7月21日
错误号：2
错误描述：
错误的误差数据关键字：Q-:H025C_10Ib:Wc0
错误日期：2017年7月21日
错误号：2
错误描述：
错误的多功能数据关键字：imax最大需量
错误日期：2017年7月21日
错误号：2
错误描述：
错误的误差数据关键字：P+:H05L_002Ib:WcPjz
错误日期：2017年7月21日
错误号：2
错误描述：
错误的误差数据关键字：P-:H05L_01Ib:WcPjz
错误日期：2017年7月21日
错误号：2
错误描述：
错误的多功能数据关键字：10ib实际需量
错误日期：2017年7月21日
错误号：2
错误描述：
错误的误差数据关键字：Q+:A05L_Imax:Wc1
错误日期：2017年7月21日
错误号：2
错误描述：
错误的误差数据关键字：Q-:A05L_Imax:Wc1
错误日期：2017年7月21日
错误号：2
错误描述：
错误的误差数据关键字：P-:H05L_005Ib:WcPjz
错误日期：2017年7月21日
错误号：2
错误描述：
错误的误差数据关键字：P+:H05L_001Ib:WcPjz
错误日期：2017年7月21日
错误号：2
错误描述：
错误的多功能数据关键字：imax实际需量
错误日期：2017年7月21日
错误号：2
错误描述：
错误的误差数据关键字：Q+:A05L_10Ib:Wc1
错误日期：2017年7月21日
错误号：2
错误描述：
错误的误差数据关键字：Q-:A05L_10Ib:Wc1
错误日期：2017年7月21日
错误号：2
错误描述：
错误的误差数据关键字：P-:H05L_002Ib:WcPjz
错误日期：2017年7月21日
错误号：2
错误描述：
错误的多功能数据关键字：10ib误差
错误日期：2017年7月21日
错误号：2
错误描述：
错误的误差数据关键字：P-:H05L_001Ib:WcPjz
错误日期：2017年7月21日
错误号：2
错误描述：
错误的多功能数据关键字：imax误差
错误日期：2017年7月21日
错误号：2
错误描述：
错误的误差数据关键字：Q+:A05C_Imax:Wc1
错误日期：2017年7月21日
错误号：2
错误描述：
错误的误差数据关键字：Q-:A05C_Imax:Wc1
错误日期：2017年7月21日
错误号：2
错误描述：
错误的误差数据关键字：P-:H05L_Imax:WcHzz
错误日期：2017年7月21日
错误号：2
错误描述：
错误的多功能数据关键字：ib周期误差
错误日期：2017年7月21日
错误号：2
错误描述：
错误的误差数据关键字：Q+:A05C_10Ib:Wc1
错误日期：2017年7月21日
错误号：2
错误描述：
错误的误差数据关键字：Q-:A05C_10Ib:Wc1
错误日期：2017年7月21日
错误号：2
错误描述：
错误的误差数据关键字：P-:H05L_05Imax:WcHzz
错误日期：2017年7月21日
错误号：2
错误描述：
错误的误差数据关键字：P+:H05L_05Ib:WcHzz
错误日期：2017年7月21日
错误号：2
错误描述：
错误的多功能数据关键字：imax周期误差
错误日期：2017年7月21日
错误号：2
错误描述：
错误的误差数据关键字：P-:H05L_10Ib:WcHzz
