错误日期：2017年7月11日
错误号：2
错误描述：
错误的误差数据关键字：P+:H10_02Ib:WcHzz
错误日期：2017年7月11日
错误号：2
错误描述：
错误的误差数据关键字：P+:H10_002Ib:WcHzz
错误日期：2017年7月11日
错误号：2
错误描述：
错误的误差数据关键字：P+:H10_001Ib:WcHzz
错误日期：2017年7月11日
错误号：2
错误描述：
错误的误差数据关键字：P+:H05L_005Ib:WcHzz
错误日期：2017年7月11日
错误号：2
错误描述：
错误的误差数据关键字：P+:H05L_002Ib:WcHzz
错误日期：2017年7月11日
错误号：2
错误描述：
错误的误差数据关键字：P+:H05L_001Ib:WcHzz
错误日期：2017年7月11日
错误号：2
错误描述：
错误的误差数据关键字：P+:H08C_005Ib:WcHzz
错误日期：2017年7月11日
错误号：2
错误描述：
错误的误差数据关键字：P+:H08C_002Ib:WcHzz
错误日期：2017年7月11日
错误号：2
错误描述：
错误的误差数据关键字：P+:H08C_001Ib:WcHzz
错误日期：2017年7月11日
错误号：2
错误描述：
错误的误差数据关键字：P+:H025L_05Imax:WcHzz
错误日期：2017年7月11日
错误号：2
错误描述：
错误的误差数据关键字：P+:H025L_10Ib:WcHzz
错误日期：2017年7月11日
错误号：2
错误描述：
错误的误差数据关键字：P+:H025L_01Ib:WcHzz
错误日期：2017年7月11日
错误号：2
错误描述：
错误的误差数据关键字：P+:H025L_005Ib:WcHzz
错误日期：2017年7月11日
错误号：2
错误描述：
错误的误差数据关键字：P+:H025L_002Ib:WcHzz
错误日期：2017年7月11日
错误号：2
错误描述：
错误的误差数据关键字：P+:H025L_001Ib:WcHzz
错误日期：2017年7月11日
错误号：2
错误描述：
错误的误差数据关键字：P+:H025C_Imax:WcHzz
错误日期：2017年7月11日
错误号：2
错误描述：
错误的误差数据关键字：P+:H025C_05Imax:WcHzz
错误日期：2017年7月11日
错误号：2
错误描述：
错误的误差数据关键字：P+:H025C_10Ib:WcHzz
错误日期：2017年7月11日
错误号：2
错误描述：
错误的误差数据关键字：P+:H025C_02Ib:WcHzz
错误日期：2017年7月11日
错误号：2
错误描述：
错误的误差数据关键字：P+:H025C_01Ib:WcHzz
错误日期：2017年7月11日
错误号：2
错误描述：
错误的误差数据关键字：P+:H025C_005Ib:WcHzz
错误日期：2017年7月11日
错误号：2
错误描述：
错误的误差数据关键字：P+:H025L_002Ib:WcHzz
错误日期：2017年7月11日
错误号：2
错误描述：
错误的误差数据关键字：P+:H025L_001Ib:WcHzz
错误日期：2017年7月11日
错误号：2
错误描述：
错误的基本信息关键字：voltage
错误日期：2017年7月11日
错误号：2
错误描述：
错误的误差数据关键字：P+:H05L_002Ib:WcHzz
错误日期：2017年7月11日
错误号：2
错误描述：
错误的误差数据关键字：P+:H05L_002Ib:WcPjz
错误日期：2017年7月11日
错误号：2
错误描述：
错误的误差数据关键字：P+:H05L_002Ib:Wc1
错误日期：2017年7月11日
错误号：2
错误描述：
错误的误差数据关键字：P+:H05L_002Ib:Wc0
错误日期：2017年7月11日
错误号：2
错误描述：
错误的误差数据关键字：P+:H05L_001Ib:Wc0
错误日期：2017年7月11日
错误号：2
错误描述：
错误的误差数据关键字：P+:H05L_001Ib:Wc1
错误日期：2017年7月11日
错误号：2
错误描述：
错误的误差数据关键字：P+:H05L_001Ib:WcPjz
错误日期：2017年7月11日
错误号：2
错误描述：
错误的误差数据关键字：P+:H05L_001Ib:WcHzz
错误日期：2017年7月11日
错误号：2
错误描述：
错误的误差数据关键字：P+:H08C_005Ib:WcHzz
错误日期：2017年7月11日
错误号：2
错误描述：
错误的误差数据关键字：P+:H08C_005Ib:WcPjz
错误日期：2017年7月11日
错误号：2
错误描述：
错误的误差数据关键字：P+:H08C_005Ib:Wc1
错误日期：2017年7月11日
错误号：2
错误描述：
错误的误差数据关键字：P+:H08C_005Ib:Wc0
错误日期：2017年7月11日
错误号：2
错误描述：
错误的误差数据关键字：P+:H08C_002Ib:Wc0
错误日期：2017年7月11日
错误号：2
错误描述：
错误的误差数据关键字：P+:H08C_002Ib:Wc1
错误日期：2017年7月11日
错误号：2
错误描述：
错误的误差数据关键字：P+:H08C_002Ib:WcPjz
错误日期：2017年7月11日
错误号：2
错误描述：
错误的误差数据关键字：P+:H08C_002Ib:WcHzz
错误日期：2017年7月11日
错误号：2
错误描述：
错误的误差数据关键字：P+:H08C_001Ib:WcHzz
错误日期：2017年7月11日
错误号：2
错误描述：
错误的误差数据关键字：P+:H08C_001Ib:WcPjz
错误日期：2017年7月11日
错误号：2
错误描述：
错误的误差数据关键字：P+:H08C_001Ib:Wc1
错误日期：2017年7月11日
错误号：2
错误描述：
错误的误差数据关键字：P+:H08C_001Ib:Wc0
错误日期：2017年7月11日
错误号：2
错误描述：
错误的误差数据关键字：P+:H05C_Imax:Wc0
错误日期：2017年7月11日
错误号：2
错误描述：
错误的误差数据关键字：P+:H05C_Imax:Wc1
错误日期：2017年7月11日
错误号：2
错误描述：
错误的误差数据关键字：P+:H05C_Imax:WcPjz
错误日期：2017年7月11日
错误号：2
错误描述：
错误的误差数据关键字：P+:H05C_Imax:WcHzz
错误日期：2017年7月11日
错误号：2
错误描述：
错误的误差数据关键字：P+:H05C_05Imax:WcHzz
错误日期：2017年7月11日
错误号：2
错误描述：
错误的误差数据关键字：P+:H05C_05Imax:WcPjz
错误日期：2017年7月11日
错误号：2
错误描述：
错误的误差数据关键字：P+:H05C_05Imax:WcPjz
错误日期：2017年7月11日
错误号：2
错误描述：
错误的误差数据关键字：P+:H05C_05Imax:WcHzz
错误日期：2017年7月11日
错误号：2
错误描述：
错误的误差数据关键字：P+:H05C_10Ib:WcHzz
错误日期：2017年7月11日
错误号：2
错误描述：
错误的误差数据关键字：P+:H05C_10Ib:WcPjz
错误日期：2017年7月11日
错误号：2
错误描述：
错误的误差数据关键字：P+:H05C_10Ib:Wc1
错误日期：2017年7月11日
错误号：2
错误描述：
错误的误差数据关键字：P+:H05C_10Ib:Wc0
错误日期：2017年7月11日
错误号：2
错误描述：
错误的误差数据关键字：P+:H05C_02Ib:Wc0
错误日期：2017年7月11日
错误号：2
错误描述：
错误的误差数据关键字：P+:H05C_02Ib:Wc1
错误日期：2017年7月11日
错误号：2
错误描述：
错误的误差数据关键字：P+:H05C_02Ib:WcPjz
错误日期：2017年7月11日
错误号：2
错误描述：
错误的误差数据关键字：P+:H05C_02Ib:WcHzz
错误日期：2017年7月11日
错误号：2
错误描述：
错误的误差数据关键字：P+:H05C_01Ib:WcHzz
错误日期：2017年7月11日
错误号：2
错误描述：
错误的误差数据关键字：P+:H05C_01Ib:WcPjz
错误日期：2017年7月11日
错误号：2
错误描述：
错误的误差数据关键字：P+:H05C_01Ib:Wc1
错误日期：2017年7月11日
错误号：2
错误描述：
错误的误差数据关键字：P+:H05C_01Ib:Wc0
错误日期：2017年7月11日
错误号：2
错误描述：
错误的误差数据关键字：P+:H05C_005Ib:Wc0
错误日期：2017年7月11日
错误号：2
错误描述：
错误的误差数据关键字：P+:H05C_005Ib:Wc1
错误日期：2017年7月11日
错误号：2
错误描述：
错误的误差数据关键字：P+:H05C_005Ib:WcPjz
错误日期：2017年7月11日
错误号：2
错误描述：
错误的误差数据关键字：P+:H05C_005Ib:WcHzz
错误日期：2017年7月11日
错误号：2
错误描述：
错误的误差数据关键字：P+:H05C_002Ib:WcHzz
错误日期：2017年7月11日
错误号：2
错误描述：
错误的误差数据关键字：P+:H05C_002Ib:WcPjz
错误日期：2017年7月11日
错误号：2
错误描述：
错误的误差数据关键字：P+:H05C_002Ib:Wc1
错误日期：2017年7月11日
错误号：2
错误描述：
错误的误差数据关键字：P+:H05C_002Ib:Wc0
错误日期：2017年7月11日
错误号：2
错误描述：
错误的误差数据关键字：P+:H05C_001Ib:Wc0
错误日期：2017年7月11日
错误号：2
错误描述：
错误的误差数据关键字：P+:H05C_001Ib:Wc1
错误日期：2017年7月11日
错误号：2
错误描述：
错误的误差数据关键字：P+:H05C_001Ib:WcPjz
错误日期：2017年7月11日
错误号：2
错误描述：
错误的误差数据关键字：P+:H05C_001Ib:WcHzz
错误日期：2017年7月11日
错误号：2
错误描述：
错误的基本信息关键字：meterlevelp
错误日期：2017年7月11日
错误号：2
错误描述：
错误的误差数据关键字：P+:H025L_05Imax:Wc0
错误日期：2017年7月11日
错误号：2
错误描述：
错误的误差数据关键字：P+:H025L_05Imax:Wc1
错误日期：2017年7月11日
错误号：2
错误描述：
错误的误差数据关键字：P+:H025L_05Imax:WcPjz
错误日期：2017年7月11日
错误号：2
错误描述：
错误的误差数据关键字：P+:H025L_05Imax:WcHzz
错误日期：2017年7月11日
错误号：2
错误描述：
错误的误差数据关键字：P+:H025L_10Ib:WcHzz
错误日期：2017年7月11日
错误号：2
错误描述：
错误的误差数据关键字：P+:H025L_10Ib:WcPjz
错误日期：2017年7月11日
错误号：2
错误描述：
错误的误差数据关键字：P+:H025L_10Ib:Wc1
错误日期：2017年7月11日
错误号：2
错误描述：
错误的误差数据关键字：P+:H025L_10Ib:Wc0
错误日期：2017年7月11日
错误号：2
错误描述：
错误的误差数据关键字：P+:H025L_01Ib:WcHzz
错误日期：2017年7月11日
错误号：2
错误描述：
错误的误差数据关键字：P+:H025L_01Ib:WcPjz
错误日期：2017年7月11日
错误号：2
错误描述：
错误的误差数据关键字：P+:H025L_01Ib:Wc1
错误日期：2017年7月11日
错误号：2
错误描述：
错误的误差数据关键字：P+:H025L_01Ib:Wc0
错误日期：2017年7月11日
错误号：2
错误描述：
错误的误差数据关键字：P+:H025L_005Ib:Wc0
错误日期：2017年7月11日
错误号：2
错误描述：
错误的误差数据关键字：P+:H025L_005Ib:Wc1
错误日期：2017年7月11日
错误号：2
错误描述：
错误的误差数据关键字：P+:H025L_005Ib:WcPjz
错误日期：2017年7月11日
错误号：2
错误描述：
错误的误差数据关键字：P+:H025L_005Ib:WcHzz
错误日期：2017年7月11日
错误号：2
错误描述：
错误的误差数据关键字：P+:H025L_002Ib:WcHzz
错误日期：2017年7月11日
错误号：2
错误描述：
错误的误差数据关键字：P+:H025L_002Ib:WcPjz
错误日期：2017年7月11日
错误号：2
错误描述：
错误的误差数据关键字：P+:H025L_002Ib:Wc1
错误日期：2017年7月11日
错误号：2
错误描述：
错误的误差数据关键字：P+:H025L_002Ib:Wc0
错误日期：2017年7月11日
错误号：2
错误描述：
错误的误差数据关键字：P+:H025L_001Ib:Wc0
错误日期：2017年7月11日
错误号：2
错误描述：
错误的误差数据关键字：P+:H025L_001Ib:Wc1
错误日期：2017年7月11日
错误号：2
错误描述：
错误的误差数据关键字：P+:H025L_001Ib:WcPjz
错误日期：2017年7月11日
错误号：2
错误描述：
错误的误差数据关键字：P+:H025L_001Ib:WcHzz
错误日期：2017年7月11日
错误号：2
错误描述：
错误的基本信息关键字：voltage
错误日期：2017年7月11日
错误号：2
错误描述：
错误的基本信息关键字：imax
错误日期：2017年7月11日
错误号：2
错误描述：
错误的误差数据关键字：P+:H10_02Ib:WcHzz
错误日期：2017年7月11日
错误号：2
错误描述：
错误的误差数据关键字：P+:H10_02Ib:WcPjz
错误日期：2017年7月11日
错误号：2
错误描述：
错误的误差数据关键字：P+:H10_02Ib:Wc1
错误日期：2017年7月11日
错误号：2
错误描述：
错误的误差数据关键字：P+:H10_02Ib:Wc0
错误日期：2017年7月11日
错误号：2
错误描述：
错误的误差数据关键字：P+:H10_002Ib:Wc0
错误日期：2017年7月11日
错误号：2
错误描述：
错误的误差数据关键字：P+:H10_002Ib:Wc1
错误日期：2017年7月11日
错误号：2
错误描述：
错误的误差数据关键字：P+:H10_002Ib:WcPjz
错误日期：2017年7月11日
错误号：2
错误描述：
错误的误差数据关键字：P+:H10_002Ib:WcHzz
错误日期：2017年7月11日
错误号：2
错误描述：
错误的误差数据关键字：P+:H10_001Ib:WcHzz
错误日期：2017年7月11日
错误号：2
错误描述：
错误的误差数据关键字：P+:H10_001Ib:WcPjz
错误日期：2017年7月11日
错误号：2
错误描述：
错误的误差数据关键字：P+:H10_001Ib:WcPjz
错误日期：2017年7月11日
错误号：2
错误描述：
错误的误差数据关键字：P+:H10_001Ib:Wc0
错误日期：2017年7月11日
错误号：2
错误描述：
错误的误差数据关键字：P+:H05L_005Ib:Wc0
错误日期：2017年7月11日
错误号：2
错误描述：
错误的误差数据关键字：P+:H05L_005Ib:Wc1
错误日期：2017年7月11日
错误号：2
错误描述：
错误的误差数据关键字：P+:H05L_005Ib:WcPjz
错误日期：2017年7月11日
错误号：2
错误描述：
错误的误差数据关键字：P+:H05L_005Ib:WcHzz
