错误日期：2017年7月11日
错误号：2
错误描述：
错误的误差数据关键字：P+:H10_02Ib:WcHzz
错误日期：2017年7月11日
错误号：2
错误描述：
错误的误差数据关键字：P+:H10_002Ib:WcHzz
错误日期：2017年7月11日
错误号：2
错误描述：
错误的误差数据关键字：P+:H10_001Ib:WcHzz
错误日期：2017年7月11日
错误号：2
错误描述：
错误的误差数据关键字：P+:H05L_005Ib:WcHzz
错误日期：2017年7月11日
错误号：2
错误描述：
错误的误差数据关键字：P+:H05L_002Ib:WcHzz
错误日期：2017年7月11日
错误号：2
错误描述：
错误的误差数据关键字：P+:H05L_001Ib:WcHzz
错误日期：2017年7月11日
错误号：2
错误描述：
错误的误差数据关键字：P+:H08C_005Ib:WcHzz
错误日期：2017年7月11日
错误号：2
错误描述：
错误的误差数据关键字：P+:H08C_002Ib:WcHzz
错误日期：2017年7月11日
错误号：2
错误描述：
错误的误差数据关键字：P+:H08C_001Ib:WcHzz
错误日期：2017年7月11日
错误号：2
错误描述：
错误的误差数据关键字：P+:H025L_05Imax:WcHzz
错误日期：2017年7月11日
错误号：2
错误描述：
错误的误差数据关键字：P+:H025L_10Ib:WcHzz
错误日期：2017年7月11日
错误号：2
错误描述：
错误的误差数据关键字：P+:H025L_01Ib:WcHzz
错误日期：2017年7月11日
错误号：2
错误描述：
错误的误差数据关键字：P+:H025L_005Ib:WcHzz
错误日期：2017年7月11日
错误号：2
错误描述：
错误的误差数据关键字：P+:H025L_002Ib:WcHzz
错误日期：2017年7月11日
错误号：2
错误描述：
错误的误差数据关键字：P+:H025L_001Ib:WcHzz
错误日期：2017年7月11日
错误号：2
错误描述：
错误的误差数据关键字：P+:H025C_Imax:WcHzz
错误日期：2017年7月11日
错误号：2
错误描述：
错误的误差数据关键字：P+:H025C_05Imax:WcHzz
错误日期：2017年7月11日
错误号：2
错误描述：
错误的误差数据关键字：P+:H025C_10Ib:WcHzz
错误日期：2017年7月11日
错误号：2
错误描述：
错误的误差数据关键字：P+:H025C_02Ib:WcHzz
错误日期：2017年7月11日
错误号：2
错误描述：
错误的误差数据关键字：P+:H025C_01Ib:WcHzz
错误日期：2017年7月11日
错误号：2
错误描述：
错误的误差数据关键字：P+:H025C_005Ib:WcHzz
错误日期：2017年7月11日
错误号：2
错误描述：
错误的误差数据关键字：P+:H025L_002Ib:WcHzz
错误日期：2017年7月11日
错误号：2
错误描述：
错误的误差数据关键字：P+:H025L_001Ib:WcHzz
