错误日期：2017年10月16日
错误号：2
错误描述：
错误的误差数据关键字：Q+:A05L_Imax:WcHzz
错误日期：2017年10月16日
错误号：2
错误描述：
错误的误差数据关键字：Q+:H05C_Imax:WcHzz
错误日期：2017年10月16日
错误号：2
错误描述：
错误的误差数据关键字：Q+:A05L_05Imax:WcHzz
错误日期：2017年10月16日
错误号：2
错误描述：
错误的误差数据关键字：Q+:H05C_05Imax:WcHzz
错误日期：2017年10月16日
错误号：2
错误描述：
错误的误差数据关键字：Q+:A05L_10Ib:WcHzz
错误日期：2017年10月16日
错误号：2
错误描述：
错误的误差数据关键字：Q+:H05C_10Ib:WcHzz
错误日期：2017年10月16日
错误号：2
错误描述：
错误的误差数据关键字：Q+:A05L_02Ib:WcHzz
错误日期：2017年10月16日
错误号：2
错误描述：
错误的误差数据关键字：Q+:H05C_02Ib:WcHzz
错误日期：2017年10月16日
错误号：2
错误描述：
错误的误差数据关键字：Q+:A05L_01Ib:WcHzz
错误日期：2017年10月16日
错误号：2
错误描述：
错误的误差数据关键字：Q+:H05C_01Ib:WcHzz
错误日期：2017年10月16日
错误号：2
错误描述：
错误的误差数据关键字：Q+:A05L_005Ib:WcHzz
错误日期：2017年10月16日
错误号：2
错误描述：
错误的误差数据关键字：Q+:H05C_005Ib:WcHzz
错误日期：2017年10月16日
错误号：2
错误描述：
错误的误差数据关键字：Q+:B10_Imax:WcHzz
错误日期：2017年10月16日
错误号：2
错误描述：
错误的误差数据关键字：Q+:B10_05Imax:WcHzz
错误日期：2017年10月16日
错误号：2
错误描述：
错误的误差数据关键字：Q+:B10_10Ib:WcHzz
错误日期：2017年10月16日
错误号：2
错误描述：
错误的误差数据关键字：Q+:B10_02Ib:WcHzz
错误日期：2017年10月16日
错误号：2
错误描述：
错误的误差数据关键字：Q+:B10_01Ib:WcHzz
错误日期：2017年10月16日
错误号：2
错误描述：
错误的误差数据关键字：Q-:H10_Imax:WcHzz
错误日期：2017年10月16日
错误号：2
错误描述：
错误的误差数据关键字：Q+:B10_005Ib:WcHzz
错误日期：2017年10月16日
错误号：2
错误描述：
错误的误差数据关键字：Q+:B05L_Imax:WcHzz
错误日期：2017年10月16日
错误号：2
错误描述：
错误的误差数据关键字：Q+:B05L_05Imax:WcHzz
错误日期：2017年10月16日
错误号：2
错误描述：
错误的误差数据关键字：Q+:B05L_10Ib:WcHzz
错误日期：2017年10月16日
错误号：2
错误描述：
错误的误差数据关键字：Q+:B05L_02Ib:WcHzz
错误日期：2017年10月16日
错误号：2
错误描述：
错误的误差数据关键字：Q+:B05L_01Ib:WcHzz
错误日期：2017年10月16日
错误号：2
错误描述：
错误的误差数据关键字：Q+:B05L_005Ib:WcHzz
错误日期：2017年10月16日
错误号：2
错误描述：
错误的误差数据关键字：Q+:C10_Imax:WcHzz
错误日期：2017年10月16日
错误号：2
错误描述：
错误的误差数据关键字：Q+:C10_05Imax:WcHzz
错误日期：2017年10月16日
错误号：2
错误描述：
错误的误差数据关键字：Q+:C10_10Ib:WcHzz
错误日期：2017年10月16日
错误号：2
错误描述：
错误的误差数据关键字：Q-:H10_05Imax:WcHzz
错误日期：2017年10月16日
错误号：2
错误描述：
错误的误差数据关键字：Q+:C10_02Ib:WcHzz
错误日期：2017年10月16日
错误号：2
错误描述：
错误的误差数据关键字：Q+:C10_01Ib:WcHzz
错误日期：2017年10月16日
错误号：2
错误描述：
错误的误差数据关键字：Q+:C10_005Ib:WcHzz
错误日期：2017年10月16日
错误号：2
错误描述：
错误的误差数据关键字：Q+:C05L_Imax:WcHzz
错误日期：2017年10月16日
错误号：2
错误描述：
错误的误差数据关键字：Q+:C05L_05Imax:WcHzz
错误日期：2017年10月16日
错误号：2
错误描述：
错误的误差数据关键字：Q+:C05L_10Ib:WcHzz
错误日期：2017年10月16日
错误号：2
错误描述：
错误的误差数据关键字：Q+:C05L_02Ib:WcHzz
错误日期：2017年10月16日
错误号：2
错误描述：
错误的误差数据关键字：Q+:C05L_01Ib:WcHzz
错误日期：2017年10月16日
错误号：2
错误描述：
错误的误差数据关键字：Q+:C05L_005Ib:WcHzz
错误日期：2017年10月16日
错误号：2
错误描述：
错误的误差数据关键字：Q+:B05C_02Ib:WcHzz
错误日期：2017年10月16日
错误号：2
错误描述：
错误的误差数据关键字：Q+:C05C_01Ib:WcHzz
错误日期：2017年10月16日
错误号：2
错误描述：
错误的误差数据关键字：Q+:C05C_005Ib:WcHzz
错误日期：2017年10月16日
错误号：2
错误描述：
错误的误差数据关键字：Q+:H025L_Imax:WcHzz
错误日期：2017年10月16日
错误号：2
错误描述：
错误的误差数据关键字：Q+:H025C_Imax:WcHzz
错误日期：2017年10月16日
错误号：2
错误描述：
错误的误差数据关键字：Q+:H025C_05Imax:WcHzz
错误日期：2017年10月16日
错误号：2
错误描述：
错误的误差数据关键字：Q+:H025C_10Ib:WcHzz
错误日期：2017年10月16日
错误号：2
错误描述：
错误的误差数据关键字：Q+:H025L_10Ib:WcHzz
错误日期：2017年10月16日
错误号：2
错误描述：
错误的误差数据关键字：Q+:B05C_01Ib:WcHzz
错误日期：2017年10月16日
错误号：2
错误描述：
错误的误差数据关键字：Q+:H025L_02Ib:WcHzz
错误日期：2017年10月16日
错误号：2
错误描述：
错误的误差数据关键字：Q+:H025L_01Ib:WcHzz
错误日期：2017年10月16日
错误号：2
错误描述：
错误的误差数据关键字：Q+:H025L_005Ib:WcHzz
错误日期：2017年10月16日
错误号：2
错误描述：
错误的误差数据关键字：Q+:H025C_02Ib:WcHzz
错误日期：2017年10月16日
错误号：2
错误描述：
错误的误差数据关键字：Q+:H025C_01Ib:WcHzz
错误日期：2017年10月16日
错误号：2
错误描述：
错误的误差数据关键字：Q+:H025C_005Ib:WcHzz
错误日期：2017年10月16日
错误号：2
错误描述：
错误的误差数据关键字：Q+:B05C_005Ib:WcHzz
错误日期：2017年10月16日
错误号：2
错误描述：
错误的误差数据关键字：Q+:C05C_Imax:WcHzz
错误日期：2017年10月16日
错误号：2
错误描述：
错误的误差数据关键字：Q+:C05C_10Ib:WcHzz
错误日期：2017年10月16日
错误号：2
错误描述：
错误的误差数据关键字：Q+:C05C_01Ib:WcHzz
错误日期：2017年10月16日
错误号：2
错误描述：
错误的误差数据关键字：Q+:C05C_02Ib:WcHzz
错误日期：2017年10月16日
错误号：2
错误描述：
错误的误差数据关键字：Q+:C10_10Ib:Wc11
错误日期：2017年10月16日
错误号：2
错误描述：
错误的误差数据关键字：Q+:A05C_10Ib:WcHzz
错误日期：2017年10月16日
错误号：2
错误描述：
错误的误差数据关键字：Q-:H10_10Ib:WcHzz
错误日期：2017年10月16日
错误号：2
错误描述：
错误的误差数据关键字：Q+:B10_10Ib:Wc11
错误日期：2017年10月16日
错误号：2
错误描述：
错误的误差数据关键字：Q+:A05C_Imax:WcHzz
错误日期：2017年10月16日
错误号：2
错误描述：
错误的误差数据关键字：Q+:A10_10Ib:Wc11
错误日期：2017年10月16日
错误号：2
错误描述：
错误的误差数据关键字：Q-:H10_02Ib:WcHzz
错误日期：2017年10月16日
错误号：2
错误描述：
错误的误差数据关键字：Q-:H10_01Ib:WcHzz
错误日期：2017年10月16日
错误号：2
错误描述：
错误的误差数据关键字：Q-:H10_005Ib:WcHzz
错误日期：2017年10月16日
错误号：2
错误描述：
错误的误差数据关键字：Q-:H05L_Imax:WcHzz
错误日期：2017年10月16日
错误号：2
错误描述：
错误的误差数据关键字：Q-:H05L_05Imax:WcHzz
错误日期：2017年10月16日
错误号：2
错误描述：
错误的误差数据关键字：Q-:H05L_10Ib:WcHzz
错误日期：2017年10月16日
错误号：2
错误描述：
错误的误差数据关键字：Q-:H05L_02Ib:WcHzz
错误日期：2017年10月16日
错误号：2
错误描述：
错误的误差数据关键字：P-:H10_Imax:WcHzz
错误日期：2017年10月16日
错误号：2
错误描述：
错误的误差数据关键字：Q-:H05L_01Ib:WcHzz
错误日期：2017年10月16日
错误号：2
错误描述：
错误的误差数据关键字：P-:H10_05Imax:WcHzz
错误日期：2017年10月16日
错误号：2
错误描述：
错误的误差数据关键字：Q-:H05L_005Ib:WcHzz
错误日期：2017年10月16日
错误号：2
错误描述：
错误的误差数据关键字：P-:H10_10Ib:WcHzz
错误日期：2017年10月16日
错误号：2
错误描述：
错误的误差数据关键字：P-:H10_02Ib:WcHzz
错误日期：2017年10月16日
错误号：2
错误描述：
错误的误差数据关键字：Q-:H08C_Imax:WcHzz
