错误日期：2017年6月25日
错误号：2
错误描述：
错误的基本信息关键字：txt_unsure03
错误日期：2017年6月25日
错误号：2
错误描述：
错误的基本信息关键字：txt_unsure03
错误日期：2017年6月25日
错误号：2
错误描述：
错误的基本信息关键字：txt_unsure06
错误日期：2017年6月25日
错误号：2
错误描述：
错误的基本信息关键字：txt_unsure06
错误日期：2017年6月25日
错误号：2
错误描述：
错误的基本信息关键字：txt_unsure06
错误日期：2017年6月25日
错误号：2
错误描述：
错误的基本信息关键字：txt_unsure07
错误日期：2017年6月25日
错误号：2
错误描述：
错误的基本信息关键字：txt_unsure07
错误日期：2017年6月25日
错误号：2
错误描述：
错误的基本信息关键字：txt_unsure07
错误日期：2017年6月25日
错误号：2
错误描述：
错误的基本信息关键字：txt_unsure04
错误日期：2017年6月25日
错误号：2
错误描述：
错误的基本信息关键字：txt_unsure04
错误日期：2017年6月25日
错误号：2
错误描述：
错误的基本信息关键字：txt_unsure04
错误日期：2017年6月25日
错误号：2
错误描述：
错误的基本信息关键字：txt_unsure04
错误日期：2017年6月25日
错误号：2
错误描述：
错误的基本信息关键字：txt_unsure05
错误日期：2017年6月25日
错误号：2
错误描述：
错误的基本信息关键字：txt_unsure05
错误日期：2017年6月25日
错误号：2
错误描述：
错误的基本信息关键字：txt_unsure05
错误日期：2017年6月25日
错误号：2
错误描述：
错误的基本信息关键字：txt_unsure05
错误日期：2017年6月25日
错误号：2
错误描述：
错误的基本信息关键字：txt_unsure05
错误日期：2017年6月25日
错误号：2
错误描述：
错误的基本信息关键字：txt_unsure05
错误日期：2017年6月25日
错误号：2
错误描述：
错误的基本信息关键字：txt_unsure05
错误日期：2017年6月25日
错误号：2
错误描述：
错误的基本信息关键字：txt_unsure05
错误日期：2017年6月25日
错误号：2
错误描述：
错误的基本信息关键字：txt_unsure05
错误日期：2017年6月25日
错误号：2
错误描述：
错误的基本信息关键字：txt_unsure05
错误日期：2017年6月25日
错误号：2
错误描述：
错误的基本信息关键字：txt_unsure05
错误日期：2017年6月25日
错误号：2
错误描述：
错误的基本信息关键字：txt_unsure05
错误日期：2017年6月25日
错误号：2
错误描述：
错误的基本信息关键字：txt_unsure04
错误日期：2017年6月25日
错误号：2
错误描述：
错误的基本信息关键字：txt_unsure04
错误日期：2017年6月25日
错误号：2
错误描述：
错误的基本信息关键字：txt_unsure04
错误日期：2017年6月25日
错误号：2
错误描述：
错误的基本信息关键字：txt_unsure04
错误日期：2017年6月25日
错误号：2
错误描述：
错误的基本信息关键字：txt_unsure04
错误日期：2017年6月25日
错误号：2
错误描述：
错误的基本信息关键字：txt_unsure04
错误日期：2017年6月25日
错误号：2
错误描述：
错误的基本信息关键字：txt_unsure04
错误日期：2017年6月25日
错误号：2
错误描述：
错误的基本信息关键字：txt_unsure04
错误日期：2017年6月25日
错误号：2
错误描述：
错误的基本信息关键字：bzbnamebzbnobzbzsbhbzbzqd
错误日期：2017年6月25日
错误号：2
错误描述：
错误的基本信息关键字：txt_unsure03
错误日期：2017年6月25日
错误号：2
错误描述：
错误的基本信息关键字：txt_unsure03
错误日期：2017年6月25日
错误号：2
错误描述：
错误的基本信息关键字：txt_unsure06
错误日期：2017年6月25日
错误号：2
错误描述：
错误的基本信息关键字：txt_unsure06
错误日期：2017年6月25日
错误号：2
错误描述：
错误的基本信息关键字：txt_unsure06
错误日期：2017年6月25日
错误号：2
错误描述：
错误的基本信息关键字：txt_unsure07
错误日期：2017年6月25日
错误号：2
错误描述：
错误的基本信息关键字：txt_unsure07
错误日期：2017年6月25日
错误号：2
错误描述：
错误的基本信息关键字：txt_unsure07
错误日期：2017年6月25日
错误号：2
错误描述：
错误的基本信息关键字：txt_unsure04
错误日期：2017年6月25日
错误号：2
错误描述：
错误的基本信息关键字：txt_unsure04
错误日期：2017年6月25日
错误号：2
错误描述：
错误的基本信息关键字：txt_unsure04
错误日期：2017年6月25日
错误号：2
错误描述：
错误的基本信息关键字：txt_unsure04
错误日期：2017年6月25日
错误号：2
错误描述：
错误的基本信息关键字：txt_unsure05
错误日期：2017年6月25日
错误号：2
错误描述：
错误的基本信息关键字：txt_unsure05
错误日期：2017年6月25日
错误号：2
错误描述：
错误的基本信息关键字：txt_unsure05
错误日期：2017年6月25日
错误号：2
错误描述：
错误的基本信息关键字：txt_unsure05
错误日期：2017年6月25日
错误号：2
错误描述：
错误的基本信息关键字：txt_unsure05
错误日期：2017年6月25日
错误号：2
错误描述：
错误的基本信息关键字：txt_unsure05
错误日期：2017年6月25日
错误号：2
错误描述：
错误的基本信息关键字：txt_unsure05
错误日期：2017年6月25日
错误号：2
错误描述：
错误的基本信息关键字：txt_unsure05
错误日期：2017年6月25日
错误号：2
错误描述：
错误的基本信息关键字：txt_unsure05
错误日期：2017年6月25日
错误号：2
错误描述：
错误的基本信息关键字：txt_unsure05
错误日期：2017年6月25日
错误号：2
错误描述：
错误的基本信息关键字：txt_unsure05
错误日期：2017年6月25日
错误号：2
错误描述：
错误的基本信息关键字：txt_unsure05
错误日期：2017年6月25日
错误号：2
错误描述：
错误的基本信息关键字：txt_unsure04
错误日期：2017年6月25日
错误号：2
错误描述：
错误的基本信息关键字：txt_unsure04
错误日期：2017年6月25日
错误号：2
错误描述：
错误的基本信息关键字：txt_unsure04
错误日期：2017年6月25日
错误号：2
错误描述：
错误的基本信息关键字：txt_unsure04
错误日期：2017年6月25日
错误号：2
错误描述：
错误的基本信息关键字：txt_unsure04
错误日期：2017年6月25日
错误号：2
错误描述：
错误的基本信息关键字：txt_unsure04
错误日期：2017年6月25日
错误号：2
错误描述：
错误的基本信息关键字：txt_unsure04
错误日期：2017年6月25日
错误号：2
错误描述：
错误的基本信息关键字：txt_unsure04
错误日期：2017年6月25日
错误号：2
错误描述：
错误的基本信息关键字：bzbnamebzbnobzbzsbhbzbzqd
