错误日期：2017年8月7日
错误号：2
错误描述：
错误的误差数据关键字：Q+:H05L_02Ib:WcHzz
错误日期：2017年8月7日
错误号：2
错误描述：
错误的误差数据关键字：Q+:H08C_02Ib:WcHzz
错误日期：2017年8月7日
错误号：2
错误描述：
错误的误差数据关键字：P-:A10_10Ib:Wc12
错误日期：2017年8月7日
错误号：2
错误描述：
错误的误差数据关键字：Q+:H025L_02Ib:WcHzz
错误日期：2017年8月7日
错误号：2
错误描述：
错误的误差数据关键字：P-:B10_10Ib:Wc12
错误日期：2017年8月7日
错误号：2
错误描述：
错误的误差数据关键字：Q+:H05C_02Ib:WcHzz
错误日期：2017年8月7日
错误号：2
错误描述：
错误的误差数据关键字：Q-:A10_10Ib:Wc12
错误日期：2017年8月7日
错误号：2
错误描述：
错误的误差数据关键字：Q-:B10_10Ib:Wc12
错误日期：2017年8月7日
错误号：2
错误描述：
错误的误差数据关键字：P-:C10_10Ib:Wc12
错误日期：2017年8月7日
错误号：2
错误描述：
错误的误差数据关键字：Q-:C10_10Ib:Wc12
错误日期：2017年8月7日
错误号：2
错误描述：
错误的误差数据关键字：P+:H10_02Ib:WcHzz
错误日期：2017年8月7日
错误号：2
错误描述：
错误的误差数据关键字：P+:H025L_05Imax:WcHzz
错误日期：2017年8月7日
错误号：2
错误描述：
错误的误差数据关键字：P+:H025L_02Ib:WcHzz
错误日期：2017年8月7日
错误号：2
错误描述：
错误的误差数据关键字：P+:H025C_05Imax:WcHzz
错误日期：2017年8月7日
错误号：2
错误描述：
错误的误差数据关键字：P+:H025C_02Ib:WcHzz
错误日期：2017年8月7日
错误号：2
错误描述：
错误的误差数据关键字：P+:A10_02Ib:WcHzz
错误日期：2017年8月7日
错误号：2
错误描述：
错误的误差数据关键字：P+:B10_02Ib:WcHzz
