错误日期：2017年7月30日
错误号：2
错误描述：
错误的误差数据关键字：Q+:H05L_02Ib:Wc0
错误日期：2017年7月30日
错误号：2
错误描述：
错误的误差数据关键字：Q+:H08C_02Ib:Wc0
错误日期：2017年7月30日
错误号：2
错误描述：
错误的误差数据关键字：Q+:H10_01Ib:Wc0
错误日期：2017年7月30日
错误号：2
错误描述：
错误的误差数据关键字：Q+:H05L_01Ib:Wc0
错误日期：2017年7月30日
错误号：2
错误描述：
错误的误差数据关键字：Q+:H08C_01Ib:Wc0
错误日期：2017年7月30日
错误号：2
错误描述：
错误的误差数据关键字：Q+:H10_005Ib:Wc0
错误日期：2017年7月30日
错误号：2
错误描述：
错误的误差数据关键字：Q+:H05L_005Ib:Wc0
错误日期：2017年7月30日
错误号：2
错误描述：
错误的误差数据关键字：Q+:H08C_005Ib:Wc0
错误日期：2017年7月30日
错误号：2
错误描述：
错误的误差数据关键字：Q+:H10_002Ib:Wc0
错误日期：2017年7月30日
错误号：2
错误描述：
错误的误差数据关键字：Q+:H05L_002Ib:Wc0
错误日期：2017年7月30日
错误号：2
错误描述：
错误的误差数据关键字：Q+:H08C_002Ib:Wc0
错误日期：2017年7月30日
错误号：2
错误描述：
错误的误差数据关键字：Q+:H10_001Ib:Wc0
错误日期：2017年7月30日
错误号：2
错误描述：
错误的误差数据关键字：Q+:A10_Imax:Wc0
错误日期：2017年7月30日
错误号：2
错误描述：
错误的误差数据关键字：Q+:A05L_Imax:Wc0
错误日期：2017年7月30日
错误号：2
错误描述：
错误的误差数据关键字：Q+:A10_10Ib:Wc0
错误日期：2017年7月30日
错误号：2
错误描述：
错误的误差数据关键字：Q+:A05L_10Ib:Wc0
错误日期：2017年7月30日
错误号：2
错误描述：
错误的误差数据关键字：Q+:A10_02Ib:Wc0
错误日期：2017年7月30日
错误号：2
错误描述：
错误的误差数据关键字：Q+:A05L_02Ib:Wc0
错误日期：2017年7月30日
错误号：2
错误描述：
错误的误差数据关键字：Q+:A10_01Ib:Wc0
错误日期：2017年7月30日
错误号：2
错误描述：
错误的误差数据关键字：Q+:A05L_01Ib:Wc0
错误日期：2017年7月30日
错误号：2
错误描述：
错误的误差数据关键字：Q+:A10_005Ib:Wc0
错误日期：2017年7月30日
错误号：2
错误描述：
错误的误差数据关键字：Q+:B10_Imax:Wc0
错误日期：2017年7月30日
错误号：2
错误描述：
错误的误差数据关键字：Q+:B05L_Imax:Wc0
错误日期：2017年7月30日
错误号：2
错误描述：
错误的误差数据关键字：Q+:B10_10Ib:Wc0
错误日期：2017年7月30日
错误号：2
错误描述：
错误的误差数据关键字：Q+:B05L_10Ib:Wc0
错误日期：2017年7月30日
错误号：2
错误描述：
错误的误差数据关键字：Q+:B10_02Ib:Wc0
错误日期：2017年7月30日
错误号：2
错误描述：
错误的误差数据关键字：Q+:B05L_02Ib:Wc0
错误日期：2017年7月30日
错误号：2
错误描述：
错误的误差数据关键字：Q+:B10_01Ib:Wc0
错误日期：2017年7月30日
错误号：2
错误描述：
错误的误差数据关键字：Q+:B05L_01Ib:Wc0
错误日期：2017年7月30日
错误号：2
错误描述：
错误的误差数据关键字：Q+:B10_005Ib:Wc0
错误日期：2017年7月30日
错误号：2
错误描述：
错误的误差数据关键字：Q+:C10_Imax:Wc0
错误日期：2017年7月30日
错误号：2
错误描述：
错误的误差数据关键字：Q+:C05L_Imax:Wc0
错误日期：2017年7月30日
错误号：2
错误描述：
错误的误差数据关键字：Q+:C10_10Ib:Wc0
错误日期：2017年7月30日
错误号：2
错误描述：
错误的误差数据关键字：Q+:C05L_10Ib:Wc0
错误日期：2017年7月30日
错误号：2
错误描述：
错误的误差数据关键字：Q+:C10_02Ib:Wc0
错误日期：2017年7月30日
错误号：2
错误描述：
错误的误差数据关键字：Q+:C05L_02Ib:Wc0
错误日期：2017年7月30日
错误号：2
错误描述：
错误的误差数据关键字：Q+:C10_01Ib:Wc0
错误日期：2017年7月30日
错误号：2
错误描述：
错误的误差数据关键字：Q+:C05L_01Ib:Wc0
错误日期：2017年7月30日
错误号：2
错误描述：
错误的误差数据关键字：Q+:C10_005Ib:Wc0
错误日期：2017年7月30日
错误号：2
错误描述：
错误的误差数据关键字：Q+:C10_10Ib:Wc12
错误日期：2017年7月30日
错误号：2
错误描述：
错误的误差数据关键字：Q+:B10_10Ib:Wc12
错误日期：2017年7月30日
错误号：2
错误描述：
错误的误差数据关键字：Q+:A10_10Ib:Wc12
错误日期：2017年7月30日
错误号：2
错误描述：
错误的误差数据关键字：P-:H10_Imax:Wc0
错误日期：2017年7月30日
错误号：2
错误描述：
错误的误差数据关键字：P-:H05L_Imax:Wc0
错误日期：2017年7月30日
错误号：2
错误描述：
错误的误差数据关键字：P-:H08C_Imax:Wc0
错误日期：2017年7月30日
错误号：2
错误描述：
错误的误差数据关键字：P-:H10_05Imax:Wc0
错误日期：2017年7月30日
错误号：2
错误描述：
错误的误差数据关键字：P-:H05L_05Imax:Wc0
错误日期：2017年7月30日
错误号：2
错误描述：
错误的误差数据关键字：P-:H08C_05Imax:Wc0
错误日期：2017年7月30日
错误号：2
错误描述：
错误的误差数据关键字：P-:H10_10Ib:Wc0
错误日期：2017年7月30日
错误号：2
错误描述：
错误的误差数据关键字：P-:H05L_10Ib:Wc0
错误日期：2017年7月30日
错误号：2
错误描述：
错误的误差数据关键字：P-:H08C_10Ib:Wc0
错误日期：2017年7月30日
错误号：2
错误描述：
错误的误差数据关键字：P-:H10_02Ib:Wc0
错误日期：2017年7月30日
错误号：2
错误描述：
错误的误差数据关键字：P-:H05L_02Ib:Wc0
错误日期：2017年7月30日
错误号：2
错误描述：
错误的误差数据关键字：P-:H08C_02Ib:Wc0
错误日期：2017年7月30日
错误号：2
错误描述：
错误的误差数据关键字：P-:H10_01Ib:Wc0
错误日期：2017年7月30日
错误号：2
错误描述：
错误的误差数据关键字：P-:H05L_01Ib:Wc0
错误日期：2017年7月30日
错误号：2
错误描述：
错误的误差数据关键字：P-:H08C_01Ib:Wc0
错误日期：2017年7月30日
错误号：2
错误描述：
错误的误差数据关键字：P-:H10_005Ib:Wc0
错误日期：2017年7月30日
错误号：2
错误描述：
错误的误差数据关键字：P-:H05L_005Ib:Wc0
错误日期：2017年7月30日
错误号：2
错误描述：
错误的误差数据关键字：P-:H08C_005Ib:Wc0
错误日期：2017年7月30日
错误号：2
错误描述：
错误的误差数据关键字：P-:H10_002Ib:Wc0
错误日期：2017年7月30日
错误号：2
错误描述：
错误的误差数据关键字：P-:H05L_002Ib:Wc0
错误日期：2017年7月30日
错误号：2
错误描述：
错误的误差数据关键字：P-:H08C_002Ib:Wc0
错误日期：2017年7月30日
错误号：2
错误描述：
错误的误差数据关键字：P-:H10_001Ib:Wc0
错误日期：2017年7月30日
错误号：2
错误描述：
错误的误差数据关键字：P-:A10_Imax:Wc0
错误日期：2017年7月30日
错误号：2
错误描述：
错误的误差数据关键字：P-:A05L_Imax:Wc0
错误日期：2017年7月30日
错误号：2
错误描述：
错误的误差数据关键字：P-:A10_10Ib:Wc0
错误日期：2017年7月30日
错误号：2
错误描述：
错误的误差数据关键字：P-:A05L_10Ib:Wc0
错误日期：2017年7月30日
错误号：2
错误描述：
错误的误差数据关键字：P-:A10_02Ib:Wc0
错误日期：2017年7月30日
错误号：2
错误描述：
错误的误差数据关键字：P-:A05L_02Ib:Wc0
错误日期：2017年7月30日
错误号：2
错误描述：
错误的误差数据关键字：P-:A10_01Ib:Wc0
错误日期：2017年7月30日
错误号：2
错误描述：
错误的误差数据关键字：P-:A05L_01Ib:Wc0
错误日期：2017年7月30日
错误号：2
错误描述：
错误的误差数据关键字：P-:A10_005Ib:Wc0
错误日期：2017年7月30日
错误号：2
错误描述：
错误的误差数据关键字：P-:B10_Imax:Wc0
错误日期：2017年7月30日
错误号：2
错误描述：
错误的误差数据关键字：P-:B05L_Imax:Wc0
错误日期：2017年7月30日
错误号：2
错误描述：
错误的误差数据关键字：P-:B10_10Ib:Wc0
错误日期：2017年7月30日
错误号：2
错误描述：
错误的误差数据关键字：P-:B05L_10Ib:Wc0
错误日期：2017年7月30日
错误号：2
错误描述：
错误的误差数据关键字：P-:B10_02Ib:Wc0
错误日期：2017年7月30日
错误号：2
错误描述：
错误的误差数据关键字：P-:B05L_02Ib:Wc0
错误日期：2017年7月30日
错误号：2
错误描述：
错误的误差数据关键字：P-:B10_01Ib:Wc0
错误日期：2017年7月30日
错误号：2
错误描述：
错误的误差数据关键字：P-:B05L_01Ib:Wc0
错误日期：2017年7月30日
错误号：2
错误描述：
错误的误差数据关键字：P-:B10_005Ib:Wc0
错误日期：2017年7月30日
错误号：2
错误描述：
错误的误差数据关键字：P-:C10_Imax:Wc0
错误日期：2017年7月30日
错误号：2
错误描述：
错误的误差数据关键字：P-:C05L_Imax:Wc0
错误日期：2017年7月30日
错误号：2
错误描述：
错误的误差数据关键字：P-:C10_10Ib:Wc0
错误日期：2017年7月30日
错误号：2
错误描述：
错误的误差数据关键字：P-:C05L_10Ib:Wc0
错误日期：2017年7月30日
错误号：2
错误描述：
错误的误差数据关键字：P-:C10_02Ib:Wc0
错误日期：2017年7月30日
错误号：2
错误描述：
错误的误差数据关键字：P-:C05L_02Ib:Wc0
错误日期：2017年7月30日
错误号：2
错误描述：
错误的误差数据关键字：P-:C10_01Ib:Wc0
错误日期：2017年7月30日
错误号：2
错误描述：
错误的误差数据关键字：P-:C05L_01Ib:Wc0
错误日期：2017年7月30日
错误号：2
错误描述：
错误的误差数据关键字：P-:C10_005Ib:Wc0
错误日期：2017年7月30日
错误号：2
错误描述：
错误的误差数据关键字：P-:C10_10Ib:Wc12
错误日期：2017年7月30日
错误号：2
错误描述：
错误的误差数据关键字：P-:B10_10Ib:Wc12
错误日期：2017年7月30日
错误号：2
错误描述：
错误的误差数据关键字：P-:A10_10Ib:Wc12
错误日期：2017年7月30日
错误号：2
错误描述：
错误的误差数据关键字：Q-:H10_Imax:Wc0
错误日期：2017年7月30日
错误号：2
错误描述：
错误的误差数据关键字：Q-:H05L_Imax:Wc0
错误日期：2017年7月30日
错误号：2
错误描述：
错误的误差数据关键字：Q-:H08C_Imax:Wc0
错误日期：2017年7月30日
错误号：2
错误描述：
错误的误差数据关键字：Q-:H10_05Imax:Wc0
错误日期：2017年7月30日
错误号：2
错误描述：
错误的误差数据关键字：Q-:H05L_05Imax:Wc0
错误日期：2017年7月30日
错误号：2
错误描述：
错误的误差数据关键字：Q-:H08C_05Imax:Wc0
错误日期：2017年7月30日
错误号：2
错误描述：
错误的误差数据关键字：Q-:H10_10Ib:Wc0
错误日期：2017年7月30日
错误号：2
错误描述：
错误的误差数据关键字：Q-:H05L_10Ib:Wc0
错误日期：2017年7月30日
错误号：2
错误描述：
错误的误差数据关键字：Q-:H08C_10Ib:Wc0
错误日期：2017年7月30日
错误号：2
错误描述：
错误的误差数据关键字：Q-:H10_02Ib:Wc0
错误日期：2017年7月30日
错误号：2
错误描述：
错误的误差数据关键字：Q-:H05L_02Ib:Wc0
错误日期：2017年7月30日
错误号：2
错误描述：
错误的误差数据关键字：Q-:H08C_02Ib:Wc0
错误日期：2017年7月30日
错误号：2
错误描述：
错误的误差数据关键字：Q-:H10_01Ib:Wc0
错误日期：2017年7月30日
错误号：2
错误描述：
错误的误差数据关键字：Q-:H05L_01Ib:Wc0
错误日期：2017年7月30日
错误号：2
错误描述：
错误的误差数据关键字：Q-:H08C_01Ib:Wc0
错误日期：2017年7月30日
错误号：2
错误描述：
错误的误差数据关键字：Q-:H10_005Ib:Wc0
错误日期：2017年7月30日
错误号：2
错误描述：
错误的误差数据关键字：Q-:H05L_005Ib:Wc0
错误日期：2017年7月30日
错误号：2
错误描述：
错误的误差数据关键字：Q-:H08C_005Ib:Wc0
错误日期：2017年7月30日
错误号：2
错误描述：
错误的误差数据关键字：Q-:H10_002Ib:Wc0
错误日期：2017年7月30日
错误号：2
错误描述：
错误的误差数据关键字：Q-:H05L_002Ib:Wc0
错误日期：2017年7月30日
错误号：2
错误描述：
错误的误差数据关键字：Q-:H08C_002Ib:Wc0
错误日期：2017年7月30日
错误号：2
错误描述：
错误的误差数据关键字：Q-:H10_001Ib:Wc0
错误日期：2017年7月30日
错误号：2
错误描述：
错误的基本信息关键字：runtest
错误日期：2017年7月30日
错误号：2
错误描述：
错误的误差数据关键字：P+:H10_02Ib:Wc1
错误日期：2017年7月30日
错误号：2
错误描述：
错误的误差数据关键字：P+:H05L_005Ib:Wc1
错误日期：2017年7月30日
错误号：2
错误描述：
错误的误差数据关键字：P+:H08C_005Ib:Wc1
错误日期：2017年7月30日
错误号：2
错误描述：
错误的误差数据关键字：P+:H10_002Ib:Wc1
错误日期：2017年7月30日
错误号：2
错误描述：
错误的误差数据关键字：P+:H05L_002Ib:Wc1
错误日期：2017年7月30日
错误号：2
错误描述：
错误的误差数据关键字：P+:H08C_002Ib:Wc1
错误日期：2017年7月30日
错误号：2
错误描述：
错误的误差数据关键字：P+:H10_001Ib:Wc1
错误日期：2017年7月30日
错误号：2
错误描述：
错误的误差数据关键字：P+:A10_02Ib:Wc1
错误日期：2017年7月30日
错误号：2
错误描述：
错误的误差数据关键字：P+:A05L_01Ib:Wc1
错误日期：2017年7月30日
错误号：2
错误描述：
错误的误差数据关键字：P+:A10_005Ib:Wc1
错误日期：2017年7月30日
错误号：2
错误描述：
错误的误差数据关键字：P+:B10_02Ib:Wc1
错误日期：2017年7月30日
错误号：2
错误描述：
错误的误差数据关键字：P+:B05L_01Ib:Wc1
错误日期：2017年7月30日
错误号：2
错误描述：
错误的误差数据关键字：P+:B10_005Ib:Wc1
错误日期：2017年7月30日
错误号：2
错误描述：
错误的误差数据关键字：P+:C10_02Ib:Wc1
错误日期：2017年7月30日
错误号：2
错误描述：
错误的误差数据关键字：P+:C05L_01Ib:Wc1
错误日期：2017年7月30日
错误号：2
错误描述：
错误的误差数据关键字：P+:C10_005Ib:Wc1
错误日期：2017年7月30日
错误号：2
错误描述：
错误的误差数据关键字：Q+:H10_05Imax:Wc1
错误日期：2017年7月30日
错误号：2
错误描述：
错误的误差数据关键字：Q+:H05L_Imax:Wc1
错误日期：2017年7月30日
错误号：2
错误描述：
错误的误差数据关键字：Q+:H08C_Imax:Wc1
错误日期：2017年7月30日
错误号：2
错误描述：
错误的误差数据关键字：Q+:H10_05Imax:Wc1
错误日期：2017年7月30日
错误号：2
错误描述：
错误的误差数据关键字：Q+:H05L_05Imax:Wc1
错误日期：2017年7月30日
错误号：2
错误描述：
错误的误差数据关键字：Q+:H08C_05Imax:Wc1
错误日期：2017年7月30日
错误号：2
错误描述：
错误的误差数据关键字：Q+:H08C_10Ib:Wc1
错误日期：2017年7月30日
错误号：2
错误描述：
错误的误差数据关键字：Q+:H10_02Ib:Wc1
错误日期：2017年7月30日
错误号：2
错误描述：
错误的误差数据关键字：Q+:H05L_02Ib:Wc1
错误日期：2017年7月30日
错误号：2
错误描述：
错误的误差数据关键字：Q+:H08C_02Ib:Wc1
错误日期：2017年7月30日
错误号：2
错误描述：
错误的误差数据关键字：Q+:H10_01Ib:Wc1
错误日期：2017年7月30日
错误号：2
错误描述：
错误的误差数据关键字：Q+:H05L_01Ib:Wc1
错误日期：2017年7月30日
错误号：2
错误描述：
错误的误差数据关键字：Q+:H08C_01Ib:Wc1
错误日期：2017年7月30日
错误号：2
错误描述：
错误的误差数据关键字：Q+:H10_005Ib:Wc1
错误日期：2017年7月30日
错误号：2
错误描述：
错误的误差数据关键字：Q+:H05L_005Ib:Wc1
错误日期：2017年7月30日
错误号：2
错误描述：
错误的误差数据关键字：Q+:H08C_005Ib:Wc1
错误日期：2017年7月30日
错误号：2
错误描述：
错误的误差数据关键字：Q+:H10_002Ib:Wc1
错误日期：2017年7月30日
错误号：2
错误描述：
错误的误差数据关键字：Q+:H05L_002Ib:Wc1
错误日期：2017年7月30日
错误号：2
错误描述：
错误的误差数据关键字：Q+:H08C_002Ib:Wc1
错误日期：2017年7月30日
错误号：2
错误描述：
错误的误差数据关键字：Q+:H10_001Ib:Wc1
错误日期：2017年7月30日
错误号：2
错误描述：
错误的误差数据关键字：Q+:A10_Imax:Wc1
错误日期：2017年7月30日
错误号：2
错误描述：
错误的误差数据关键字：Q+:A05L_Imax:Wc1
错误日期：2017年7月30日
错误号：2
错误描述：
错误的误差数据关键字：Q+:A10_10Ib:Wc1
错误日期：2017年7月30日
错误号：2
错误描述：
错误的误差数据关键字：Q+:A05L_10Ib:Wc1
错误日期：2017年7月30日
错误号：2
错误描述：
错误的误差数据关键字：Q+:A10_02Ib:Wc1
错误日期：2017年7月30日
错误号：2
错误描述：
错误的误差数据关键字：Q+:A05L_02Ib:Wc1
错误日期：2017年7月30日
错误号：2
错误描述：
错误的误差数据关键字：Q+:A10_01Ib:Wc1
错误日期：2017年7月30日
错误号：2
错误描述：
错误的误差数据关键字：Q+:A05L_01Ib:Wc1
错误日期：2017年7月30日
错误号：2
错误描述：
错误的误差数据关键字：Q+:A10_005Ib:Wc1
错误日期：2017年7月30日
错误号：2
错误描述：
错误的误差数据关键字：Q+:B10_Imax:Wc1
错误日期：2017年7月30日
错误号：2
错误描述：
错误的误差数据关键字：Q+:B05L_Imax:Wc1
错误日期：2017年7月30日
错误号：2
错误描述：
错误的误差数据关键字：Q+:B10_10Ib:Wc1
错误日期：2017年7月30日
错误号：2
错误描述：
错误的误差数据关键字：Q+:B05L_10Ib:Wc1
错误日期：2017年7月30日
错误号：2
错误描述：
错误的误差数据关键字：Q+:B10_02Ib:Wc1
错误日期：2017年7月30日
错误号：2
错误描述：
错误的误差数据关键字：Q+:B05L_02Ib:Wc1
错误日期：2017年7月30日
错误号：2
错误描述：
错误的误差数据关键字：Q+:B10_01Ib:Wc1
错误日期：2017年7月30日
错误号：2
错误描述：
错误的误差数据关键字：Q+:B05L_01Ib:Wc1
错误日期：2017年7月30日
错误号：2
错误描述：
错误的误差数据关键字：Q+:B10_005Ib:Wc1
错误日期：2017年7月30日
错误号：2
错误描述：
错误的误差数据关键字：Q+:B10_005Ib:Wc1
错误日期：2017年7月30日
错误号：2
错误描述：
错误的误差数据关键字：Q+:C05L_Imax:Wc1
错误日期：2017年7月30日
错误号：2
错误描述：
错误的误差数据关键字：Q+:C10_10Ib:Wc1
错误日期：2017年7月30日
错误号：2
错误描述：
错误的误差数据关键字：Q+:C05L_10Ib:Wc1
错误日期：2017年7月30日
错误号：2
错误描述：
错误的误差数据关键字：Q+:C10_02Ib:Wc1
错误日期：2017年7月30日
错误号：2
错误描述：
错误的误差数据关键字：Q+:C05L_02Ib:Wc1
错误日期：2017年7月30日
错误号：2
错误描述：
错误的误差数据关键字：Q+:C10_01Ib:Wc1
错误日期：2017年7月30日
错误号：2
错误描述：
错误的误差数据关键字：Q+:C05L_01Ib:Wc1
错误日期：2017年7月30日
错误号：2
错误描述：
错误的误差数据关键字：Q+:C10_005Ib:Wc1
错误日期：2017年7月30日
错误号：2
错误描述：
错误的误差数据关键字：P-:H10_Imax:Wc1
错误日期：2017年7月30日
错误号：2
错误描述：
错误的误差数据关键字：P-:H05L_Imax:Wc1
错误日期：2017年7月30日
错误号：2
错误描述：
错误的误差数据关键字：P-:H08C_Imax:Wc1
错误日期：2017年7月30日
错误号：2
错误描述：
错误的误差数据关键字：P-:H10_05Imax:Wc1
错误日期：2017年7月30日
错误号：2
错误描述：
错误的误差数据关键字：P-:H05L_05Imax:Wc1
错误日期：2017年7月30日
错误号：2
错误描述：
错误的误差数据关键字：P-:H08C_05Imax:Wc1
错误日期：2017年7月30日
错误号：2
错误描述：
错误的误差数据关键字：P-:H10_10Ib:Wc1
错误日期：2017年7月30日
错误号：2
错误描述：
错误的误差数据关键字：P-:H05L_10Ib:Wc1
错误日期：2017年7月30日
错误号：2
错误描述：
错误的误差数据关键字：P-:H08C_10Ib:Wc1
错误日期：2017年7月30日
错误号：2
错误描述：
错误的误差数据关键字：P-:H10_02Ib:Wc1
错误日期：2017年7月30日
错误号：2
错误描述：
错误的误差数据关键字：P-:H05L_02Ib:Wc1
错误日期：2017年7月30日
错误号：2
错误描述：
错误的误差数据关键字：P-:H08C_02Ib:Wc1
错误日期：2017年7月30日
错误号：2
错误描述：
错误的误差数据关键字：P-:H10_01Ib:Wc1
错误日期：2017年7月30日
错误号：2
错误描述：
错误的误差数据关键字：P-:H05L_01Ib:Wc1
错误日期：2017年7月30日
错误号：2
错误描述：
错误的误差数据关键字：P-:H08C_01Ib:Wc1
错误日期：2017年7月30日
错误号：2
错误描述：
错误的误差数据关键字：P-:H10_005Ib:Wc1
错误日期：2017年7月30日
错误号：2
错误描述：
错误的误差数据关键字：P-:H05L_005Ib:Wc1
错误日期：2017年7月30日
错误号：2
错误描述：
错误的误差数据关键字：P-:H08C_005Ib:Wc1
