错误日期：2017年6月25日
错误号：2
错误描述：
错误的误差数据关键字：P+:H10_002Ib:WcHzz
错误日期：2017年6月25日
错误号：2
错误描述：
错误的误差数据关键字：P+:H10_001Ib:WcHzz
错误日期：2017年6月25日
错误号：2
错误描述：
错误的误差数据关键字：P+:H05L_005Ib:WcHzz
错误日期：2017年6月25日
错误号：2
错误描述：
错误的误差数据关键字：P+:H05L_002Ib:WcHzz
错误日期：2017年6月25日
错误号：2
错误描述：
错误的误差数据关键字：P+:H08C_005Ib:WcHzz
错误日期：2017年6月25日
错误号：2
错误描述：
错误的误差数据关键字：P+:H08C_002Ib:WcHzz
错误日期：2017年6月25日
错误号：2
错误描述：
错误的误差数据关键字：P+:H05C_Imax:WcHzz
错误日期：2017年6月25日
错误号：2
错误描述：
错误的误差数据关键字：P+:H05C_02Ib:WcHzz
错误日期：2017年6月25日
错误号：2
错误描述：
错误的误差数据关键字：P+:H05C_01Ib:WcHzz
错误日期：2017年6月25日
错误号：2
错误描述：
错误的误差数据关键字：P+:H025L_01Ib:WcHzz
错误日期：2017年6月25日
错误号：2
错误描述：
错误的误差数据关键字：P+:A10_005Ib:WcHzz
错误日期：2017年6月25日
错误号：2
错误描述：
错误的误差数据关键字：P+:A05L_01Ib:WcHzz
错误日期：2017年6月25日
错误号：2
错误描述：
错误的误差数据关键字：P+:B10_005Ib:WcHzz
错误日期：2017年6月25日
错误号：2
错误描述：
错误的误差数据关键字：P+:B05L_01Ib:WcHzz
错误日期：2017年6月25日
错误号：2
错误描述：
错误的误差数据关键字：P+:C10_005Ib:WcHzz
错误日期：2017年6月25日
错误号：2
错误描述：
错误的误差数据关键字：P+:C05L_01Ib:WcHzz
