错误日期：2017年6月25日
错误号：2
错误描述：
错误的误差数据关键字：P+:A05L_01Ib:Wc1
错误日期：2017年6月25日
错误号：2
错误描述：
错误的误差数据关键字：P+:B10_005Ib:Wc1
错误日期：2017年6月25日
错误号：2
错误描述：
错误的误差数据关键字：P+:B05L_01Ib:Wc1
错误日期：2017年6月25日
错误号：2
错误描述：
错误的误差数据关键字：P+:C10_005Ib:Wc1
错误日期：2017年6月25日
错误号：2
错误描述：
错误的误差数据关键字：P+:C05L_01Ib:Wc1
错误日期：2017年6月25日
错误号：2
错误描述：
错误的误差数据关键字：P+:H10_002Ib:Wc2
错误日期：2017年6月25日
错误号：2
错误描述：
错误的误差数据关键字：P+:H10_001Ib:Wc2
错误日期：2017年6月25日
错误号：2
错误描述：
错误的误差数据关键字：P+:H05L_005Ib:Wc2
错误日期：2017年6月25日
错误号：2
错误描述：
错误的误差数据关键字：P+:H05L_002Ib:Wc2
错误日期：2017年6月25日
错误号：2
错误描述：
错误的误差数据关键字：P+:H08C_005Ib:Wc2
错误日期：2017年6月25日
错误号：2
错误描述：
错误的误差数据关键字：P+:H08C_002Ib:Wc2
错误日期：2017年6月25日
错误号：2
错误描述：
错误的误差数据关键字：P+:H025L_01Ib:Wc2
错误日期：2017年6月25日
错误号：2
错误描述：
错误的误差数据关键字：P+:H05C_Imax:Wc2
错误日期：2017年6月25日
错误号：2
错误描述：
错误的误差数据关键字：P+:H05C_02Ib:Wc2
错误日期：2017年6月25日
错误号：2
错误描述：
错误的误差数据关键字：P+:H05C_01Ib:Wc2
错误日期：2017年6月25日
错误号：2
错误描述：
错误的误差数据关键字：P+:A10_005Ib:Wc2
错误日期：2017年6月25日
错误号：2
错误描述：
错误的误差数据关键字：P+:A05L_01Ib:Wc2
错误日期：2017年6月25日
错误号：2
错误描述：
错误的误差数据关键字：P+:B10_005Ib:Wc2
错误日期：2017年6月25日
错误号：2
错误描述：
错误的误差数据关键字：P+:B05L_01Ib:Wc2
错误日期：2017年6月25日
错误号：2
错误描述：
错误的误差数据关键字：P+:C10_005Ib:Wc2
错误日期：2017年6月25日
错误号：2
错误描述：
错误的误差数据关键字：P+:C05L_01Ib:Wc2
错误日期：2017年6月25日
错误号：3
错误描述：
错误的误差次数关键字：3
错误日期：2017年6月25日
错误号：3
错误描述：
错误的误差次数关键字：3
错误日期：2017年6月25日
错误号：3
错误描述：
错误的误差次数关键字：3
错误日期：2017年6月25日
错误号：3
错误描述：
错误的误差次数关键字：3
错误日期：2017年6月25日
错误号：3
错误描述：
错误的误差次数关键字：3
错误日期：2017年6月25日
错误号：2
错误描述：
错误的误差数据关键字：P+:H10_002Ib:Wc3
错误日期：2017年6月25日
错误号：2
错误描述：
错误的误差数据关键字：P+:H10_001Ib:Wc3
错误日期：2017年6月25日
错误号：3
错误描述：
错误的误差次数关键字：3
错误日期：2017年6月25日
错误号：3
错误描述：
错误的误差次数关键字：3
错误日期：2017年6月25日
错误号：3
错误描述：
错误的误差次数关键字：3
错误日期：2017年6月25日
错误号：3
错误描述：
错误的误差次数关键字：3
错误日期：2017年6月25日
错误号：3
错误描述：
错误的误差次数关键字：3
错误日期：2017年6月25日
错误号：2
错误描述：
错误的误差数据关键字：P+:H05L_005Ib:Wc3
错误日期：2017年6月25日
错误号：2
错误描述：
错误的误差数据关键字：P+:H05L_002Ib:Wc3
错误日期：2017年6月25日
错误号：3
错误描述：
错误的误差次数关键字：3
错误日期：2017年6月25日
错误号：3
错误描述：
错误的误差次数关键字：3
错误日期：2017年6月25日
错误号：3
错误描述：
错误的误差次数关键字：3
错误日期：2017年6月25日
错误号：3
错误描述：
错误的误差次数关键字：3
错误日期：2017年6月25日
错误号：3
错误描述：
错误的误差次数关键字：3
错误日期：2017年6月25日
错误号：2
错误描述：
错误的误差数据关键字：P+:H08C_005Ib:Wc3
错误日期：2017年6月25日
错误号：2
错误描述：
错误的误差数据关键字：P+:H08C_002Ib:Wc3
错误日期：2017年6月25日
错误号：3
错误描述：
错误的误差次数关键字：3
错误日期：2017年6月25日
错误号：3
错误描述：
错误的误差次数关键字：3
错误日期：2017年6月25日
错误号：2
错误描述：
错误的误差数据关键字：P+:H025L_01Ib:Wc3
错误日期：2017年6月25日
错误号：2
错误描述：
错误的误差数据关键字：P+:H05C_Imax:Wc3
错误日期：2017年6月25日
错误号：2
错误描述：
错误的误差数据关键字：P+:H05C_02Ib:Wc3
错误日期：2017年6月25日
错误号：2
错误描述：
错误的误差数据关键字：P+:H05C_01Ib:Wc3
错误日期：2017年6月25日
错误号：3
错误描述：
错误的误差次数关键字：3
错误日期：2017年6月25日
错误号：3
错误描述：
错误的误差次数关键字：3
错误日期：2017年6月25日
错误号：3
错误描述：
错误的误差次数关键字：3
错误日期：2017年6月25日
错误号：2
错误描述：
错误的误差数据关键字：P+:A10_005Ib:Wc3
错误日期：2017年6月25日
错误号：3
错误描述：
错误的误差次数关键字：3
错误日期：2017年6月25日
错误号：3
错误描述：
错误的误差次数关键字：3
错误日期：2017年6月25日
错误号：3
错误描述：
错误的误差次数关键字：3
错误日期：2017年6月25日
错误号：2
错误描述：
错误的误差数据关键字：P+:A05L_01Ib:Wc3
错误日期：2017年6月25日
错误号：3
错误描述：
错误的误差次数关键字：3
错误日期：2017年6月25日
错误号：3
错误描述：
错误的误差次数关键字：3
错误日期：2017年6月25日
错误号：3
错误描述：
错误的误差次数关键字：3
错误日期：2017年6月25日
错误号：2
错误描述：
错误的误差数据关键字：P+:B10_005Ib:Wc3
错误日期：2017年6月25日
错误号：3
错误描述：
错误的误差次数关键字：3
错误日期：2017年6月25日
错误号：3
错误描述：
错误的误差次数关键字：3
错误日期：2017年6月25日
错误号：3
错误描述：
错误的误差次数关键字：3
错误日期：2017年6月25日
错误号：2
错误描述：
错误的误差数据关键字：P+:B05L_01Ib:Wc3
错误日期：2017年6月25日
错误号：3
错误描述：
错误的误差次数关键字：3
错误日期：2017年6月25日
错误号：3
错误描述：
错误的误差次数关键字：3
错误日期：2017年6月25日
错误号：3
错误描述：
错误的误差次数关键字：3
错误日期：2017年6月25日
错误号：2
错误描述：
错误的误差数据关键字：P+:C10_005Ib:Wc3
错误日期：2017年6月25日
错误号：3
错误描述：
错误的误差次数关键字：3
错误日期：2017年6月25日
错误号：3
错误描述：
错误的误差次数关键字：3
错误日期：2017年6月25日
错误号：3
错误描述：
错误的误差次数关键字：3
错误日期：2017年6月25日
错误号：3
错误描述：
错误的误差次数关键字：3
错误日期：2017年6月25日
错误号：3
错误描述：
错误的误差次数关键字：4
错误日期：2017年6月25日
错误号：3
错误描述：
错误的误差次数关键字：4
错误日期：2017年6月25日
错误号：3
错误描述：
错误的误差次数关键字：4
错误日期：2017年6月25日
错误号：3
错误描述：
错误的误差次数关键字：4
错误日期：2017年6月25日
错误号：3
错误描述：
错误的误差次数关键字：4
错误日期：2017年6月25日
错误号：2
错误描述：
错误的误差数据关键字：P+:H10_002Ib:Wc4         
错误日期：2017年6月25日
错误号：2
错误描述：
错误的误差数据关键字：P+:H10_001Ib:Wc4         
错误日期：2017年6月25日
错误号：3
错误描述：
错误的误差次数关键字：4
错误日期：2017年6月25日
错误号：3
错误描述：
错误的误差次数关键字：4
错误日期：2017年6月25日
错误号：3
错误描述：
错误的误差次数关键字：4
错误日期：2017年6月25日
错误号：2
错误描述：
错误的误差数据关键字：P+:H10_002Ib:Wc0
错误日期：2017年6月25日
错误号：3
错误描述：
错误的误差次数关键字：4
错误日期：2017年6月25日
错误号：3
错误描述：
错误的误差次数关键字：4
错误日期：2017年6月25日
错误号：3
错误描述：
错误的误差次数关键字：4
错误日期：2017年6月25日
错误号：3
错误描述：
错误的误差次数关键字：4
错误日期：2017年6月25日
错误号：2
错误描述：
错误的误差数据关键字：P+:H05L_005Ib:Wc4         
错误日期：2017年6月25日
错误号：3
错误描述：
错误的误差次数关键字：4
错误日期：2017年6月25日
错误号：2
错误描述：
错误的误差数据关键字：P+:H05L_002Ib:Wc4         
错误日期：2017年6月25日
错误号：3
错误描述：
错误的误差次数关键字：4
错误日期：2017年6月25日
错误号：3
错误描述：
错误的误差次数关键字：4
错误日期：2017年6月25日
错误号：2
错误描述：
错误的误差数据关键字：P+:H08C_005Ib:Wc4         
错误日期：2017年6月25日
错误号：2
错误描述：
错误的误差数据关键字：P+:H10_001Ib:Wc0
错误日期：2017年6月25日
错误号：2
错误描述：
错误的误差数据关键字：P+:H08C_002Ib:Wc4         
错误日期：2017年6月25日
错误号：3
错误描述：
错误的误差次数关键字：4
错误日期：2017年6月25日
错误号：3
错误描述：
错误的误差次数关键字：4
错误日期：2017年6月25日
错误号：2
错误描述：
错误的误差数据关键字：P+:H025L_01Ib:Wc4         
错误日期：2017年6月25日
错误号：2
错误描述：
错误的误差数据关键字：P+:H05C_Imax:Wc4         
错误日期：2017年6月25日
错误号：2
错误描述：
错误的误差数据关键字：P+:H05C_02Ib:Wc4         
错误日期：2017年6月25日
错误号：2
错误描述：
错误的误差数据关键字：P+:H05C_01Ib:Wc4         
错误日期：2017年6月25日
错误号：3
错误描述：
错误的误差次数关键字：4
错误日期：2017年6月25日
错误号：3
错误描述：
错误的误差次数关键字：4
错误日期：2017年6月25日
错误号：3
错误描述：
错误的误差次数关键字：4
错误日期：2017年6月25日
错误号：2
错误描述：
错误的误差数据关键字：P+:A10_005Ib:Wc4         
错误日期：2017年6月25日
错误号：3
错误描述：
错误的误差次数关键字：4
错误日期：2017年6月25日
错误号：3
错误描述：
错误的误差次数关键字：4
错误日期：2017年6月25日
错误号：3
错误描述：
错误的误差次数关键字：4
错误日期：2017年6月25日
错误号：2
错误描述：
错误的误差数据关键字：P+:A05L_01Ib:Wc4         
错误日期：2017年6月25日
错误号：3
错误描述：
错误的误差次数关键字：4
错误日期：2017年6月25日
错误号：3
错误描述：
错误的误差次数关键字：4
错误日期：2017年6月25日
错误号：3
错误描述：
错误的误差次数关键字：4
错误日期：2017年6月25日
错误号：2
错误描述：
错误的误差数据关键字：P+:B10_005Ib:Wc4         
错误日期：2017年6月25日
错误号：3
错误描述：
错误的误差次数关键字：4
错误日期：2017年6月25日
错误号：3
错误描述：
错误的误差次数关键字：4
错误日期：2017年6月25日
错误号：3
错误描述：
错误的误差次数关键字：4
错误日期：2017年6月25日
错误号：2
错误描述：
错误的误差数据关键字：P+:B05L_01Ib:Wc4         
错误日期：2017年6月25日
错误号：3
错误描述：
错误的误差次数关键字：4
错误日期：2017年6月25日
错误号：3
错误描述：
错误的误差次数关键字：4
错误日期：2017年6月25日
错误号：3
错误描述：
错误的误差次数关键字：4
错误日期：2017年6月25日
错误号：2
错误描述：
错误的误差数据关键字：P+:C10_005Ib:Wc4         
错误日期：2017年6月25日
错误号：3
错误描述：
错误的误差次数关键字：4
错误日期：2017年6月25日
错误号：3
错误描述：
错误的误差次数关键字：4
错误日期：2017年6月25日
错误号：3
错误描述：
错误的误差次数关键字：4
错误日期：2017年6月25日
错误号：2
错误描述：
错误的误差数据关键字：P+:C05L_01Ib:Wc4         
错误日期：2017年6月25日
错误号：2
错误描述：
错误的误差数据关键字：P+:H10_002Ib:WcPjz
错误日期：2017年6月25日
错误号：2
错误描述：
错误的误差数据关键字：P+:H10_001Ib:WcPjz
错误日期：2017年6月25日
错误号：2
错误描述：
错误的误差数据关键字：P+:H05L_005Ib:WcPjz
错误日期：2017年6月25日
错误号：2
错误描述：
错误的误差数据关键字：P+:H05L_002Ib:WcPjz
错误日期：2017年6月25日
错误号：2
错误描述：
错误的误差数据关键字：P+:H08C_005Ib:WcPjz
错误日期：2017年6月25日
错误号：2
错误描述：
错误的误差数据关键字：P+:H08C_002Ib:WcPjz
错误日期：2017年6月25日
错误号：2
错误描述：
错误的误差数据关键字：P+:H025L_01Ib:WcPjz
错误日期：2017年6月25日
错误号：2
错误描述：
错误的误差数据关键字：P+:H05C_Imax:WcPjz
错误日期：2017年6月25日
错误号：2
错误描述：
错误的误差数据关键字：P+:H05C_02Ib:WcPjz
错误日期：2017年6月25日
错误号：2
错误描述：
错误的误差数据关键字：P+:H05C_01Ib:WcPjz
错误日期：2017年6月25日
错误号：2
错误描述：
错误的误差数据关键字：P+:A10_005Ib:WcPjz
错误日期：2017年6月25日
错误号：2
错误描述：
错误的误差数据关键字：P+:A05L_01Ib:WcPjz
错误日期：2017年6月25日
错误号：2
错误描述：
错误的误差数据关键字：P+:B10_005Ib:WcPjz
错误日期：2017年6月25日
错误号：2
错误描述：
错误的误差数据关键字：P+:H10_002Ib:Wc0
错误日期：2017年6月25日
错误号：2
错误描述：
错误的误差数据关键字：P+:B05L_01Ib:WcPjz
错误日期：2017年6月25日
错误号：2
错误描述：
错误的误差数据关键字：P+:C10_005Ib:WcPjz
错误日期：2017年6月25日
错误号：2
错误描述：
错误的误差数据关键字：P+:C05L_01Ib:WcPjz
错误日期：2017年6月25日
错误号：2
错误描述：
错误的误差数据关键字：P+:H08C_005Ib:Wc0
错误日期：2017年6月25日
错误号：2
错误描述：
错误的误差数据关键字：P+:H08C_002Ib:Wc0
错误日期：2017年6月25日
错误号：2
错误描述：
错误的误差数据关键字：P+:H025L_01Ib:Wc0
错误日期：2017年6月25日
错误号：2
错误描述：
错误的误差数据关键字：P+:H05C_Imax:Wc0
错误日期：2017年6月25日
错误号：2
错误描述：
错误的误差数据关键字：P+:H05C_02Ib:Wc0
错误日期：2017年6月25日
错误号：2
错误描述：
错误的误差数据关键字：P+:H05C_01Ib:Wc0
错误日期：2017年6月25日
错误号：2
错误描述：
错误的误差数据关键字：P+:A10_005Ib:Wc0
错误日期：2017年6月25日
错误号：2
错误描述：
错误的误差数据关键字：P+:A05L_01Ib:Wc0
错误日期：2017年6月25日
错误号：2
错误描述：
错误的误差数据关键字：P+:B10_005Ib:Wc0
错误日期：2017年6月25日
错误号：2
错误描述：
错误的误差数据关键字：P+:B05L_01Ib:Wc0
错误日期：2017年6月25日
错误号：2
错误描述：
错误的误差数据关键字：P+:C10_005Ib:Wc0
错误日期：2017年6月25日
错误号：2
错误描述：
错误的误差数据关键字：P+:C05L_01Ib:Wc0
错误日期：2017年6月25日
错误号：2
错误描述：
错误的误差数据关键字：P+:H10_002Ib:Wc1
错误日期：2017年6月25日
错误号：2
错误描述：
错误的误差数据关键字：P+:H10_001Ib:Wc1
错误日期：2017年6月25日
错误号：2
错误描述：
错误的误差数据关键字：P+:H05L_005Ib:Wc1
错误日期：2017年6月25日
错误号：2
错误描述：
错误的误差数据关键字：P+:H05L_002Ib:Wc1
错误日期：2017年6月25日
错误号：2
错误描述：
错误的误差数据关键字：P+:H08C_005Ib:Wc1
错误日期：2017年6月25日
错误号：2
错误描述：
错误的误差数据关键字：P+:H08C_002Ib:Wc1
错误日期：2017年6月25日
错误号：2
错误描述：
错误的误差数据关键字：P+:H025L_01Ib:Wc1
错误日期：2017年6月25日
错误号：2
错误描述：
错误的误差数据关键字：P+:H05C_Imax:Wc1
错误日期：2017年6月25日
错误号：2
错误描述：
错误的误差数据关键字：P+:H05C_02Ib:Wc1
错误日期：2017年6月25日
错误号：2
错误描述：
错误的误差数据关键字：P+:H05C_01Ib:Wc1
错误日期：2017年6月25日
错误号：2
错误描述：
错误的误差数据关键字：P+:A10_005Ib:Wc1
