错误日期：2017年8月7日
错误号：2
错误描述：
错误的误差数据关键字：P+:C10_005Ib:WcHzz
错误日期：2017年8月7日
错误号：2
错误描述：
错误的误差数据关键字：P-:H025L_001Ib:WcHzz
错误日期：2017年8月7日
错误号：2
错误描述：
错误的误差数据关键字：P-:C10_005Ib:WcHzz
错误日期：2017年8月7日
错误号：2
错误描述：
错误的误差数据关键字：Q+:C05L_10Ib:WcHzz
错误日期：2017年8月7日
错误号：2
错误描述：
错误的误差数据关键字：Q-:H025L_002Ib:WcHzz
错误日期：2017年8月7日
错误号：2
错误描述：
错误的误差数据关键字：Q-:C10_10Ib:WcHzz
错误日期：2017年8月7日
错误号：2
错误描述：
错误的误差数据关键字：Q+:H025L_005Ib:WcHzz
错误日期：2017年8月7日
错误号：2
错误描述：
错误的误差数据关键字：P+:C05L_005Ib:WcHzz
错误日期：2017年8月7日
错误号：2
错误描述：
错误的误差数据关键字：P-:H05C_001Ib:WcHzz
错误日期：2017年8月7日
错误号：2
错误描述：
错误的误差数据关键字：P-:C05L_005Ib:WcHzz
错误日期：2017年8月7日
错误号：2
错误描述：
错误的误差数据关键字：Q+:C10_01Ib:WcHzz
错误日期：2017年8月7日
错误号：2
错误描述：
错误的误差数据关键字：Q-:H05C_Imax:WcHzz
错误日期：2017年8月7日
错误号：2
错误描述：
错误的误差数据关键字：Q-:C05L_10Ib:WcHzz
错误日期：2017年8月7日
错误号：2
错误描述：
错误的误差数据关键字：Q+:H10_002Ib:WcHzz
错误日期：2017年8月7日
错误号：2
错误描述：
错误的误差数据关键字：Q+:C05L_01Ib:WcHzz
错误日期：2017年8月7日
错误号：2
错误描述：
错误的误差数据关键字：Q-:H05C_10Ib:WcHzz
错误日期：2017年8月7日
错误号：2
错误描述：
错误的误差数据关键字：Q-:C10_01Ib:WcHzz
错误日期：2017年8月7日
错误号：2
错误描述：
错误的误差数据关键字：Q+:H05L_002Ib:WcHzz
错误日期：2017年8月7日
错误号：2
错误描述：
错误的误差数据关键字：Q+:C10_005Ib:WcHzz
错误日期：2017年8月7日
错误号：2
错误描述：
错误的误差数据关键字：Q-:H05C_01Ib:WcHzz
错误日期：2017年8月7日
错误号：2
错误描述：
错误的误差数据关键字：Q-:C05L_01Ib:WcHzz
错误日期：2017年8月7日
错误号：2
错误描述：
错误的误差数据关键字：Q+:H08C_002Ib:WcHzz
错误日期：2017年8月7日
错误号：2
错误描述：
错误的误差数据关键字：Q-:H05C_05Imax:WcHzz
错误日期：2017年8月7日
错误号：2
错误描述：
错误的误差数据关键字：Q+:C05L_005Ib:WcHzz
错误日期：2017年8月7日
错误号：2
错误描述：
错误的误差数据关键字：Q-:H05C_005Ib:WcHzz
错误日期：2017年8月7日
错误号：2
错误描述：
错误的误差数据关键字：Q-:C10_002Ib:WcHzz
错误日期：2017年8月7日
错误号：2
错误描述：
错误的误差数据关键字：Q+:H025L_002Ib:WcHzz
错误日期：2017年8月7日
错误号：2
错误描述：
错误的误差数据关键字：Q-:H05C_002Ib:WcHzz
错误日期：2017年8月7日
错误号：2
错误描述：
错误的误差数据关键字：Q-:C05L_002Ib:WcHzz
错误日期：2017年8月7日
错误号：2
错误描述：
错误的误差数据关键字：Q-:H05C_02Ib:WcHzz
错误日期：2017年8月7日
错误号：2
错误描述：
错误的误差数据关键字：Q-:A10_02Ib:WcHzz
错误日期：2017年8月7日
错误号：2
错误描述：
错误的误差数据关键字：Q-:A05L_02Ib:WcHzz
错误日期：2017年8月7日
错误号：2
错误描述：
错误的误差数据关键字：Q-:B10_02Ib:WcHzz
错误日期：2017年8月7日
错误号：2
错误描述：
错误的误差数据关键字：Q-:B05L_02Ib:WcHzz
错误日期：2017年8月7日
错误号：2
错误描述：
错误的误差数据关键字：Q-:C10_02Ib:WcHzz
错误日期：2017年8月7日
错误号：2
错误描述：
错误的误差数据关键字：Q-:C05L_02Ib:WcHzz
错误日期：2017年8月7日
错误号：2
错误描述：
错误的误差数据关键字：P-:H05C_05Imax:WcHzz
错误日期：2017年8月7日
错误号：2
错误描述：
错误的误差数据关键字：Q-:H08C_05Imax:WcHzz
错误日期：2017年8月7日
错误号：2
错误描述：
错误的误差数据关键字：P-:H05C_02Ib:WcHzz
错误日期：2017年8月7日
错误号：2
错误描述：
错误的误差数据关键字：Q-:H08C_02Ib:WcHzz
错误日期：2017年8月7日
错误号：2
错误描述：
错误的误差数据关键字：Q+:H10_05Imax:WcHzz
错误日期：2017年8月7日
错误号：2
错误描述：
错误的误差数据关键字：Q+:H05L_05Imax:WcHzz
错误日期：2017年8月7日
错误号：2
错误描述：
错误的误差数据关键字：Q+:H08C_05Imax:WcHzz
错误日期：2017年8月7日
错误号：2
错误描述：
错误的误差数据关键字：Q+:H025L_05Imax:WcHzz
错误日期：2017年8月7日
错误号：2
错误描述：
错误的误差数据关键字：/Q+:H05C_05Imax:WcHzz
错误日期：2017年8月7日
错误号：2
错误描述：
错误的误差数据关键字：Q+:H05C_05Imax:WcHzz
错误日期：2017年8月7日
错误号：2
错误描述：
错误的误差数据关键字：Q+:H10_02Ib:WcHzz
错误日期：2017年8月7日
错误号：2
错误描述：
错误的误差数据关键字：Q+:H05L_02Ib:WcHzz
错误日期：2017年8月7日
错误号：2
错误描述：
错误的误差数据关键字：Q+:H08C_02Ib:WcHzz
错误日期：2017年8月7日
错误号：2
错误描述：
错误的误差数据关键字：P-:A10_10Ib:Wc12
错误日期：2017年8月7日
错误号：2
错误描述：
错误的误差数据关键字：Q+:H025L_02Ib:WcHzz
错误日期：2017年8月7日
错误号：2
错误描述：
错误的误差数据关键字：P-:B10_10Ib:Wc12
错误日期：2017年8月7日
错误号：2
错误描述：
错误的误差数据关键字：Q+:H05C_02Ib:WcHzz
错误日期：2017年8月7日
错误号：2
错误描述：
错误的误差数据关键字：Q-:A10_10Ib:Wc12
错误日期：2017年8月7日
错误号：2
错误描述：
错误的误差数据关键字：Q-:B10_10Ib:Wc12
错误日期：2017年8月7日
错误号：2
错误描述：
错误的误差数据关键字：P-:C10_10Ib:Wc12
错误日期：2017年8月7日
错误号：2
错误描述：
错误的误差数据关键字：Q-:C10_10Ib:Wc12
错误日期：2017年8月7日
错误号：2
错误描述：
错误的误差数据关键字：P+:H10_02Ib:WcHzz
错误日期：2017年8月7日
错误号：2
错误描述：
错误的误差数据关键字：P+:H025L_05Imax:WcHzz
错误日期：2017年8月7日
错误号：2
错误描述：
错误的误差数据关键字：P+:H025L_02Ib:WcHzz
错误日期：2017年8月7日
错误号：2
错误描述：
错误的误差数据关键字：P+:H025C_05Imax:WcHzz
错误日期：2017年8月7日
错误号：2
错误描述：
错误的误差数据关键字：P+:H025C_02Ib:WcHzz
错误日期：2017年8月7日
错误号：2
错误描述：
错误的误差数据关键字：P+:A10_02Ib:WcHzz
错误日期：2017年8月7日
错误号：2
错误描述：
错误的误差数据关键字：P+:B10_02Ib:WcHzz
